[
   
    
    
    {
        "id": "5f5af108-eff9-4133-8c63-33a6033b35b1",
        "timestamp": "2026-02-01T14:10:15.572821",
        "agent": "Judge_Agent",
        "model": "gemini-flash-latest",
        "action": "CODE_GEN",
        "details": {
            "iteration": 1,
            "tests_passed": true,
            "syntax_valid": true,
            "passed_count": 0,
            "failed_count": 0,
            "has_tests": false,
            "used_generated_tests": true,
            "documentation_created": true,
            "documentation_file": "C:\\Users\\SMART-TECH 0424\\Desktop\\Refactoring-Swarm\\refactoring-swarm-template\\sandbox\\buggy_code_documentation.md",
            "success_summary": "N/A",
            "input_prompt": "Running pytest (iteration 1)",
            "output_response": "SUCCESS: 0 passed, 0 failed"
        },
        "status": "SUCCESS"
    },
    {
        "id": "bfd473dc-d5cf-4fac-9731-e9d2cb6c6954",
        "timestamp": "2026-02-01T14:10:15.656825",
        "agent": "System",
        "model": "N/A",
        "action": "CODE_GEN",
        "details": {
            "event": "FILE_FIXED_SUCCESS",
            "file": "sandbox\\buggy_code.py",
            "output_file": "C:\\Users\\SMART-TECH 0424\\Desktop\\Refactoring-Swarm\\refactoring-swarm-template\\sandbox\\buggy_code_fixed.py",
            "iterations": 1,
            "write_result": "SUCCESS: Fixed code saved as 'buggy_code_fixed.py'.",
            "input_prompt": "Processing file: sandbox\\buggy_code.py",
            "output_response": "Fixed in 1 iterations"
        },
        "status": "SUCCESS"
    },
    {
        "id": "cf49908d-f453-4bd7-b182-6b19e2792cda",
        "timestamp": "2026-02-01T14:10:15.716827",
        "agent": "System",
        "model": "N/A",
        "action": "CODE_GEN",
        "details": {
            "event": "COMPLETION",
            "total_files": 1,
            "fixed_count": 1,
            "failed_count": 0,
            "failed_files": [],
            "output_directory": "C:\\Users\\SMART-TECH 0424\\Desktop\\Refactoring-Swarm\\refactoring-swarm-template\\sandbox",
            "success_rate": "100.0%",
            "input_prompt": "Processing 1 files",
            "output_response": "Fixed 1/1 files"
        },
        "status": "SUCCESS"
    },
    {
        "id": "289b8b45-3057-4d0c-98d9-acdb552a747b",
        "timestamp": "2026-02-01T14:17:39.595314",
        "agent": "System",
        "model": "N/A",
        "action": "CODE_ANALYSIS",
        "details": {
            "event": "STARTUP",
            "target_directory": "sandbox",
            "output_directory": "C:\\Users\\SMART-TECH 0424\\Desktop\\Refactoring-Swarm\\refactoring-swarm-template\\sandbox",
            "max_iterations": 7,
            "input_prompt": "Starting refactoring workflow on directory: sandbox",
            "output_response": "System initialized successfully"
        },
        "status": "SUCCESS"
    },
    {
        "id": "534e8677-d5e3-4b81-a4c3-823c999dca99",
        "timestamp": "2026-02-01T14:18:17.857119",
        "agent": "Auditor_Agent",
        "model": "gemini-flash-latest",
        "action": "CODE_ANALYSIS",
        "details": {
            "file_analyzed": "sandbox\\code.py",
            "input_prompt": "You are an expert CODE AUDITOR responsible for analyzing Python code and creating a comprehensive refactoring plan.\n\nAVAILABLE TOOLS:\nYou have access to these Python functions (already implemented):\n- read_file(filename): Reads a file from the sandbox directory and returns its content as a string\n- run_pylint(filename): Runs pylint static analysis and returns a parsed report of errors and warnings\n- validate_syntax(code): Checks if Python code has valid syntax, returns (is_valid, error_message)\n...",
            "output_response": "This audit reveals several critical syntax errors, runtime vulnerabilities, and logic flaws that must be addressed immediately to ensure the code runs correctly and produces accurate results.\n\n## CRITICAL ISSUES (Must fix immediately - Will crash)\n\n- Issue 1: Syntax Error - Missing colon in `StudentRecord.add_grade`.\n  Location: Line 20\n  Impact: Code will not compile/run due to a `SyntaxError`.\n  Current behavior: `SyntaxError: expected ':'`\n  Expected behavior: The score validation conditional...",
            "code_length": 11286,
            "pylint_used": true,
            "pattern_issues_found": 27,
            "iteration": 0
        },
        "status": "SUCCESS"
    },
    {
        "id": "11461a65-bbe0-4444-a0b7-6cbe61d386e3",
        "timestamp": "2026-02-01T14:18:57.681335",
        "agent": "Fixer_Agent",
        "model": "gemini-flash-latest",
        "action": "FIX",
        "details": {
            "file_name": "sandbox\\code.py",
            "input_prompt": "You are an expert CODE FIXER responsible for implementing corrections based on the refactoring plan.\n\nAVAILABLE TOOLS:\nYou will use these Python functions (already implemented):\n- write_file(filename, content): Saves the fixed code to filename_fixed.py in the sandbox\n  * Automatically validates syntax before saving\n  * Performs security checks (no dangerous operations)\n  * Returns \"SUCCESS: Fixed code saved as 'filename_fixed.py'\" if successful\n  * Returns error message if syntax is invalid or c...",
            "output_response": "import os\nimport json\nimport re\nfrom datetime import datetime, timedelta\n\n\nclass StudentRecord:\n    def __init__(self, name, age, grades=None):\n        self.name = name\n        self.age = age\n        self.grades = grades if grades is not None else []\n        self.enrolled = True\n\n    def add_grade(self, subject, score):\n        if score < 0 or score > 100:\n            raise ValueError(\"Score must be between 0 and 100\")\n        self.grades.append({\"subject\": subject, \"score\": score})\n\n    def get...",
            "iteration": 0,
            "original_code_length": 11286,
            "fixed_code_length": 12140,
            "validation_passed": true,
            "validation_error": null
        },
        "status": "SUCCESS"
    },
    {
        "id": "1910e2be-8f26-4de1-a1d9-6eb8b9f58e80",
        "timestamp": "2026-02-01T14:19:31.189272",
        "agent": "Judge_Agent",
        "model": "gemini-flash-latest",
        "action": "CODE_GEN",
        "details": {
            "file_name": "sandbox\\code.py",
            "code_lines": 386,
            "code_chars": 12140,
            "timeout_used": 180,
            "generation_time": "33.4s",
            "input_prompt": "Generate pytest tests for this Python code.\n\nCODE:\n```python\nimport os\nimport json\nimport re\nfrom datetime import datetime, timedelta\n\n\nclass StudentRecord:\n    def __init__(self, name, age, grades=None):\n        self.name = name\n        self.age = age\n        self.grades = grades if grades is not None else []\n        self.enrolled = True\n\n    def add_grade(self, subject, score):\n        if score < 0 or score > 100:\n            raise ValueError(\"Score must be between 0 and 100\")\n        self.gra...",
            "output_response": "import pytest\nimport os\nimport json\nfrom datetime import datetime\nfrom unittest.mock import patch, mock_open, MagicMock\n\n# Assuming the provided code is saved in a file named 'student_management_system.py'\n# Since I am generating the tests in the same environment, I will assume the classes/functions are available directly.\n\n# If the code was in a separate file, we would use:\n# from student_management_system import (\n#     StudentRecord, Classroom, parse_student_data, calculate_letter_grade,\n#   ...",
            "purpose": "unit_test_generation"
        },
        "status": "SUCCESS"
    },
    {
        "id": "dde5eb90-800c-43f3-80bd-9783af42ad12",
        "timestamp": "2026-02-01T14:19:48.663486",
        "agent": "Judge_Agent",
        "model": "gemini-flash-latest",
        "action": "CODE_GEN",
        "details": {
            "file_name": "sandbox\\code.py",
            "documentation_chars": 12182,
            "input_prompt": "Generate comprehensive markdown documentation for this Python code.\n\nCODE:\n```python\nimport os\nimport json\nimport re\nfrom datetime import datetime, timedelta\n\n\nclass StudentRecord:\n    def __init__(self, name, age, grades=None):\n        self.name = name\n        self.age = age\n        self.grades = grades if grades is not None else []\n        self.enrolled = True\n\n    def add_grade(self, subject, score):\n        if score < 0 or score > 100:\n            raise ValueError(\"Score must be between 0 an...",
            "output_response": "# Code - Documentation\n\n**Status**: Production Ready - All Tests Passed  \n**File**: `code.py`\n\n---\n\n## Overview\nThis Python module provides a comprehensive system for managing student records and classroom data. It includes classes for representing individual students (`StudentRecord`) and organizational units (`Classroom`), along with utility functions for data processing, performance analysis (averages, grading), reporting, scheduling conflict detection, and data persistence via JSON serializa...",
            "purpose": "documentation_generation"
        },
        "status": "SUCCESS"
    },
    {
        "id": "37a694ff-7a85-49e1-961f-c637225fa85d",
        "timestamp": "2026-02-01T14:19:48.787962",
        "agent": "Judge_Agent",
        "model": "gemini-flash-latest",
        "action": "CODE_GEN",
        "details": {
            "iteration": 1,
            "tests_passed": true,
            "syntax_valid": true,
            "passed_count": 0,
            "failed_count": 0,
            "has_tests": false,
            "used_generated_tests": true,
            "documentation_created": true,
            "documentation_file": "C:\\Users\\SMART-TECH 0424\\Desktop\\Refactoring-Swarm\\refactoring-swarm-template\\sandbox\\code_documentation.md",
            "success_summary": "N/A",
            "input_prompt": "Running pytest (iteration 1)",
            "output_response": "SUCCESS: 0 passed, 0 failed"
        },
        "status": "SUCCESS"
    },
    {
        "id": "c125ec5f-6896-4b09-88e0-92a5e3e42920",
        "timestamp": "2026-02-01T14:19:48.944354",
        "agent": "System",
        "model": "N/A",
        "action": "CODE_GEN",
        "details": {
            "event": "FILE_SAVE_ERROR",
            "file": "sandbox\\code.py",
            "error": "SECURITY ERROR: Forbidden import: 'os'",
            "input_prompt": "Saving fixed code: sandbox\\code.py",
            "output_response": "SECURITY ERROR: Forbidden import: 'os'"
        },
        "status": "FAILURE"
    },
    {
        "id": "072e52da-1954-49f6-95f4-23b03f8cc147",
        "timestamp": "2026-02-01T14:19:49.076058",
        "agent": "System",
        "model": "N/A",
        "action": "CODE_GEN",
        "details": {
            "event": "COMPLETION",
            "total_files": 1,
            "fixed_count": 0,
            "failed_count": 1,
            "failed_files": [
                "sandbox\\code.py"
            ],
            "output_directory": "C:\\Users\\SMART-TECH 0424\\Desktop\\Refactoring-Swarm\\refactoring-swarm-template\\sandbox",
            "success_rate": "0.0%",
            "input_prompt": "Processing 1 files",
            "output_response": "Fixed 0/1 files"
        },
        "status": "SUCCESS"
    },
    {
        "id": "cfcf6e4f-8b6f-4d11-81ba-7717f6161787",
        "timestamp": "2026-02-01T14:20:34.508247",
        "agent": "System",
        "model": "N/A",
        "action": "CODE_ANALYSIS",
        "details": {
            "event": "STARTUP",
            "target_directory": "sandbox",
            "output_directory": "C:\\Users\\SMART-TECH 0424\\Desktop\\Refactoring-Swarm\\refactoring-swarm-template\\sandbox",
            "max_iterations": 7,
            "input_prompt": "Starting refactoring workflow on directory: sandbox",
            "output_response": "System initialized successfully"
        },
        "status": "SUCCESS"
    },
    {
        "id": "48503e66-e557-4cd8-b525-8a9b7fef305a",
        "timestamp": "2026-02-01T14:21:03.821326",
        "agent": "Auditor_Agent",
        "model": "gemini-flash-latest",
        "action": "CODE_ANALYSIS",
        "details": {
            "file_analyzed": "sandbox\\code.py",
            "input_prompt": "You are an expert CODE AUDITOR responsible for analyzing Python code and creating a comprehensive refactoring plan.\n\nAVAILABLE TOOLS:\nYou have access to these Python functions (already implemented):\n- read_file(filename): Reads a file from the sandbox directory and returns its content as a string\n- run_pylint(filename): Runs pylint static analysis and returns a parsed report of errors and warnings\n- validate_syntax(code): Checks if Python code has valid syntax, returns (is_valid, error_message)\n...",
            "output_response": "This audit identifies several critical syntax errors that prevent the code from running, runtime errors related to handling empty collections, and high-priority logic errors that cause incorrect results.\n\n## CRITICAL ISSUES (Must fix immediately - Will crash)\n\n- Issue 1: Syntax Error - Missing colon in `StudentRecord.add_grade`.\n  Location: Line 20\n  Impact: Program will not compile or run due to `SyntaxError`.\n  Current behavior: `if score < 0 or score > 100` is invalid Python syntax.\n  Expecte...",
            "code_length": 11286,
            "pylint_used": true,
            "pattern_issues_found": 27,
            "iteration": 0
        },
        "status": "SUCCESS"
    },
    {
        "id": "306fecae-7ac1-4dd7-8a49-f28c215b6ea2",
        "timestamp": "2026-02-01T14:21:06.675213",
        "agent": "Fixer_Agent",
        "model": "gemini-flash-latest",
        "action": "FIX",
        "details": {
            "file_name": "sandbox\\code.py",
            "input_prompt": "You are an expert CODE FIXER responsible for implementing corrections based on the refactoring plan.\n\nAVAILABLE TOOLS:\nYou will use these Python functions (already implemented):\n- write_file(filename, content): Saves the fixed code to filename_fixed.py in the sandbox\n  * Automatically validates syntax before saving\n  * Performs security checks (no dangerous operations)\n  * Returns \"SUCCESS: Fixed code saved as 'filename_fixed.py'\" if successful\n  * Returns error message if syntax is invalid or c...",
            "output_response": "ERROR: 429 You exceeded your current quota, please check your plan and billing details. For more information on this error, head to: https://ai.google.dev/gemini-api/docs/rate-limits. To monitor your current usage, head to: https://ai.dev/rate-limit. \n* Quota exceeded for metric: generativelanguage.googleapis.com/generate_content_free_tier_requests, limit: 20, model: gemini-2.5-flash\nPlease retry in 52.293207564s. [links {\n  description: \"Learn more about Gemini API quotas\"\n  url: \"https://ai.google.dev/gemini-api/docs/rate-limits\"\n}\n, violations {\n  quota_metric: \"generativelanguage.googleapis.com/generate_content_free_tier_requests\"\n  quota_id: \"GenerateRequestsPerDayPerProjectPerModel-FreeTier\"\n  quota_dimensions {\n    key: \"model\"\n    value: \"gemini-2.5-flash\"\n  }\n  quota_dimensions {\n    key: \"location\"\n    value: \"global\"\n  }\n  quota_value: 20\n}\n, retry_delay {\n  seconds: 52\n}\n]",
            "error_message": "429 You exceeded your current quota, please check your plan and billing details. For more information on this error, head to: https://ai.google.dev/gemini-api/docs/rate-limits. To monitor your current usage, head to: https://ai.dev/rate-limit. \n* Quota exceeded for metric: generativelanguage.googleapis.com/generate_content_free_tier_requests, limit: 20, model: gemini-2.5-flash\nPlease retry in 52.293207564s. [links {\n  description: \"Learn more about Gemini API quotas\"\n  url: \"https://ai.google.dev/gemini-api/docs/rate-limits\"\n}\n, violations {\n  quota_metric: \"generativelanguage.googleapis.com/generate_content_free_tier_requests\"\n  quota_id: \"GenerateRequestsPerDayPerProjectPerModel-FreeTier\"\n  quota_dimensions {\n    key: \"model\"\n    value: \"gemini-2.5-flash\"\n  }\n  quota_dimensions {\n    key: \"location\"\n    value: \"global\"\n  }\n  quota_value: 20\n}\n, retry_delay {\n  seconds: 52\n}\n]",
            "iteration": 0
        },
        "status": "FAILURE"
    },
    {
        "id": "bd2a2104-1cd9-4313-b383-47a5382939fd",
        "timestamp": "2026-02-01T14:21:06.776488",
        "agent": "Judge_Agent",
        "model": "validation",
        "action": "CODE_GEN",
        "details": {
            "iteration": 1,
            "syntax_valid": false,
            "syntax_error": "expected ':' (<string>, line 15)",
            "input_prompt": "Validating syntax (iteration 1)",
            "output_response": "SYNTAX ERROR: expected ':' (<string>, line 15)"
        },
        "status": "FAILURE"
    },
    {
        "id": "40d464fb-16a7-4821-b573-00c1a62a8eb7",
        "timestamp": "2026-02-01T14:21:09.643253",
        "agent": "Auditor_Agent",
        "model": "gemini-flash-latest",
        "action": "CODE_ANALYSIS",
        "details": {
            "input_prompt": "You are an expert CODE AUDITOR responsible for analyzing Python code and creating a comprehensive refactoring plan.\n\nAVAILABLE TOOLS:\nYou have access to these Python functions (already implemented):\n- read_file(filename): Reads a file from the sandbox directory and returns its content as a string\n- run_pylint(filename): Runs pylint static analysis and returns a parsed report of errors and warnings\n- validate_syntax(code): Checks if Python code has valid syntax, returns (is_valid, error_message)\n...",
            "output_response": "ERROR: 429 You exceeded your current quota, please check your plan and billing details. For more information on this error, head to: https://ai.google.dev/gemini-api/docs/rate-limits. To monitor your current usage, head to: https://ai.dev/rate-limit. \n* Quota exceeded for metric: generativelanguage.googleapis.com/generate_content_free_tier_requests, limit: 20, model: gemini-2.5-flash\nPlease retry in 49.329274018s. [links {\n  description: \"Learn more about Gemini API quotas\"\n  url: \"https://ai.google.dev/gemini-api/docs/rate-limits\"\n}\n, violations {\n  quota_metric: \"generativelanguage.googleapis.com/generate_content_free_tier_requests\"\n  quota_id: \"GenerateRequestsPerDayPerProjectPerModel-FreeTier\"\n  quota_dimensions {\n    key: \"model\"\n    value: \"gemini-2.5-flash\"\n  }\n  quota_dimensions {\n    key: \"location\"\n    value: \"global\"\n  }\n  quota_value: 20\n}\n, retry_delay {\n  seconds: 49\n}\n]",
            "error_message": "429 You exceeded your current quota, please check your plan and billing details. For more information on this error, head to: https://ai.google.dev/gemini-api/docs/rate-limits. To monitor your current usage, head to: https://ai.dev/rate-limit. \n* Quota exceeded for metric: generativelanguage.googleapis.com/generate_content_free_tier_requests, limit: 20, model: gemini-2.5-flash\nPlease retry in 49.329274018s. [links {\n  description: \"Learn more about Gemini API quotas\"\n  url: \"https://ai.google.dev/gemini-api/docs/rate-limits\"\n}\n, violations {\n  quota_metric: \"generativelanguage.googleapis.com/generate_content_free_tier_requests\"\n  quota_id: \"GenerateRequestsPerDayPerProjectPerModel-FreeTier\"\n  quota_dimensions {\n    key: \"model\"\n    value: \"gemini-2.5-flash\"\n  }\n  quota_dimensions {\n    key: \"location\"\n    value: \"global\"\n  }\n  quota_value: 20\n}\n, retry_delay {\n  seconds: 49\n}\n]",
            "iteration": 1
        },
        "status": "FAILURE"
    },
    {
        "id": "8c13615a-357f-4588-a739-285459639f08",
        "timestamp": "2026-02-01T14:21:28.871977",
        "agent": "Fixer_Agent",
        "model": "gemini-flash-latest",
        "action": "FIX",
        "details": {
            "file_name": "sandbox\\code.py",
            "input_prompt": "⚠️ ITERATION 2 - TESTS ARE FAILING!\n\nThe Judge executed tests and they FAILED. You must fix the EXACT issues reported.\n\nSPECIFIC TEST FAILURES FROM JUDGE:\n============================================================\nSyntax error at line 15: expected ':'\nProblematic line:         if score < 0 or score > 100\n============================================================\n\nRead the failure messages CAREFULLY:\n- What the test EXPECTED (correct behavior)\n- What your code ACTUALLY returned (the bug)\n- Th...",
            "output_response": "import os\nimport json\nimport re\nfrom datetime import datetime, timedelta\n\n\nclass StudentRecord:\n    def __init__(self, name, age, grades=None):\n        self.name = name\n        self.age = age\n        self.grades = grades if grades != None else []\n        self.enrolled = True\n\n    def add_grade(self, subject, score):\n        if score < 0 or score > 100:\n            raise ValueError(\"Score must be between 0 and 100\")\n        self.grades.append({\"subject\": subject, \"score\": score})\n\n    def get_ave...",
            "iteration": 1,
            "original_code_length": 11286,
            "fixed_code_length": 12265,
            "validation_passed": false,
            "validation_error": "Line 374: invalid syntax"
        },
        "status": "PARTIAL"
    },
    {
        "id": "25fd3181-091b-4a6b-bfda-99f8578c9796",
        "timestamp": "2026-02-01T14:21:28.976658",
        "agent": "Judge_Agent",
        "model": "validation",
        "action": "CODE_GEN",
        "details": {
            "iteration": 2,
            "syntax_valid": false,
            "syntax_error": "invalid syntax (<string>, line 374)",
            "input_prompt": "Validating syntax (iteration 2)",
            "output_response": "SYNTAX ERROR: invalid syntax (<string>, line 374)"
        },
        "status": "FAILURE"
    },
    {
        "id": "49491baa-9b22-40af-829f-74d361ef9004",
        "timestamp": "2026-02-01T14:21:31.773509",
        "agent": "Auditor_Agent",
        "model": "gemini-flash-latest",
        "action": "CODE_ANALYSIS",
        "details": {
            "input_prompt": "You are an expert CODE AUDITOR responsible for analyzing Python code and creating a comprehensive refactoring plan.\n\nAVAILABLE TOOLS:\nYou have access to these Python functions (already implemented):\n- read_file(filename): Reads a file from the sandbox directory and returns its content as a string\n- run_pylint(filename): Runs pylint static analysis and returns a parsed report of errors and warnings\n- validate_syntax(code): Checks if Python code has valid syntax, returns (is_valid, error_message)\n...",
            "output_response": "ERROR: 429 You exceeded your current quota, please check your plan and billing details. For more information on this error, head to: https://ai.google.dev/gemini-api/docs/rate-limits. To monitor your current usage, head to: https://ai.dev/rate-limit. \n* Quota exceeded for metric: generativelanguage.googleapis.com/generate_content_free_tier_requests, limit: 20, model: gemini-2.5-flash\nPlease retry in 27.165501905s. [links {\n  description: \"Learn more about Gemini API quotas\"\n  url: \"https://ai.google.dev/gemini-api/docs/rate-limits\"\n}\n, violations {\n  quota_metric: \"generativelanguage.googleapis.com/generate_content_free_tier_requests\"\n  quota_id: \"GenerateRequestsPerDayPerProjectPerModel-FreeTier\"\n  quota_dimensions {\n    key: \"model\"\n    value: \"gemini-2.5-flash\"\n  }\n  quota_dimensions {\n    key: \"location\"\n    value: \"global\"\n  }\n  quota_value: 20\n}\n, retry_delay {\n  seconds: 27\n}\n]",
            "error_message": "429 You exceeded your current quota, please check your plan and billing details. For more information on this error, head to: https://ai.google.dev/gemini-api/docs/rate-limits. To monitor your current usage, head to: https://ai.dev/rate-limit. \n* Quota exceeded for metric: generativelanguage.googleapis.com/generate_content_free_tier_requests, limit: 20, model: gemini-2.5-flash\nPlease retry in 27.165501905s. [links {\n  description: \"Learn more about Gemini API quotas\"\n  url: \"https://ai.google.dev/gemini-api/docs/rate-limits\"\n}\n, violations {\n  quota_metric: \"generativelanguage.googleapis.com/generate_content_free_tier_requests\"\n  quota_id: \"GenerateRequestsPerDayPerProjectPerModel-FreeTier\"\n  quota_dimensions {\n    key: \"model\"\n    value: \"gemini-2.5-flash\"\n  }\n  quota_dimensions {\n    key: \"location\"\n    value: \"global\"\n  }\n  quota_value: 20\n}\n, retry_delay {\n  seconds: 27\n}\n]",
            "iteration": 2
        },
        "status": "FAILURE"
    },
    {
        "id": "244bfcb2-f9e5-4986-8add-a8c95d7c6dd5",
        "timestamp": "2026-02-01T14:21:34.754848",
        "agent": "Fixer_Agent",
        "model": "gemini-flash-latest",
        "action": "FIX",
        "details": {
            "file_name": "sandbox\\code.py",
            "input_prompt": "⚠️ ITERATION 3 - TESTS ARE FAILING!\n\nThe Judge executed tests and they FAILED. You must fix the EXACT issues reported.\n\nSPECIFIC TEST FAILURES FROM JUDGE:\n============================================================\nSyntax error at line 374: invalid syntax\nProblematic line:     print(f\"Merged: {merged.name} with {len(merged.students)} students\") <ctrl63>\n============================================================\n\nRead the failure messages CAREFULLY:\n- What the test EXPECTED (correct behavior)\n...",
            "output_response": "ERROR: 429 You exceeded your current quota, please check your plan and billing details. For more information on this error, head to: https://ai.google.dev/gemini-api/docs/rate-limits. To monitor your current usage, head to: https://ai.dev/rate-limit. \n* Quota exceeded for metric: generativelanguage.googleapis.com/generate_content_free_tier_requests, limit: 20, model: gemini-2.5-flash\nPlease retry in 24.233123807s. [links {\n  description: \"Learn more about Gemini API quotas\"\n  url: \"https://ai.google.dev/gemini-api/docs/rate-limits\"\n}\n, violations {\n  quota_metric: \"generativelanguage.googleapis.com/generate_content_free_tier_requests\"\n  quota_id: \"GenerateRequestsPerDayPerProjectPerModel-FreeTier\"\n  quota_dimensions {\n    key: \"model\"\n    value: \"gemini-2.5-flash\"\n  }\n  quota_dimensions {\n    key: \"location\"\n    value: \"global\"\n  }\n  quota_value: 20\n}\n, retry_delay {\n  seconds: 24\n}\n]",
            "error_message": "429 You exceeded your current quota, please check your plan and billing details. For more information on this error, head to: https://ai.google.dev/gemini-api/docs/rate-limits. To monitor your current usage, head to: https://ai.dev/rate-limit. \n* Quota exceeded for metric: generativelanguage.googleapis.com/generate_content_free_tier_requests, limit: 20, model: gemini-2.5-flash\nPlease retry in 24.233123807s. [links {\n  description: \"Learn more about Gemini API quotas\"\n  url: \"https://ai.google.dev/gemini-api/docs/rate-limits\"\n}\n, violations {\n  quota_metric: \"generativelanguage.googleapis.com/generate_content_free_tier_requests\"\n  quota_id: \"GenerateRequestsPerDayPerProjectPerModel-FreeTier\"\n  quota_dimensions {\n    key: \"model\"\n    value: \"gemini-2.5-flash\"\n  }\n  quota_dimensions {\n    key: \"location\"\n    value: \"global\"\n  }\n  quota_value: 20\n}\n, retry_delay {\n  seconds: 24\n}\n]",
            "iteration": 2
        },
        "status": "FAILURE"
    },
    {
        "id": "0491f078-501b-428c-a632-5c464b4244d1",
        "timestamp": "2026-02-01T14:21:34.865441",
        "agent": "Judge_Agent",
        "model": "validation",
        "action": "CODE_GEN",
        "details": {
            "iteration": 3,
            "syntax_valid": false,
            "syntax_error": "invalid syntax (<string>, line 374)",
            "input_prompt": "Validating syntax (iteration 3)",
            "output_response": "SYNTAX ERROR: invalid syntax (<string>, line 374)"
        },
        "status": "FAILURE"
    },
    {
        "id": "4ba588e0-fd3c-42b7-b5fc-ea94cab8c405",
        "timestamp": "2026-02-01T14:21:38.227479",
        "agent": "Auditor_Agent",
        "model": "gemini-flash-latest",
        "action": "CODE_ANALYSIS",
        "details": {
            "input_prompt": "You are an expert CODE AUDITOR responsible for analyzing Python code and creating a comprehensive refactoring plan.\n\nAVAILABLE TOOLS:\nYou have access to these Python functions (already implemented):\n- read_file(filename): Reads a file from the sandbox directory and returns its content as a string\n- run_pylint(filename): Runs pylint static analysis and returns a parsed report of errors and warnings\n- validate_syntax(code): Checks if Python code has valid syntax, returns (is_valid, error_message)\n...",
            "output_response": "ERROR: 429 You exceeded your current quota, please check your plan and billing details. For more information on this error, head to: https://ai.google.dev/gemini-api/docs/rate-limits. To monitor your current usage, head to: https://ai.dev/rate-limit. \n* Quota exceeded for metric: generativelanguage.googleapis.com/generate_content_free_tier_requests, limit: 20, model: gemini-2.5-flash\nPlease retry in 20.720222651s. [links {\n  description: \"Learn more about Gemini API quotas\"\n  url: \"https://ai.google.dev/gemini-api/docs/rate-limits\"\n}\n, violations {\n  quota_metric: \"generativelanguage.googleapis.com/generate_content_free_tier_requests\"\n  quota_id: \"GenerateRequestsPerDayPerProjectPerModel-FreeTier\"\n  quota_dimensions {\n    key: \"model\"\n    value: \"gemini-2.5-flash\"\n  }\n  quota_dimensions {\n    key: \"location\"\n    value: \"global\"\n  }\n  quota_value: 20\n}\n, retry_delay {\n  seconds: 20\n}\n]",
            "error_message": "429 You exceeded your current quota, please check your plan and billing details. For more information on this error, head to: https://ai.google.dev/gemini-api/docs/rate-limits. To monitor your current usage, head to: https://ai.dev/rate-limit. \n* Quota exceeded for metric: generativelanguage.googleapis.com/generate_content_free_tier_requests, limit: 20, model: gemini-2.5-flash\nPlease retry in 20.720222651s. [links {\n  description: \"Learn more about Gemini API quotas\"\n  url: \"https://ai.google.dev/gemini-api/docs/rate-limits\"\n}\n, violations {\n  quota_metric: \"generativelanguage.googleapis.com/generate_content_free_tier_requests\"\n  quota_id: \"GenerateRequestsPerDayPerProjectPerModel-FreeTier\"\n  quota_dimensions {\n    key: \"model\"\n    value: \"gemini-2.5-flash\"\n  }\n  quota_dimensions {\n    key: \"location\"\n    value: \"global\"\n  }\n  quota_value: 20\n}\n, retry_delay {\n  seconds: 20\n}\n]",
            "iteration": 3
        },
        "status": "FAILURE"
    },
    {
        "id": "c42bfe6a-308f-4eca-90ea-c2de4e49d4e1",
        "timestamp": "2026-02-01T14:21:41.723358",
        "agent": "Fixer_Agent",
        "model": "gemini-flash-latest",
        "action": "FIX",
        "details": {
            "file_name": "sandbox\\code.py",
            "input_prompt": "⚠️ ITERATION 4 - TESTS ARE FAILING!\n\nThe Judge executed tests and they FAILED. You must fix the EXACT issues reported.\n\nSPECIFIC TEST FAILURES FROM JUDGE:\n============================================================\nSyntax error at line 374: invalid syntax\nProblematic line:     print(f\"Merged: {merged.name} with {len(merged.students)} students\") <ctrl63>\n============================================================\n\nRead the failure messages CAREFULLY:\n- What the test EXPECTED (correct behavior)\n...",
            "output_response": "ERROR: 429 You exceeded your current quota, please check your plan and billing details. For more information on this error, head to: https://ai.google.dev/gemini-api/docs/rate-limits. To monitor your current usage, head to: https://ai.dev/rate-limit. \n* Quota exceeded for metric: generativelanguage.googleapis.com/generate_content_free_tier_requests, limit: 20, model: gemini-2.5-flash\nPlease retry in 17.335736395s. [links {\n  description: \"Learn more about Gemini API quotas\"\n  url: \"https://ai.google.dev/gemini-api/docs/rate-limits\"\n}\n, violations {\n  quota_metric: \"generativelanguage.googleapis.com/generate_content_free_tier_requests\"\n  quota_id: \"GenerateRequestsPerDayPerProjectPerModel-FreeTier\"\n  quota_dimensions {\n    key: \"model\"\n    value: \"gemini-2.5-flash\"\n  }\n  quota_dimensions {\n    key: \"location\"\n    value: \"global\"\n  }\n  quota_value: 20\n}\n, retry_delay {\n  seconds: 17\n}\n]",
            "error_message": "429 You exceeded your current quota, please check your plan and billing details. For more information on this error, head to: https://ai.google.dev/gemini-api/docs/rate-limits. To monitor your current usage, head to: https://ai.dev/rate-limit. \n* Quota exceeded for metric: generativelanguage.googleapis.com/generate_content_free_tier_requests, limit: 20, model: gemini-2.5-flash\nPlease retry in 17.335736395s. [links {\n  description: \"Learn more about Gemini API quotas\"\n  url: \"https://ai.google.dev/gemini-api/docs/rate-limits\"\n}\n, violations {\n  quota_metric: \"generativelanguage.googleapis.com/generate_content_free_tier_requests\"\n  quota_id: \"GenerateRequestsPerDayPerProjectPerModel-FreeTier\"\n  quota_dimensions {\n    key: \"model\"\n    value: \"gemini-2.5-flash\"\n  }\n  quota_dimensions {\n    key: \"location\"\n    value: \"global\"\n  }\n  quota_value: 20\n}\n, retry_delay {\n  seconds: 17\n}\n]",
            "iteration": 3
        },
        "status": "FAILURE"
    },
    {
        "id": "753fd346-9e1c-48a0-913b-28e8a0e33374",
        "timestamp": "2026-02-01T14:21:41.861343",
        "agent": "Judge_Agent",
        "model": "validation",
        "action": "CODE_GEN",
        "details": {
            "iteration": 4,
            "syntax_valid": false,
            "syntax_error": "invalid syntax (<string>, line 374)",
            "input_prompt": "Validating syntax (iteration 4)",
            "output_response": "SYNTAX ERROR: invalid syntax (<string>, line 374)"
        },
        "status": "FAILURE"
    },
    {
        "id": "2d6df43d-5288-4df2-8863-e28e696b8b85",
        "timestamp": "2026-02-01T14:21:44.889446",
        "agent": "Auditor_Agent",
        "model": "gemini-flash-latest",
        "action": "CODE_ANALYSIS",
        "details": {
            "input_prompt": "You are an expert CODE AUDITOR responsible for analyzing Python code and creating a comprehensive refactoring plan.\n\nAVAILABLE TOOLS:\nYou have access to these Python functions (already implemented):\n- read_file(filename): Reads a file from the sandbox directory and returns its content as a string\n- run_pylint(filename): Runs pylint static analysis and returns a parsed report of errors and warnings\n- validate_syntax(code): Checks if Python code has valid syntax, returns (is_valid, error_message)\n...",
            "output_response": "ERROR: 429 You exceeded your current quota, please check your plan and billing details. For more information on this error, head to: https://ai.google.dev/gemini-api/docs/rate-limits. To monitor your current usage, head to: https://ai.dev/rate-limit. \n* Quota exceeded for metric: generativelanguage.googleapis.com/generate_content_free_tier_requests, limit: 20, model: gemini-2.5-flash\nPlease retry in 14.169976503s. [links {\n  description: \"Learn more about Gemini API quotas\"\n  url: \"https://ai.google.dev/gemini-api/docs/rate-limits\"\n}\n, violations {\n  quota_metric: \"generativelanguage.googleapis.com/generate_content_free_tier_requests\"\n  quota_id: \"GenerateRequestsPerDayPerProjectPerModel-FreeTier\"\n  quota_dimensions {\n    key: \"model\"\n    value: \"gemini-2.5-flash\"\n  }\n  quota_dimensions {\n    key: \"location\"\n    value: \"global\"\n  }\n  quota_value: 20\n}\n, retry_delay {\n  seconds: 14\n}\n]",
            "error_message": "429 You exceeded your current quota, please check your plan and billing details. For more information on this error, head to: https://ai.google.dev/gemini-api/docs/rate-limits. To monitor your current usage, head to: https://ai.dev/rate-limit. \n* Quota exceeded for metric: generativelanguage.googleapis.com/generate_content_free_tier_requests, limit: 20, model: gemini-2.5-flash\nPlease retry in 14.169976503s. [links {\n  description: \"Learn more about Gemini API quotas\"\n  url: \"https://ai.google.dev/gemini-api/docs/rate-limits\"\n}\n, violations {\n  quota_metric: \"generativelanguage.googleapis.com/generate_content_free_tier_requests\"\n  quota_id: \"GenerateRequestsPerDayPerProjectPerModel-FreeTier\"\n  quota_dimensions {\n    key: \"model\"\n    value: \"gemini-2.5-flash\"\n  }\n  quota_dimensions {\n    key: \"location\"\n    value: \"global\"\n  }\n  quota_value: 20\n}\n, retry_delay {\n  seconds: 14\n}\n]",
            "iteration": 4
        },
        "status": "FAILURE"
    },
    {
        "id": "a79d5146-907d-4f30-ad1b-b24f0a08aca7",
        "timestamp": "2026-02-01T14:21:47.893084",
        "agent": "Fixer_Agent",
        "model": "gemini-flash-latest",
        "action": "FIX",
        "details": {
            "file_name": "sandbox\\code.py",
            "input_prompt": "⚠️ ITERATION 5 - TESTS ARE FAILING!\n\nThe Judge executed tests and they FAILED. You must fix the EXACT issues reported.\n\nSPECIFIC TEST FAILURES FROM JUDGE:\n============================================================\nSyntax error at line 374: invalid syntax\nProblematic line:     print(f\"Merged: {merged.name} with {len(merged.students)} students\") <ctrl63>\n============================================================\n\nRead the failure messages CAREFULLY:\n- What the test EXPECTED (correct behavior)\n...",
            "output_response": "ERROR: 429 You exceeded your current quota, please check your plan and billing details. For more information on this error, head to: https://ai.google.dev/gemini-api/docs/rate-limits. To monitor your current usage, head to: https://ai.dev/rate-limit. \n* Quota exceeded for metric: generativelanguage.googleapis.com/generate_content_free_tier_requests, limit: 20, model: gemini-2.5-flash\nPlease retry in 11.139433623s. [links {\n  description: \"Learn more about Gemini API quotas\"\n  url: \"https://ai.google.dev/gemini-api/docs/rate-limits\"\n}\n, violations {\n  quota_metric: \"generativelanguage.googleapis.com/generate_content_free_tier_requests\"\n  quota_id: \"GenerateRequestsPerDayPerProjectPerModel-FreeTier\"\n  quota_dimensions {\n    key: \"model\"\n    value: \"gemini-2.5-flash\"\n  }\n  quota_dimensions {\n    key: \"location\"\n    value: \"global\"\n  }\n  quota_value: 20\n}\n, retry_delay {\n  seconds: 11\n}\n]",
            "error_message": "429 You exceeded your current quota, please check your plan and billing details. For more information on this error, head to: https://ai.google.dev/gemini-api/docs/rate-limits. To monitor your current usage, head to: https://ai.dev/rate-limit. \n* Quota exceeded for metric: generativelanguage.googleapis.com/generate_content_free_tier_requests, limit: 20, model: gemini-2.5-flash\nPlease retry in 11.139433623s. [links {\n  description: \"Learn more about Gemini API quotas\"\n  url: \"https://ai.google.dev/gemini-api/docs/rate-limits\"\n}\n, violations {\n  quota_metric: \"generativelanguage.googleapis.com/generate_content_free_tier_requests\"\n  quota_id: \"GenerateRequestsPerDayPerProjectPerModel-FreeTier\"\n  quota_dimensions {\n    key: \"model\"\n    value: \"gemini-2.5-flash\"\n  }\n  quota_dimensions {\n    key: \"location\"\n    value: \"global\"\n  }\n  quota_value: 20\n}\n, retry_delay {\n  seconds: 11\n}\n]",
            "iteration": 4
        },
        "status": "FAILURE"
    },
    {
        "id": "30c50805-52bb-49a8-b737-1ae4ba1953ce",
        "timestamp": "2026-02-01T14:21:48.026193",
        "agent": "Judge_Agent",
        "model": "validation",
        "action": "CODE_GEN",
        "details": {
            "iteration": 5,
            "syntax_valid": false,
            "syntax_error": "invalid syntax (<string>, line 374)",
            "input_prompt": "Validating syntax (iteration 5)",
            "output_response": "SYNTAX ERROR: invalid syntax (<string>, line 374)"
        },
        "status": "FAILURE"
    },
    {
        "id": "1c7bdca4-563d-458c-aec8-e9629dfe8469",
        "timestamp": "2026-02-01T14:21:50.943162",
        "agent": "Auditor_Agent",
        "model": "gemini-flash-latest",
        "action": "CODE_ANALYSIS",
        "details": {
            "input_prompt": "You are an expert CODE AUDITOR responsible for analyzing Python code and creating a comprehensive refactoring plan.\n\nAVAILABLE TOOLS:\nYou have access to these Python functions (already implemented):\n- read_file(filename): Reads a file from the sandbox directory and returns its content as a string\n- run_pylint(filename): Runs pylint static analysis and returns a parsed report of errors and warnings\n- validate_syntax(code): Checks if Python code has valid syntax, returns (is_valid, error_message)\n...",
            "output_response": "ERROR: 429 You exceeded your current quota, please check your plan and billing details. For more information on this error, head to: https://ai.google.dev/gemini-api/docs/rate-limits. To monitor your current usage, head to: https://ai.dev/rate-limit. \n* Quota exceeded for metric: generativelanguage.googleapis.com/generate_content_free_tier_requests, limit: 20, model: gemini-2.5-flash\nPlease retry in 8.062039376s. [links {\n  description: \"Learn more about Gemini API quotas\"\n  url: \"https://ai.google.dev/gemini-api/docs/rate-limits\"\n}\n, violations {\n  quota_metric: \"generativelanguage.googleapis.com/generate_content_free_tier_requests\"\n  quota_id: \"GenerateRequestsPerDayPerProjectPerModel-FreeTier\"\n  quota_dimensions {\n    key: \"model\"\n    value: \"gemini-2.5-flash\"\n  }\n  quota_dimensions {\n    key: \"location\"\n    value: \"global\"\n  }\n  quota_value: 20\n}\n, retry_delay {\n  seconds: 8\n}\n]",
            "error_message": "429 You exceeded your current quota, please check your plan and billing details. For more information on this error, head to: https://ai.google.dev/gemini-api/docs/rate-limits. To monitor your current usage, head to: https://ai.dev/rate-limit. \n* Quota exceeded for metric: generativelanguage.googleapis.com/generate_content_free_tier_requests, limit: 20, model: gemini-2.5-flash\nPlease retry in 8.062039376s. [links {\n  description: \"Learn more about Gemini API quotas\"\n  url: \"https://ai.google.dev/gemini-api/docs/rate-limits\"\n}\n, violations {\n  quota_metric: \"generativelanguage.googleapis.com/generate_content_free_tier_requests\"\n  quota_id: \"GenerateRequestsPerDayPerProjectPerModel-FreeTier\"\n  quota_dimensions {\n    key: \"model\"\n    value: \"gemini-2.5-flash\"\n  }\n  quota_dimensions {\n    key: \"location\"\n    value: \"global\"\n  }\n  quota_value: 20\n}\n, retry_delay {\n  seconds: 8\n}\n]",
            "iteration": 5
        },
        "status": "FAILURE"
    },
    {
        "id": "ae6ea863-7360-48f6-be0b-5bc677a053db",
        "timestamp": "2026-02-01T14:21:53.942941",
        "agent": "Fixer_Agent",
        "model": "gemini-flash-latest",
        "action": "FIX",
        "details": {
            "file_name": "sandbox\\code.py",
            "input_prompt": "⚠️ ITERATION 6 - TESTS ARE FAILING!\n\nThe Judge executed tests and they FAILED. You must fix the EXACT issues reported.\n\nSPECIFIC TEST FAILURES FROM JUDGE:\n============================================================\nSyntax error at line 374: invalid syntax\nProblematic line:     print(f\"Merged: {merged.name} with {len(merged.students)} students\") <ctrl63>\n============================================================\n\nRead the failure messages CAREFULLY:\n- What the test EXPECTED (correct behavior)\n...",
            "output_response": "ERROR: 429 You exceeded your current quota, please check your plan and billing details. For more information on this error, head to: https://ai.google.dev/gemini-api/docs/rate-limits. To monitor your current usage, head to: https://ai.dev/rate-limit. \n* Quota exceeded for metric: generativelanguage.googleapis.com/generate_content_free_tier_requests, limit: 20, model: gemini-2.5-flash\nPlease retry in 4.999327261s. [links {\n  description: \"Learn more about Gemini API quotas\"\n  url: \"https://ai.google.dev/gemini-api/docs/rate-limits\"\n}\n, violations {\n  quota_metric: \"generativelanguage.googleapis.com/generate_content_free_tier_requests\"\n  quota_id: \"GenerateRequestsPerDayPerProjectPerModel-FreeTier\"\n  quota_dimensions {\n    key: \"model\"\n    value: \"gemini-2.5-flash\"\n  }\n  quota_dimensions {\n    key: \"location\"\n    value: \"global\"\n  }\n  quota_value: 20\n}\n, retry_delay {\n  seconds: 4\n}\n]",
            "error_message": "429 You exceeded your current quota, please check your plan and billing details. For more information on this error, head to: https://ai.google.dev/gemini-api/docs/rate-limits. To monitor your current usage, head to: https://ai.dev/rate-limit. \n* Quota exceeded for metric: generativelanguage.googleapis.com/generate_content_free_tier_requests, limit: 20, model: gemini-2.5-flash\nPlease retry in 4.999327261s. [links {\n  description: \"Learn more about Gemini API quotas\"\n  url: \"https://ai.google.dev/gemini-api/docs/rate-limits\"\n}\n, violations {\n  quota_metric: \"generativelanguage.googleapis.com/generate_content_free_tier_requests\"\n  quota_id: \"GenerateRequestsPerDayPerProjectPerModel-FreeTier\"\n  quota_dimensions {\n    key: \"model\"\n    value: \"gemini-2.5-flash\"\n  }\n  quota_dimensions {\n    key: \"location\"\n    value: \"global\"\n  }\n  quota_value: 20\n}\n, retry_delay {\n  seconds: 4\n}\n]",
            "iteration": 5
        },
        "status": "FAILURE"
    },
    {
        "id": "5342f88d-6c34-4718-b2e7-0be3a5c635fd",
        "timestamp": "2026-02-01T14:21:54.089933",
        "agent": "Judge_Agent",
        "model": "validation",
        "action": "CODE_GEN",
        "details": {
            "iteration": 6,
            "syntax_valid": false,
            "syntax_error": "invalid syntax (<string>, line 374)",
            "input_prompt": "Validating syntax (iteration 6)",
            "output_response": "SYNTAX ERROR: invalid syntax (<string>, line 374)"
        },
        "status": "FAILURE"
    },
    {
        "id": "0871b6b8-17a6-4565-be04-520b735680c8",
        "timestamp": "2026-02-01T14:21:57.079594",
        "agent": "Auditor_Agent",
        "model": "gemini-flash-latest",
        "action": "CODE_ANALYSIS",
        "details": {
            "input_prompt": "You are an expert CODE AUDITOR responsible for analyzing Python code and creating a comprehensive refactoring plan.\n\nAVAILABLE TOOLS:\nYou have access to these Python functions (already implemented):\n- read_file(filename): Reads a file from the sandbox directory and returns its content as a string\n- run_pylint(filename): Runs pylint static analysis and returns a parsed report of errors and warnings\n- validate_syntax(code): Checks if Python code has valid syntax, returns (is_valid, error_message)\n...",
            "output_response": "ERROR: 429 You exceeded your current quota, please check your plan and billing details. For more information on this error, head to: https://ai.google.dev/gemini-api/docs/rate-limits. To monitor your current usage, head to: https://ai.dev/rate-limit. \n* Quota exceeded for metric: generativelanguage.googleapis.com/generate_content_free_tier_requests, limit: 20, model: gemini-2.5-flash\nPlease retry in 1.835941779s. [links {\n  description: \"Learn more about Gemini API quotas\"\n  url: \"https://ai.google.dev/gemini-api/docs/rate-limits\"\n}\n, violations {\n  quota_metric: \"generativelanguage.googleapis.com/generate_content_free_tier_requests\"\n  quota_id: \"GenerateRequestsPerDayPerProjectPerModel-FreeTier\"\n  quota_dimensions {\n    key: \"model\"\n    value: \"gemini-2.5-flash\"\n  }\n  quota_dimensions {\n    key: \"location\"\n    value: \"global\"\n  }\n  quota_value: 20\n}\n, retry_delay {\n  seconds: 1\n}\n]",
            "error_message": "429 You exceeded your current quota, please check your plan and billing details. For more information on this error, head to: https://ai.google.dev/gemini-api/docs/rate-limits. To monitor your current usage, head to: https://ai.dev/rate-limit. \n* Quota exceeded for metric: generativelanguage.googleapis.com/generate_content_free_tier_requests, limit: 20, model: gemini-2.5-flash\nPlease retry in 1.835941779s. [links {\n  description: \"Learn more about Gemini API quotas\"\n  url: \"https://ai.google.dev/gemini-api/docs/rate-limits\"\n}\n, violations {\n  quota_metric: \"generativelanguage.googleapis.com/generate_content_free_tier_requests\"\n  quota_id: \"GenerateRequestsPerDayPerProjectPerModel-FreeTier\"\n  quota_dimensions {\n    key: \"model\"\n    value: \"gemini-2.5-flash\"\n  }\n  quota_dimensions {\n    key: \"location\"\n    value: \"global\"\n  }\n  quota_value: 20\n}\n, retry_delay {\n  seconds: 1\n}\n]",
            "iteration": 6
        },
        "status": "FAILURE"
    },
    {
        "id": "f50d8ed7-10c4-4975-bd2c-da583fa3d62f",
        "timestamp": "2026-02-01T14:21:59.966664",
        "agent": "Fixer_Agent",
        "model": "gemini-flash-latest",
        "action": "FIX",
        "details": {
            "file_name": "sandbox\\code.py",
            "input_prompt": "⚠️ ITERATION 7 - TESTS ARE FAILING!\n\nThe Judge executed tests and they FAILED. You must fix the EXACT issues reported.\n\nSPECIFIC TEST FAILURES FROM JUDGE:\n============================================================\nSyntax error at line 374: invalid syntax\nProblematic line:     print(f\"Merged: {merged.name} with {len(merged.students)} students\") <ctrl63>\n============================================================\n\nRead the failure messages CAREFULLY:\n- What the test EXPECTED (correct behavior)\n...",
            "output_response": "ERROR: 429 You exceeded your current quota, please check your plan and billing details. For more information on this error, head to: https://ai.google.dev/gemini-api/docs/rate-limits. To monitor your current usage, head to: https://ai.dev/rate-limit. \n* Quota exceeded for metric: generativelanguage.googleapis.com/generate_content_free_tier_requests, limit: 20, model: gemini-2.5-flash\nPlease retry in 58.99621978s. [links {\n  description: \"Learn more about Gemini API quotas\"\n  url: \"https://ai.google.dev/gemini-api/docs/rate-limits\"\n}\n, violations {\n  quota_metric: \"generativelanguage.googleapis.com/generate_content_free_tier_requests\"\n  quota_id: \"GenerateRequestsPerDayPerProjectPerModel-FreeTier\"\n  quota_dimensions {\n    key: \"model\"\n    value: \"gemini-2.5-flash\"\n  }\n  quota_dimensions {\n    key: \"location\"\n    value: \"global\"\n  }\n  quota_value: 20\n}\n, retry_delay {\n  seconds: 58\n}\n]",
            "error_message": "429 You exceeded your current quota, please check your plan and billing details. For more information on this error, head to: https://ai.google.dev/gemini-api/docs/rate-limits. To monitor your current usage, head to: https://ai.dev/rate-limit. \n* Quota exceeded for metric: generativelanguage.googleapis.com/generate_content_free_tier_requests, limit: 20, model: gemini-2.5-flash\nPlease retry in 58.99621978s. [links {\n  description: \"Learn more about Gemini API quotas\"\n  url: \"https://ai.google.dev/gemini-api/docs/rate-limits\"\n}\n, violations {\n  quota_metric: \"generativelanguage.googleapis.com/generate_content_free_tier_requests\"\n  quota_id: \"GenerateRequestsPerDayPerProjectPerModel-FreeTier\"\n  quota_dimensions {\n    key: \"model\"\n    value: \"gemini-2.5-flash\"\n  }\n  quota_dimensions {\n    key: \"location\"\n    value: \"global\"\n  }\n  quota_value: 20\n}\n, retry_delay {\n  seconds: 58\n}\n]",
            "iteration": 6
        },
        "status": "FAILURE"
    },
    {
        "id": "a62252b4-8c17-4b06-a62f-c992add74d14",
        "timestamp": "2026-02-01T14:22:00.115380",
        "agent": "Judge_Agent",
        "model": "validation",
        "action": "CODE_GEN",
        "details": {
            "iteration": 7,
            "syntax_valid": false,
            "syntax_error": "invalid syntax (<string>, line 374)",
            "input_prompt": "Validating syntax (iteration 7)",
            "output_response": "SYNTAX ERROR: invalid syntax (<string>, line 374)"
        },
        "status": "FAILURE"
    },
    {
        "id": "f375ee36-acf5-485b-ba67-38d6edbe2e24",
        "timestamp": "2026-02-01T14:22:00.237385",
        "agent": "System",
        "model": "N/A",
        "action": "CODE_GEN",
        "details": {
            "event": "FILE_FIX_INCOMPLETE",
            "file": "sandbox\\code.py",
            "iterations_used": 7,
            "max_iterations": 7,
            "last_message": "Iteration 7: Error - 429 You exceeded your current quota, please check your plan and billing details. For more informatio",
            "input_prompt": "Processing file: sandbox\\code.py",
            "output_response": "Failed after 7 iterations"
        },
        "status": "PARTIAL"
    },
    {
        "id": "a069eb9f-a2b1-4213-b727-b664eaa0f152",
        "timestamp": "2026-02-01T14:22:00.355385",
        "agent": "System",
        "model": "N/A",
        "action": "CODE_GEN",
        "details": {
            "event": "COMPLETION",
            "total_files": 1,
            "fixed_count": 0,
            "failed_count": 1,
            "failed_files": [
                "sandbox\\code.py"
            ],
            "output_directory": "C:\\Users\\SMART-TECH 0424\\Desktop\\Refactoring-Swarm\\refactoring-swarm-template\\sandbox",
            "success_rate": "0.0%",
            "input_prompt": "Processing 1 files",
            "output_response": "Fixed 0/1 files"
        },
        "status": "SUCCESS"
    },
    {
        "id": "8d2b0114-cc14-4f0d-9bbf-3f7ce8a5d851",
        "timestamp": "2026-02-01T14:24:11.499696",
        "agent": "System",
        "model": "N/A",
        "action": "CODE_ANALYSIS",
        "details": {
            "event": "STARTUP",
            "target_directory": "sandbox",
            "output_directory": "C:\\Users\\SMART-TECH 0424\\Desktop\\Refactoring-Swarm\\refactoring-swarm-template\\sandbox",
            "max_iterations": 7,
            "input_prompt": "Starting refactoring workflow on directory: sandbox",
            "output_response": "System initialized successfully"
        },
        "status": "SUCCESS"
    },
    {
        "id": "f902dcd6-9ea9-4891-bc38-e887e41cd804",
        "timestamp": "2026-02-01T14:24:15.940779",
        "agent": "System",
        "model": "N/A",
        "action": "CODE_GEN",
        "details": {
            "event": "COMPLETION",
            "total_files": 1,
            "fixed_count": 0,
            "failed_count": 0,
            "failed_files": [],
            "output_directory": "C:\\Users\\SMART-TECH 0424\\Desktop\\Refactoring-Swarm\\refactoring-swarm-template\\sandbox",
            "success_rate": "0.0%",
            "input_prompt": "Processing 1 files",
            "output_response": "Fixed 0/1 files"
        },
        "status": "SUCCESS"
    },
    {
        "id": "46535c2d-5d5b-4301-9663-f39a6a1abcb1",
        "timestamp": "2026-02-01T14:27:05.202125",
        "agent": "System",
        "model": "N/A",
        "action": "CODE_ANALYSIS",
        "details": {
            "event": "STARTUP",
            "target_directory": "sandbox",
            "output_directory": "C:\\Users\\SMART-TECH 0424\\Desktop\\Refactoring-Swarm\\refactoring-swarm-template\\sandbox",
            "max_iterations": 7,
            "input_prompt": "Starting refactoring workflow on directory: sandbox",
            "output_response": "System initialized successfully"
        },
        "status": "SUCCESS"
    },
    {
        "id": "5008e4a3-e7d4-4822-87ca-fcfaff29d554",
        "timestamp": "2026-02-01T14:27:11.431101",
        "agent": "Auditor_Agent",
        "model": "gemini-flash-latest",
        "action": "CODE_ANALYSIS",
        "details": {
            "input_prompt": "You are an expert CODE AUDITOR responsible for analyzing Python code and creating a comprehensive refactoring plan.\n\nAVAILABLE TOOLS:\nYou have access to these Python functions (already implemented):\n- read_file(filename): Reads a file from the sandbox directory and returns its content as a string\n- run_pylint(filename): Runs pylint static analysis and returns a parsed report of errors and warnings\n- validate_syntax(code): Checks if Python code has valid syntax, returns (is_valid, error_message)\n...",
            "output_response": "ERROR: 429 You exceeded your current quota, please check your plan and billing details. For more information on this error, head to: https://ai.google.dev/gemini-api/docs/rate-limits. To monitor your current usage, head to: https://ai.dev/rate-limit. ",
            "error_message": "429 You exceeded your current quota, please check your plan and billing details. For more information on this error, head to: https://ai.google.dev/gemini-api/docs/rate-limits. To monitor your current usage, head to: https://ai.dev/rate-limit. ",
            "iteration": 0
        },
        "status": "FAILURE"
    },
    {
        "id": "73f52a2b-0fbe-425b-9aa1-71bbcb0a8c83",
        "timestamp": "2026-02-01T14:27:15.387227",
        "agent": "Fixer_Agent",
        "model": "gemini-flash-latest",
        "action": "FIX",
        "details": {
            "file_name": "sandbox\\code.py",
            "input_prompt": "You are an expert CODE FIXER responsible for implementing corrections based on the refactoring plan.\n\nAVAILABLE TOOLS:\nYou will use these Python functions (already implemented):\n- write_file(filename, content): Saves the fixed code to filename_fixed.py in the sandbox\n  * Automatically validates syntax before saving\n  * Performs security checks (no dangerous operations)\n  * Returns \"SUCCESS: Fixed code saved as 'filename_fixed.py'\" if successful\n  * Returns error message if syntax is invalid or c...",
            "output_response": "ERROR: 429 You exceeded your current quota, please check your plan and billing details. For more information on this error, head to: https://ai.google.dev/gemini-api/docs/rate-limits. To monitor your current usage, head to: https://ai.dev/rate-limit. ",
            "error_message": "429 You exceeded your current quota, please check your plan and billing details. For more information on this error, head to: https://ai.google.dev/gemini-api/docs/rate-limits. To monitor your current usage, head to: https://ai.dev/rate-limit. ",
            "iteration": 0
        },
        "status": "FAILURE"
    },
    {
        "id": "1168468c-4c5a-4fc6-95fb-524e0fae7424",
        "timestamp": "2026-02-01T14:27:15.480455",
        "agent": "Judge_Agent",
        "model": "validation",
        "action": "CODE_GEN",
        "details": {
            "iteration": 1,
            "syntax_valid": false,
            "syntax_error": "expected ':' (<string>, line 15)",
            "input_prompt": "Validating syntax (iteration 1)",
            "output_response": "SYNTAX ERROR: expected ':' (<string>, line 15)"
        },
        "status": "FAILURE"
    },
    {
        "id": "b3a7307f-a1c1-446a-8c1a-8b7db12b51f8",
        "timestamp": "2026-02-01T14:27:19.007248",
        "agent": "Auditor_Agent",
        "model": "gemini-flash-latest",
        "action": "CODE_ANALYSIS",
        "details": {
            "input_prompt": "You are an expert CODE AUDITOR responsible for analyzing Python code and creating a comprehensive refactoring plan.\n\nAVAILABLE TOOLS:\nYou have access to these Python functions (already implemented):\n- read_file(filename): Reads a file from the sandbox directory and returns its content as a string\n- run_pylint(filename): Runs pylint static analysis and returns a parsed report of errors and warnings\n- validate_syntax(code): Checks if Python code has valid syntax, returns (is_valid, error_message)\n...",
            "output_response": "ERROR: 429 You exceeded your current quota, please check your plan and billing details. For more information on this error, head to: https://ai.google.dev/gemini-api/docs/rate-limits. To monitor your current usage, head to: https://ai.dev/rate-limit. ",
            "error_message": "429 You exceeded your current quota, please check your plan and billing details. For more information on this error, head to: https://ai.google.dev/gemini-api/docs/rate-limits. To monitor your current usage, head to: https://ai.dev/rate-limit. ",
            "iteration": 1
        },
        "status": "FAILURE"
    },
    {
        "id": "78f28c85-ece6-4694-8324-acf6e6de777e",
        "timestamp": "2026-02-01T14:27:21.675356",
        "agent": "Fixer_Agent",
        "model": "gemini-flash-latest",
        "action": "FIX",
        "details": {
            "file_name": "sandbox\\code.py",
            "input_prompt": "⚠️ ITERATION 2 - TESTS ARE FAILING!\n\nThe Judge executed tests and they FAILED. You must fix the EXACT issues reported.\n\nSPECIFIC TEST FAILURES FROM JUDGE:\n============================================================\nSyntax error at line 15: expected ':'\nProblematic line:         if score < 0 or score > 100\n============================================================\n\nRead the failure messages CAREFULLY:\n- What the test EXPECTED (correct behavior)\n- What your code ACTUALLY returned (the bug)\n- Th...",
            "output_response": "ERROR: 429 You exceeded your current quota, please check your plan and billing details. For more information on this error, head to: https://ai.google.dev/gemini-api/docs/rate-limits. To monitor your current usage, head to: https://ai.dev/rate-limit. ",
            "error_message": "429 You exceeded your current quota, please check your plan and billing details. For more information on this error, head to: https://ai.google.dev/gemini-api/docs/rate-limits. To monitor your current usage, head to: https://ai.dev/rate-limit. ",
            "iteration": 1
        },
        "status": "FAILURE"
    },
    {
        "id": "0707f95c-e451-4433-bf9e-bf2bf8a2b3b1",
        "timestamp": "2026-02-01T14:27:21.786806",
        "agent": "System",
        "model": "N/A",
        "action": "CODE_GEN",
        "details": {
            "event": "COMPLETION",
            "total_files": 1,
            "fixed_count": 0,
            "failed_count": 0,
            "failed_files": [],
            "output_directory": "C:\\Users\\SMART-TECH 0424\\Desktop\\Refactoring-Swarm\\refactoring-swarm-template\\sandbox",
            "success_rate": "0.0%",
            "input_prompt": "Processing 1 files",
            "output_response": "Fixed 0/1 files"
        },
        "status": "SUCCESS"
    },
    {
        "id": "f5f425cb-1210-4d8d-90b9-6b40c0d703ac",
        "timestamp": "2026-02-01T14:27:53.537513",
        "agent": "System",
        "model": "N/A",
        "action": "CODE_ANALYSIS",
        "details": {
            "event": "STARTUP",
            "target_directory": "sandbox",
            "output_directory": "C:\\Users\\SMART-TECH 0424\\Desktop\\Refactoring-Swarm\\refactoring-swarm-template\\sandbox",
            "max_iterations": 7,
            "input_prompt": "Starting refactoring workflow on directory: sandbox",
            "output_response": "System initialized successfully"
        },
        "status": "SUCCESS"
    },
    {
        "id": "c64b9761-7854-42aa-ac69-ea41f4e827dd",
        "timestamp": "2026-02-01T14:27:58.487934",
        "agent": "Auditor_Agent",
        "model": "gemini-flash-latest",
        "action": "CODE_ANALYSIS",
        "details": {
            "input_prompt": "You are an expert CODE AUDITOR responsible for analyzing Python code and creating a comprehensive refactoring plan.\n\nAVAILABLE TOOLS:\nYou have access to these Python functions (already implemented):\n- read_file(filename): Reads a file from the sandbox directory and returns its content as a string\n- run_pylint(filename): Runs pylint static analysis and returns a parsed report of errors and warnings\n- validate_syntax(code): Checks if Python code has valid syntax, returns (is_valid, error_message)\n...",
            "output_response": "ERROR: 429 You exceeded your current quota, please check your plan and billing details. For more information on this error, head to: https://ai.google.dev/gemini-api/docs/rate-limits. To monitor your current usage, head to: https://ai.dev/rate-limit. ",
            "error_message": "429 You exceeded your current quota, please check your plan and billing details. For more information on this error, head to: https://ai.google.dev/gemini-api/docs/rate-limits. To monitor your current usage, head to: https://ai.dev/rate-limit. ",
            "iteration": 0
        },
        "status": "FAILURE"
    },
    {
        "id": "a9333542-6717-4744-88ff-beb6a47a3531",
        "timestamp": "2026-02-01T14:28:01.457254",
        "agent": "Fixer_Agent",
        "model": "gemini-flash-latest",
        "action": "FIX",
        "details": {
            "file_name": "sandbox\\code.py",
            "input_prompt": "You are an expert CODE FIXER responsible for implementing corrections based on the refactoring plan.\n\nAVAILABLE TOOLS:\nYou will use these Python functions (already implemented):\n- write_file(filename, content): Saves the fixed code to filename_fixed.py in the sandbox\n  * Automatically validates syntax before saving\n  * Performs security checks (no dangerous operations)\n  * Returns \"SUCCESS: Fixed code saved as 'filename_fixed.py'\" if successful\n  * Returns error message if syntax is invalid or c...",
            "output_response": "ERROR: 429 You exceeded your current quota, please check your plan and billing details. For more information on this error, head to: https://ai.google.dev/gemini-api/docs/rate-limits. To monitor your current usage, head to: https://ai.dev/rate-limit. ",
            "error_message": "429 You exceeded your current quota, please check your plan and billing details. For more information on this error, head to: https://ai.google.dev/gemini-api/docs/rate-limits. To monitor your current usage, head to: https://ai.dev/rate-limit. ",
            "iteration": 0
        },
        "status": "FAILURE"
    },
    {
        "id": "2f7cdca9-a7f6-4797-b640-cbf795fe44d7",
        "timestamp": "2026-02-01T14:28:01.572019",
        "agent": "Judge_Agent",
        "model": "validation",
        "action": "CODE_GEN",
        "details": {
            "iteration": 1,
            "syntax_valid": false,
            "syntax_error": "expected ':' (<string>, line 15)",
            "input_prompt": "Validating syntax (iteration 1)",
            "output_response": "SYNTAX ERROR: expected ':' (<string>, line 15)"
        },
        "status": "FAILURE"
    },
    {
        "id": "e4990a26-2690-4423-9d8c-5b53800f1929",
        "timestamp": "2026-02-01T14:28:04.538380",
        "agent": "Auditor_Agent",
        "model": "gemini-flash-latest",
        "action": "CODE_ANALYSIS",
        "details": {
            "input_prompt": "You are an expert CODE AUDITOR responsible for analyzing Python code and creating a comprehensive refactoring plan.\n\nAVAILABLE TOOLS:\nYou have access to these Python functions (already implemented):\n- read_file(filename): Reads a file from the sandbox directory and returns its content as a string\n- run_pylint(filename): Runs pylint static analysis and returns a parsed report of errors and warnings\n- validate_syntax(code): Checks if Python code has valid syntax, returns (is_valid, error_message)\n...",
            "output_response": "ERROR: 429 You exceeded your current quota, please check your plan and billing details. For more information on this error, head to: https://ai.google.dev/gemini-api/docs/rate-limits. To monitor your current usage, head to: https://ai.dev/rate-limit. ",
            "error_message": "429 You exceeded your current quota, please check your plan and billing details. For more information on this error, head to: https://ai.google.dev/gemini-api/docs/rate-limits. To monitor your current usage, head to: https://ai.dev/rate-limit. ",
            "iteration": 1
        },
        "status": "FAILURE"
    },
    {
        "id": "c011f801-b719-405d-ac81-7af462ecd943",
        "timestamp": "2026-02-01T14:28:04.833086",
        "agent": "System",
        "model": "N/A",
        "action": "CODE_GEN",
        "details": {
            "event": "COMPLETION",
            "total_files": 1,
            "fixed_count": 0,
            "failed_count": 0,
            "failed_files": [],
            "output_directory": "C:\\Users\\SMART-TECH 0424\\Desktop\\Refactoring-Swarm\\refactoring-swarm-template\\sandbox",
            "success_rate": "0.0%",
            "input_prompt": "Processing 1 files",
            "output_response": "Fixed 0/1 files"
        },
        "status": "SUCCESS"
    },
    {
        "id": "ac79526b-8840-4d47-af61-0c94d9dee4b9",
        "timestamp": "2026-02-01T14:29:32.528327",
        "agent": "System",
        "model": "N/A",
        "action": "CODE_ANALYSIS",
        "details": {
            "event": "STARTUP",
            "target_directory": "sandbox",
            "output_directory": "C:\\Users\\SMART-TECH 0424\\Desktop\\Refactoring-Swarm\\refactoring-swarm-template\\sandbox",
            "max_iterations": 7,
            "input_prompt": "Starting refactoring workflow on directory: sandbox",
            "output_response": "System initialized successfully"
        },
        "status": "SUCCESS"
    },
    {
        "id": "16865051-8361-4733-8038-dfbe85ee5ab9",
        "timestamp": "2026-02-01T14:30:20.538606",
        "agent": "Auditor_Agent",
        "model": "gemini-flash-latest",
        "action": "CODE_ANALYSIS",
        "details": {
            "file_analyzed": "sandbox\\code.py",
            "input_prompt": "You are an expert CODE AUDITOR responsible for analyzing Python code and creating a comprehensive refactoring plan.\n\nAVAILABLE TOOLS:\nYou have access to these Python functions (already implemented):\n- read_file(filename): Reads a file from the sandbox directory and returns its content as a string\n- run_pylint(filename): Runs pylint static analysis and returns a parsed report of errors and warnings\n- validate_syntax(code): Checks if Python code has valid syntax, returns (is_valid, error_message)\n...",
            "output_response": "This audit reveals several critical syntax errors that prevent the code from running, as well as significant runtime vulnerabilities related to handling empty collections and malformed input data (especially during JSON import). Logic errors were also found in ranking, sorting, and date calculation.\n\n## CRITICAL ISSUES (Must fix immediately - Will crash)\n\n- Issue 1: Syntax Error (Missing colon in `add_grade`)\n  Location: Line 16, Function `StudentRecord.add_grade`\n  Impact: The entire script wil...",
            "code_length": 11286,
            "pylint_used": true,
            "pattern_issues_found": 27,
            "iteration": 0
        },
        "status": "SUCCESS"
    },
    {
        "id": "5062be1e-9742-40b7-8f42-b363e82b741e",
        "timestamp": "2026-02-01T14:31:01.956218",
        "agent": "Fixer_Agent",
        "model": "gemini-flash-latest",
        "action": "FIX",
        "details": {
            "file_name": "sandbox\\code.py",
            "input_prompt": "You are an expert CODE FIXER responsible for implementing corrections based on the refactoring plan.\n\nAVAILABLE TOOLS:\nYou will use these Python functions (already implemented):\n- write_file(filename, content): Saves the fixed code to filename_fixed.py in the sandbox\n  * Automatically validates syntax before saving\n  * Performs security checks (no dangerous operations)\n  * Returns \"SUCCESS: Fixed code saved as 'filename_fixed.py'\" if successful\n  * Returns error message if syntax is invalid or c...",
            "output_response": "import os\nimport json\nimport re\nfrom datetime import datetime, timedelta\n\n\nclass StudentRecord:\n    def __init__(self, name, age, grades=None):\n        self.name = name\n        self.age = age\n        self.grades = grades if grades is not None else []\n        self.enrolled = True\n\n    def add_grade(self, subject, score):\n        if score < 0 or score > 100:\n            raise ValueError(\"Score must be between 0 and 100\")\n        self.grades.append({\"subject\": subject, \"score\": score})\n\n    def get...",
            "iteration": 0,
            "original_code_length": 11286,
            "fixed_code_length": 12701,
            "validation_passed": true,
            "validation_error": null
        },
        "status": "SUCCESS"
    },
    {
        "id": "0c13b509-83f6-449e-bcaa-5348a44a8f17",
        "timestamp": "2026-02-01T14:31:47.063728",
        "agent": "Judge_Agent",
        "model": "gemini-flash-latest",
        "action": "CODE_GEN",
        "details": {
            "file_name": "sandbox\\code.py",
            "code_lines": 402,
            "code_chars": 12701,
            "timeout_used": 180,
            "generation_time": "45.0s",
            "input_prompt": "Generate pytest tests for this Python code.\n\nCODE:\n```python\nimport os\nimport json\nimport re\nfrom datetime import datetime, timedelta\n\n\nclass StudentRecord:\n    def __init__(self, name, age, grades=None):\n        self.name = name\n        self.age = age\n        self.grades = grades if grades is not None else []\n        self.enrolled = True\n\n    def add_grade(self, subject, score):\n        if score < 0 or score > 100:\n            raise ValueError(\"Score must be between 0 and 100\")\n        self.gra...",
            "output_response": "import pytest\nimport os\nimport json\nfrom datetime import datetime, timedelta\nfrom unittest.mock import patch, MagicMock\n\n# Assuming the provided code is saved in a file accessible as 'code_temp'\n# If the code is in the same file as the tests, these imports should be adjusted or removed.\ntry:\n    from code_temp import (\n        StudentRecord, Classroom, parse_student_data, calculate_letter_grade,\n        generate_report, filter_students_by_criteria, merge_classrooms,\n        schedule_to_string, d...",
            "purpose": "unit_test_generation"
        },
        "status": "SUCCESS"
    },
    {
        "id": "369d0643-8e1e-4f05-bc3b-f222615f0207",
        "timestamp": "2026-02-01T14:32:05.557852",
        "agent": "Judge_Agent",
        "model": "gemini-flash-latest",
        "action": "CODE_GEN",
        "details": {
            "file_name": "sandbox\\code.py",
            "documentation_chars": 12572,
            "input_prompt": "Generate comprehensive markdown documentation for this Python code.\n\nCODE:\n```python\nimport os\nimport json\nimport re\nfrom datetime import datetime, timedelta\n\n\nclass StudentRecord:\n    def __init__(self, name, age, grades=None):\n        self.name = name\n        self.age = age\n        self.grades = grades if grades is not None else []\n        self.enrolled = True\n\n    def add_grade(self, subject, score):\n        if score < 0 or score > 100:\n            raise ValueError(\"Score must be between 0 an...",
            "output_response": "# Code - Documentation\n\n**Status**: Production Ready - All Tests Passed  \n**File**: `code.py`\n\n---\n\n## Overview\nThis Python code provides a robust system for managing student academic data. It utilizes two core classes, `StudentRecord` and `Classroom`, to handle student details, grades, and classroom organization. It includes utilities for reporting, data filtering, schedule conflict detection, ranking, and JSON serialization/deserialization.\n\n---\n\n## Classes and Methods\n\n### `StudentRecord.__in...",
            "purpose": "documentation_generation"
        },
        "status": "SUCCESS"
    },
    {
        "id": "864ad36a-fc4d-4656-a4e4-d21a6e7a4ce6",
        "timestamp": "2026-02-01T14:32:05.624891",
        "agent": "Judge_Agent",
        "model": "gemini-flash-latest",
        "action": "CODE_GEN",
        "details": {
            "iteration": 1,
            "tests_passed": true,
            "syntax_valid": true,
            "passed_count": 0,
            "failed_count": 0,
            "has_tests": false,
            "used_generated_tests": true,
            "documentation_created": true,
            "documentation_file": "C:\\Users\\SMART-TECH 0424\\Desktop\\Refactoring-Swarm\\refactoring-swarm-template\\sandbox\\code_documentation.md",
            "success_summary": "N/A",
            "input_prompt": "Running pytest (iteration 1)",
            "output_response": "SUCCESS: 0 passed, 0 failed"
        },
        "status": "SUCCESS"
    },
    {
        "id": "917d1de4-8f9a-4ff8-a7c4-7dc0a0d0893a",
        "timestamp": "2026-02-01T14:32:05.717727",
        "agent": "System",
        "model": "N/A",
        "action": "CODE_GEN",
        "details": {
            "event": "FILE_SAVE_ERROR",
            "file": "sandbox\\code.py",
            "error": "SECURITY ERROR: Forbidden import: 'os'",
            "input_prompt": "Saving fixed code: sandbox\\code.py",
            "output_response": "SECURITY ERROR: Forbidden import: 'os'"
        },
        "status": "FAILURE"
    },
    {
        "id": "f5d3cd3d-919c-4d63-a294-3c607cd53944",
        "timestamp": "2026-02-01T14:32:05.786727",
        "agent": "System",
        "model": "N/A",
        "action": "CODE_GEN",
        "details": {
            "event": "COMPLETION",
            "total_files": 1,
            "fixed_count": 0,
            "failed_count": 1,
            "failed_files": [
                "sandbox\\code.py"
            ],
            "output_directory": "C:\\Users\\SMART-TECH 0424\\Desktop\\Refactoring-Swarm\\refactoring-swarm-template\\sandbox",
            "success_rate": "0.0%",
            "input_prompt": "Processing 1 files",
            "output_response": "Fixed 0/1 files"
        },
        "status": "SUCCESS"
    },
    {
        "id": "3bd6d9ea-2d7e-41ac-9755-3d936ef4cfa0",
        "timestamp": "2026-02-01T14:33:03.628269",
        "agent": "System",
        "model": "N/A",
        "action": "CODE_ANALYSIS",
        "details": {
            "event": "STARTUP",
            "target_directory": "sandbox",
            "output_directory": "C:\\Users\\SMART-TECH 0424\\Desktop\\Refactoring-Swarm\\refactoring-swarm-template\\sandbox",
            "max_iterations": 8,
            "input_prompt": "Starting refactoring workflow on directory: sandbox",
            "output_response": "System initialized successfully"
        },
        "status": "SUCCESS"
    },
    {
        "id": "369ebebe-f808-403c-933d-0db7d03d4dd1",
        "timestamp": "2026-02-01T14:33:36.835539",
        "agent": "Auditor_Agent",
        "model": "gemini-flash-latest",
        "action": "CODE_ANALYSIS",
        "details": {
            "file_analyzed": "sandbox\\code.py",
            "input_prompt": "You are an expert CODE AUDITOR responsible for analyzing Python code and creating a comprehensive refactoring plan.\n\nAVAILABLE TOOLS:\nYou have access to these Python functions (already implemented):\n- read_file(filename): Reads a file from the sandbox directory and returns its content as a string\n- run_pylint(filename): Runs pylint static analysis and returns a parsed report of errors and warnings\n- validate_syntax(code): Checks if Python code has valid syntax, returns (is_valid, error_message)\n...",
            "output_response": "This audit reveals several critical syntax errors, a major runtime crash vulnerability, and significant logic flaws related to sorting and ranking. The code also lacks robustness in file handling.\n\n## CRITICAL ISSUES (Must fix immediately - Will crash)\n\n- Issue 1: Syntax Error (Missing colon after IF)\n  Location: Line 20, `StudentRecord.add_grade`\n  Impact: Code will not compile/run.\n  Current behavior: `if score < 0 or score > 100`\n  Expected behavior: `if score < 0 or score > 100:`\n  Root caus...",
            "code_length": 11286,
            "pylint_used": true,
            "pattern_issues_found": 27,
            "iteration": 0
        },
        "status": "SUCCESS"
    },
    {
        "id": "e2b49cce-bd82-4a46-851c-e521d58dda2a",
        "timestamp": "2026-02-01T14:34:15.813456",
        "agent": "Fixer_Agent",
        "model": "gemini-flash-latest",
        "action": "FIX",
        "details": {
            "file_name": "sandbox\\code.py",
            "input_prompt": "You are an expert CODE FIXER responsible for implementing corrections based on the refactoring plan.\n\nAVAILABLE TOOLS:\nYou will use these Python functions (already implemented):\n- write_file(filename, content): Saves the fixed code to filename_fixed.py in the sandbox\n  * Automatically validates syntax before saving\n  * Performs security checks (no dangerous operations)\n  * Returns \"SUCCESS: Fixed code saved as 'filename_fixed.py'\" if successful\n  * Returns error message if syntax is invalid or c...",
            "output_response": "import os\nimport json\nimport re\nfrom datetime import datetime, timedelta\n\n\nclass StudentRecord:\n    def __init__(self, name, age, grades=None):\n        self.name = name\n        self.age = age\n        self.grades = grades if grades is not None else []\n        self.enrolled = True\n\n    def add_grade(self, subject, score):\n        if score < 0 or score > 100:\n            raise ValueError(\"Score must be between 0 and 100\")\n        self.grades.append({\"subject\": subject, \"score\": score})\n\n    def get...",
            "iteration": 0,
            "original_code_length": 11286,
            "fixed_code_length": 12258,
            "validation_passed": true,
            "validation_error": null
        },
        "status": "SUCCESS"
    },
    {
        "id": "126577f0-2759-4a55-8cf1-b84e74499160",
        "timestamp": "2026-02-01T14:34:52.798471",
        "agent": "Judge_Agent",
        "model": "gemini-flash-latest",
        "action": "CODE_GEN",
        "details": {
            "file_name": "sandbox\\code.py",
            "code_lines": 391,
            "code_chars": 12258,
            "timeout_used": 180,
            "generation_time": "36.8s",
            "input_prompt": "Generate pytest tests for this Python code.\n\nCODE:\n```python\nimport os\nimport json\nimport re\nfrom datetime import datetime, timedelta\n\n\nclass StudentRecord:\n    def __init__(self, name, age, grades=None):\n        self.name = name\n        self.age = age\n        self.grades = grades if grades is not None else []\n        self.enrolled = True\n\n    def add_grade(self, subject, score):\n        if score < 0 or score > 100:\n            raise ValueError(\"Score must be between 0 and 100\")\n        self.gra...",
            "output_response": "import pytest\nimport os\nimport json\nfrom datetime import datetime, timedelta\nfrom unittest.mock import patch\n\n# --- Assuming the provided code (Classes and Functions) is accessible here ---\n# Since I cannot import from an external file, I will rely on the test environment\n# having access to the definitions provided in the prompt's CODE block.\n\n# For the purpose of this output, I will redefine the necessary classes/functions\n# to ensure the tests are runnable independently, though in a real scena...",
            "purpose": "unit_test_generation"
        },
        "status": "SUCCESS"
    },
    {
        "id": "ff4eda39-9d65-4718-88df-220c519e9f04",
        "timestamp": "2026-02-01T14:35:14.970476",
        "agent": "Judge_Agent",
        "model": "gemini-flash-latest",
        "action": "CODE_GEN",
        "details": {
            "file_name": "sandbox\\code.py",
            "documentation_chars": 11977,
            "input_prompt": "Generate comprehensive markdown documentation for this Python code.\n\nCODE:\n```python\nimport os\nimport json\nimport re\nfrom datetime import datetime, timedelta\n\n\nclass StudentRecord:\n    def __init__(self, name, age, grades=None):\n        self.name = name\n        self.age = age\n        self.grades = grades if grades is not None else []\n        self.enrolled = True\n\n    def add_grade(self, subject, score):\n        if score < 0 or score > 100:\n            raise ValueError(\"Score must be between 0 an...",
            "output_response": "# Code - Documentation\n\n**Status**: Production Ready - All Tests Passed  \n**File**: `code.py`\n\n---\n\n## Overview\nThis module provides a comprehensive system for managing academic data. It includes classes for handling individual student records and organizing them into classrooms. It supports analytical functions such as calculating averages, ranking, grade distribution, generating reports, managing classroom capacity, and handling data persistence via JSON serialization.\n\n---\n\n## Classes\n\n### `S...",
            "purpose": "documentation_generation"
        },
        "status": "SUCCESS"
    },
    {
        "id": "149ca2cb-6854-4b52-8d1e-7957100e19ec",
        "timestamp": "2026-02-01T14:35:15.077429",
        "agent": "Judge_Agent",
        "model": "gemini-flash-latest",
        "action": "CODE_GEN",
        "details": {
            "iteration": 1,
            "tests_passed": true,
            "syntax_valid": true,
            "passed_count": 0,
            "failed_count": 0,
            "has_tests": false,
            "used_generated_tests": true,
            "documentation_created": true,
            "documentation_file": "C:\\Users\\SMART-TECH 0424\\Desktop\\Refactoring-Swarm\\refactoring-swarm-template\\sandbox\\code_documentation.md",
            "success_summary": "N/A",
            "input_prompt": "Running pytest (iteration 1)",
            "output_response": "SUCCESS: 0 passed, 0 failed"
        },
        "status": "SUCCESS"
    },
    {
        "id": "a3cb3b40-315c-4028-9fb6-5170da6a2b5d",
        "timestamp": "2026-02-01T14:35:15.166386",
        "agent": "System",
        "model": "N/A",
        "action": "CODE_GEN",
        "details": {
            "event": "FILE_SAVE_ERROR",
            "file": "sandbox\\code.py",
            "error": "SECURITY ERROR: Forbidden import: 'os'",
            "input_prompt": "Saving fixed code: sandbox\\code.py",
            "output_response": "SECURITY ERROR: Forbidden import: 'os'"
        },
        "status": "FAILURE"
    },
    {
        "id": "c00d08dd-41a9-4871-ad54-3b981acfb90a",
        "timestamp": "2026-02-01T14:35:15.244290",
        "agent": "System",
        "model": "N/A",
        "action": "CODE_GEN",
        "details": {
            "event": "COMPLETION",
            "total_files": 1,
            "fixed_count": 0,
            "failed_count": 1,
            "failed_files": [
                "sandbox\\code.py"
            ],
            "output_directory": "C:\\Users\\SMART-TECH 0424\\Desktop\\Refactoring-Swarm\\refactoring-swarm-template\\sandbox",
            "success_rate": "0.0%",
            "input_prompt": "Processing 1 files",
            "output_response": "Fixed 0/1 files"
        },
        "status": "SUCCESS"
    },
    {
        "id": "b29cdb61-48f9-4758-9bce-f330ba29dbf8",
        "timestamp": "2026-02-01T14:47:03.368902",
        "agent": "System",
        "model": "N/A",
        "action": "CODE_ANALYSIS",
        "details": {
            "event": "STARTUP",
            "target_directory": "sandbox",
            "output_directory": "C:\\Users\\SMART-TECH 0424\\Desktop\\Refactoring-Swarm\\refactoring-swarm-template\\sandbox",
            "max_iterations": 7,
            "input_prompt": "Starting refactoring workflow on directory: sandbox",
            "output_response": "System initialized successfully"
        },
        "status": "SUCCESS"
    },
    {
        "id": "2d1c9423-cc5f-4d20-bc10-983f66d64135",
        "timestamp": "2026-02-01T14:49:51.787558",
        "agent": "System",
        "model": "N/A",
        "action": "CODE_GEN",
        "details": {
            "event": "COMPLETION",
            "total_files": 1,
            "fixed_count": 0,
            "failed_count": 0,
            "failed_files": [],
            "output_directory": "C:\\Users\\SMART-TECH 0424\\Desktop\\Refactoring-Swarm\\refactoring-swarm-template\\sandbox",
            "success_rate": "0.0%",
            "input_prompt": "Processing 1 files",
            "output_response": "Fixed 0/1 files"
        },
        "status": "SUCCESS"
    },
    {
        "id": "f2c868be-3668-4d6a-8a8b-e936b4b3b9fa",
        "timestamp": "2026-02-01T14:49:58.618942",
        "agent": "System",
        "model": "N/A",
        "action": "CODE_ANALYSIS",
        "details": {
            "event": "STARTUP",
            "target_directory": "sandbox",
            "output_directory": "C:\\Users\\SMART-TECH 0424\\Desktop\\Refactoring-Swarm\\refactoring-swarm-template\\sandbox",
            "max_iterations": 7,
            "input_prompt": "Starting refactoring workflow on directory: sandbox",
            "output_response": "System initialized successfully"
        },
        "status": "SUCCESS"
    },
    {
        "id": "520041ff-010e-4b1d-a76b-0f06db680175",
        "timestamp": "2026-02-01T14:50:30.297529",
        "agent": "Auditor_Agent",
        "model": "gemini-flash-latest",
        "action": "CODE_ANALYSIS",
        "details": {
            "file_analyzed": "sandbox\\code.py",
            "input_prompt": "You are an expert CODE AUDITOR responsible for analyzing Python code and creating a comprehensive refactoring plan.\n\nAVAILABLE TOOLS:\nYou have access to these Python functions (already implemented):\n- read_file(filename): Reads a file from the sandbox directory and returns its content as a string\n- run_pylint(filename): Runs pylint static analysis and returns a parsed report of errors and warnings\n- validate_syntax(code): Checks if Python code has valid syntax, returns (is_valid, error_message)\n...",
            "output_response": "This audit reveals several critical syntax errors, a major runtime crash vulnerability, and significant logic flaws, particularly concerning ranking and date calculations.\n\n## CRITICAL ISSUES (Must fix immediately - Will crash)\n\n- Issue 1: Missing colon in `StudentRecord.add_grade`\n  Location: Line 20, Function `StudentRecord.add_grade`\n  Impact: Syntax Error. The program will fail to compile and run.\n  Current behavior: `if score < 0 or score > 100` is missing the required colon.\n  Root cause: ...",
            "code_length": 11286,
            "pylint_used": true,
            "pattern_issues_found": 27,
            "iteration": 0
        },
        "status": "SUCCESS"
    },
    {
        "id": "acbfe5de-3ece-4a09-bec5-8a113cbdfc01",
        "timestamp": "2026-02-01T14:51:10.270509",
        "agent": "Fixer_Agent",
        "model": "gemini-flash-latest",
        "action": "FIX",
        "details": {
            "file_name": "sandbox\\code.py",
            "input_prompt": "You are an expert CODE FIXER responsible for implementing corrections based on the refactoring plan.\n\nAVAILABLE TOOLS:\nYou will use these Python functions (already implemented):\n- write_file(filename, content): Saves the fixed code to filename_fixed.py in the sandbox\n  * Automatically validates syntax before saving\n  * Performs security checks (no dangerous operations)\n  * Returns \"SUCCESS: Fixed code saved as 'filename_fixed.py'\" if successful\n  * Returns error message if syntax is invalid or c...",
            "output_response": "import json\nfrom datetime import datetime, timedelta\n\n\nclass StudentRecord:\n    def __init__(self, name, age, grades=None):\n        self.name = name\n        self.age = age\n        self.grades = grades if grades is not None else []\n        self.enrolled = True\n\n    def add_grade(self, subject, score):\n        if score < 0 or score > 100:\n            raise ValueError(\"Score must be between 0 and 100\")\n        self.grades.append({\"subject\": subject, \"score\": score})\n\n    def get_average(self):\n    ...",
            "iteration": 0,
            "original_code_length": 11286,
            "fixed_code_length": 12547,
            "validation_passed": true,
            "validation_error": null
        },
        "status": "SUCCESS"
    },
    {
        "id": "4a60c308-a9bf-4a63-9836-275520587d39",
        "timestamp": "2026-02-01T14:51:59.056171",
        "agent": "Judge_Agent",
        "model": "gemini-flash-latest",
        "action": "CODE_GEN",
        "details": {
            "file_name": "sandbox\\code.py",
            "code_lines": 394,
            "code_chars": 12547,
            "timeout_used": 180,
            "generation_time": "48.7s",
            "input_prompt": "Generate pytest tests for this Python code.\n\nCODE:\n```python\nimport json\nfrom datetime import datetime, timedelta\n\n\nclass StudentRecord:\n    def __init__(self, name, age, grades=None):\n        self.name = name\n        self.age = age\n        self.grades = grades if grades is not None else []\n        self.enrolled = True\n\n    def add_grade(self, subject, score):\n        if score < 0 or score > 100:\n            raise ValueError(\"Score must be between 0 and 100\")\n        self.grades.append({\"subject...",
            "output_response": "import pytest\nimport json\nfrom datetime import datetime, timedelta\nfrom unittest.mock import mock_open, patch\n\n# Assuming the provided code is saved in a module named 'code_temp'\ntry:\n    from code_temp import (\n        StudentRecord, Classroom, parse_student_data, calculate_letter_grade,\n        generate_report, filter_students_by_criteria, merge_classrooms,\n        schedule_to_string, detect_conflicts, grade_distribution,\n        export_to_json, import_from_json, compute_rank,\n        days_unt...",
            "purpose": "unit_test_generation"
        },
        "status": "SUCCESS"
    },
    {
        "id": "f91fa398-21d3-4b58-88e7-fa197d3ba7af",
        "timestamp": "2026-02-01T14:51:59.352166",
        "agent": "Judge_Agent",
        "model": "validation",
        "action": "CODE_GEN",
        "details": {
            "iteration": 1,
            "tests_passed": false,
            "passed_count": 0,
            "failed_count": 0,
            "has_tests": false,
            "input_prompt": "Running pytest (iteration 1)",
            "output_response": "WARNING: 0 tests collected"
        },
        "status": "FAILURE"
    },
    {
        "id": "4db1f031-9007-497d-b576-56291d9f1d94",
        "timestamp": "2026-02-01T14:52:41.640150",
        "agent": "Auditor_Agent",
        "model": "gemini-flash-latest",
        "action": "CODE_ANALYSIS",
        "details": {
            "file_analyzed": "sandbox\\code.py",
            "input_prompt": "You are an expert CODE AUDITOR responsible for analyzing Python code and creating a comprehensive refactoring plan.\n\nAVAILABLE TOOLS:\nYou have access to these Python functions (already implemented):\n- read_file(filename): Reads a file from the sandbox directory and returns its content as a string\n- run_pylint(filename): Runs pylint static analysis and returns a parsed report of errors and warnings\n- validate_syntax(code): Checks if Python code has valid syntax, returns (is_valid, error_message)\n...",
            "output_response": "This audit reveals several critical syntax errors, a major runtime crash vulnerability, and multiple high-priority logic flaws related to ranking, date calculation, and capacity handling.\n\n## CRITICAL ISSUES (Must fix immediately - Will crash)\n\n- Issue 1: **Syntax Error: Missing colon in `if` statement.**\n  Location: Line 23, Function `StudentRecord.add_grade`\n  Impact: Code will fail to compile/run immediately upon execution.\n  Current behavior: `if score < 0 or score > 100` is missing the colo...",
            "code_length": 11286,
            "pylint_used": true,
            "pattern_issues_found": 27,
            "iteration": 1
        },
        "status": "SUCCESS"
    },
    {
        "id": "ee1fdfe6-66b0-4f63-ae62-611eb1d6ebed",
        "timestamp": "2026-02-01T14:52:59.857256",
        "agent": "Fixer_Agent",
        "model": "gemini-flash-latest",
        "action": "FIX",
        "details": {
            "file_name": "sandbox\\code.py",
            "input_prompt": "⚠️ ITERATION 2 - TESTS ARE FAILING!\n\nThe Judge executed tests and they FAILED. You must fix the EXACT issues reported.\n\nSPECIFIC TEST FAILURES FROM JUDGE:\n============================================================\npytest collected 0 tests from the generated test file. Possible causes: (1) import errors in the test file, (2) test functions not prefixed with 'test_', (3) the LLM re-defined classes inline instead of importing from the source. Please regenerate or fix the test file structure.\n====...",
            "output_response": "import os\nimport json\nimport re\nfrom datetime import datetime, timedelta\n\n\nclass StudentRecord:\n    def __init__(self, name, age, grades=None):\n        self.name = name\n        self.age = age\n        self.grades = grades if grades != None else []\n        self.enrolled = True\n\n    def add_grade(self, subject, score):\n        if score < 0 or score > 100:\n            raise ValueError(\"Score must be between 0 and 100\")\n        self.grades.append({\"subject\": subject, \"score\": score})\n\n    def get_ave...",
            "iteration": 1,
            "original_code_length": 11286,
            "fixed_code_length": 11341,
            "validation_passed": true,
            "validation_error": null
        },
        "status": "SUCCESS"
    },
    {
        "id": "ad7e8b92-31d1-4867-b167-e82e9064629e",
        "timestamp": "2026-02-01T14:53:39.221580",
        "agent": "Judge_Agent",
        "model": "gemini-flash-latest",
        "action": "CODE_GEN",
        "details": {
            "file_name": "sandbox\\code.py",
            "code_lines": 361,
            "code_chars": 11341,
            "timeout_used": 180,
            "generation_time": "39.2s",
            "input_prompt": "Generate pytest tests for this Python code.\n\nCODE:\n```python\nimport os\nimport json\nimport re\nfrom datetime import datetime, timedelta\n\n\nclass StudentRecord:\n    def __init__(self, name, age, grades=None):\n        self.name = name\n        self.age = age\n        self.grades = grades if grades != None else []\n        self.enrolled = True\n\n    def add_grade(self, subject, score):\n        if score < 0 or score > 100:\n            raise ValueError(\"Score must be between 0 and 100\")\n        self.grades....",
            "output_response": "...",
            "purpose": "unit_test_generation"
        },
        "status": "SUCCESS"
    },
    {
        "id": "de3ff305-a025-4769-8065-d1e1d73596ff",
        "timestamp": "2026-02-01T14:54:10.650939",
        "agent": "Auditor_Agent",
        "model": "gemini-flash-latest",
        "action": "CODE_ANALYSIS",
        "details": {
            "file_analyzed": "sandbox\\code.py",
            "input_prompt": "You are an expert CODE AUDITOR responsible for analyzing Python code and creating a comprehensive refactoring plan.\n\nAVAILABLE TOOLS:\nYou have access to these Python functions (already implemented):\n- read_file(filename): Reads a file from the sandbox directory and returns its content as a string\n- run_pylint(filename): Runs pylint static analysis and returns a parsed report of errors and warnings\n- validate_syntax(code): Checks if Python code has valid syntax, returns (is_valid, error_message)\n...",
            "output_response": "## CRITICAL ISSUES (Must fix immediately - Will crash)\n\n- Issue 1: Syntax Error - Missing colon in `StudentRecord.add_grade`.\n  Location: Line 20, `StudentRecord.add_grade`\n  Impact: SyntaxError, the program will not run.\n  Current behavior: `if score < 0 or score > 100` is invalid syntax.\n  Expected behavior: `if score < 0 or score > 100:`\n  Root cause: Missing colon after the `if` condition.\n  Fix: Add a colon.\n\n- Issue 2: Syntax Error - Missing colon in `calculate_letter_grade`.\n  Location: L...",
            "code_length": 11286,
            "pylint_used": true,
            "pattern_issues_found": 27,
            "iteration": 2
        },
        "status": "SUCCESS"
    },
    {
        "id": "914bd575-6cb7-470d-b339-3145384c7ecb",
        "timestamp": "2026-02-01T14:54:41.288258",
        "agent": "Fixer_Agent",
        "model": "gemini-flash-latest",
        "action": "FIX",
        "details": {
            "file_name": "sandbox\\code.py",
            "input_prompt": "⚠️ ITERATION 3 - TESTS ARE FAILING!\n\nThe Judge executed tests and they FAILED. You must fix the EXACT issues reported.\n\nSPECIFIC TEST FAILURES FROM JUDGE:\n============================================================\nCould not generate unit tests automatically\n============================================================\n\nRead the failure messages CAREFULLY:\n- What the test EXPECTED (correct behavior)\n- What your code ACTUALLY returned (the bug)\n- The exact assertion that failed\n\nORIGINAL REFACTOR...",
            "output_response": "import os\nimport json\nimport re\nfrom datetime import datetime, timedelta\n\n\nclass StudentRecord:\n    def __init__(self, name, age, grades=None):\n        self.name = name\n        self.age = age\n        self.grades = grades if grades != None else []\n        self.enrolled = True\n\n    def add_grade(self, subject, score):\n        if score < 0 or score > 100:\n            raise ValueError(\"Score must be between 0 and 100\")\n        self.grades.append({\"subject\": subject, \"score\": score})\n\n    def get_ave...",
            "iteration": 2,
            "original_code_length": 11286,
            "fixed_code_length": 11356,
            "validation_passed": true,
            "validation_error": null
        },
        "status": "SUCCESS"
    },
    {
        "id": "ce65c0dc-87b1-4c3f-bd38-8c735de5bb0d",
        "timestamp": "2026-02-01T14:55:19.476317",
        "agent": "Judge_Agent",
        "model": "gemini-flash-latest",
        "action": "CODE_GEN",
        "details": {
            "file_name": "sandbox\\code.py",
            "code_lines": 361,
            "code_chars": 11356,
            "timeout_used": 180,
            "generation_time": "38.1s",
            "input_prompt": "Generate pytest tests for this Python code.\n\nCODE:\n```python\nimport os\nimport json\nimport re\nfrom datetime import datetime, timedelta\n\n\nclass StudentRecord:\n    def __init__(self, name, age, grades=None):\n        self.name = name\n        self.age = age\n        self.grades = grades if grades != None else []\n        self.enrolled = True\n\n    def add_grade(self, subject, score):\n        if score < 0 or score > 100:\n            raise ValueError(\"Score must be between 0 and 100\")\n        self.grades....",
            "output_response": "import pytest\nimport os\nimport json\nfrom datetime import datetime, timedelta\nfrom unittest.mock import patch, MagicMock\n\n# Assuming the provided code is saved in 'code_temp.py'\nfrom code_temp import (\n    StudentRecord, Classroom, parse_student_data, calculate_letter_grade,\n    generate_report, filter_students_by_criteria, merge_classrooms,\n    schedule_to_string, detect_conflicts, grade_distribution,\n    export_to_json, import_from_json, compute_rank, days_until_graduation,\n    validate_student...",
            "purpose": "unit_test_generation"
        },
        "status": "SUCCESS"
    },
    {
        "id": "355e63d5-14dd-472e-a7e7-8cd053f613ff",
        "timestamp": "2026-02-01T14:55:19.814728",
        "agent": "Judge_Agent",
        "model": "validation",
        "action": "CODE_GEN",
        "details": {
            "iteration": 3,
            "tests_passed": false,
            "passed_count": 0,
            "failed_count": 0,
            "has_tests": false,
            "input_prompt": "Running pytest (iteration 3)",
            "output_response": "WARNING: 0 tests collected"
        },
        "status": "FAILURE"
    },
    {
        "id": "e20074c6-f75d-4a7e-8f1d-d8853af06299",
        "timestamp": "2026-02-01T14:55:46.770877",
        "agent": "Auditor_Agent",
        "model": "gemini-flash-latest",
        "action": "CODE_ANALYSIS",
        "details": {
            "file_analyzed": "sandbox\\code.py",
            "input_prompt": "You are an expert CODE AUDITOR responsible for analyzing Python code and creating a comprehensive refactoring plan.\n\nAVAILABLE TOOLS:\nYou have access to these Python functions (already implemented):\n- read_file(filename): Reads a file from the sandbox directory and returns its content as a string\n- run_pylint(filename): Runs pylint static analysis and returns a parsed report of errors and warnings\n- validate_syntax(code): Checks if Python code has valid syntax, returns (is_valid, error_message)\n...",
            "output_response": "This audit reveals several critical syntax errors, runtime vulnerabilities, and logic flaws that must be addressed immediately to ensure the code runs correctly and produces accurate results.\n\n## CRITICAL ISSUES (Must fix immediately - Will crash)\n\n- Issue 1: Syntax Error - Missing colon in `StudentRecord.add_grade`.\n  Location: Line 20, Function `StudentRecord.add_grade`\n  Impact: The program will fail to compile/run due to invalid Python syntax.\n  Current behavior: `SyntaxError`.\n  Expected be...",
            "code_length": 11286,
            "pylint_used": true,
            "pattern_issues_found": 27,
            "iteration": 3
        },
        "status": "SUCCESS"
    },
    {
        "id": "1419b4db-aff1-46b2-b70c-72ead924bad6",
        "timestamp": "2026-02-01T14:56:07.714478",
        "agent": "Fixer_Agent",
        "model": "gemini-flash-latest",
        "action": "FIX",
        "details": {
            "file_name": "sandbox\\code.py",
            "input_prompt": "⚠️ ITERATION 4 - TESTS ARE FAILING!\n\nThe Judge executed tests and they FAILED. You must fix the EXACT issues reported.\n\nSPECIFIC TEST FAILURES FROM JUDGE:\n============================================================\npytest collected 0 tests from the generated test file. Possible causes: (1) import errors in the test file, (2) test functions not prefixed with 'test_', (3) the LLM re-defined classes inline instead of importing from the source. Please regenerate or fix the test file structure.\n====...",
            "output_response": "import os\nimport json\nimport re\nfrom datetime import datetime, timedelta\n\n\nclass StudentRecord:\n    def __init__(self, name, age, grades=None):\n        self.name = name\n        self.age = age\n        self.grades = grades if grades is not None else []\n        self.enrolled = True\n\n    def add_grade(self, subject, score):\n        if score < 0 or score > 100:\n            raise ValueError(\"Score must be between 0 and 100\")\n        self.grades.append({\"subject\": subject, \"score\": score})\n\n    def get...",
            "iteration": 3,
            "original_code_length": 11286,
            "fixed_code_length": 12749,
            "validation_passed": true,
            "validation_error": null
        },
        "status": "SUCCESS"
    },
    {
        "id": "d90e8cfd-024c-411d-a2c9-c6f55f4b93dd",
        "timestamp": "2026-02-01T14:56:38.475604",
        "agent": "Judge_Agent",
        "model": "gemini-flash-latest",
        "action": "CODE_GEN",
        "details": {
            "file_name": "sandbox\\code.py",
            "code_lines": 401,
            "code_chars": 12749,
            "timeout_used": 180,
            "generation_time": "30.7s",
            "input_prompt": "Generate pytest tests for this Python code.\n\nCODE:\n```python\nimport os\nimport json\nimport re\nfrom datetime import datetime, timedelta\n\n\nclass StudentRecord:\n    def __init__(self, name, age, grades=None):\n        self.name = name\n        self.age = age\n        self.grades = grades if grades is not None else []\n        self.enrolled = True\n\n    def add_grade(self, subject, score):\n        if score < 0 or score > 100:\n            raise ValueError(\"Score must be between 0 and 100\")\n        self.gra...",
            "output_response": "import pytest\nimport os\nimport json\nfrom datetime import datetime, timedelta\nfrom unittest.mock import patch, MagicMock\n\n# Assuming the provided code is saved in a file named 'student_management.py'\n# Since I cannot save files, I will assume the classes and functions are available\n# in the current scope or imported from a temporary module name like 'code_temp'.\n\n# To make this runnable, I'll define the classes/functions here for the test environment\n# If running in a real environment, replace th...",
            "purpose": "unit_test_generation"
        },
        "status": "SUCCESS"
    },
    {
        "id": "f7ef75c5-c4bc-470a-883d-a14872951556",
        "timestamp": "2026-02-01T14:56:38.925590",
        "agent": "Judge_Agent",
        "model": "validation",
        "action": "CODE_GEN",
        "details": {
            "iteration": 4,
            "tests_passed": false,
            "passed_count": 0,
            "failed_count": 0,
            "has_tests": false,
            "input_prompt": "Running pytest (iteration 4)",
            "output_response": "WARNING: 0 tests collected"
        },
        "status": "FAILURE"
    },
    {
        "id": "783b5992-c29a-41aa-9fc4-b25cc06009f7",
        "timestamp": "2026-02-01T14:57:13.741931",
        "agent": "Auditor_Agent",
        "model": "gemini-flash-latest",
        "action": "CODE_ANALYSIS",
        "details": {
            "file_analyzed": "sandbox\\code.py",
            "input_prompt": "You are an expert CODE AUDITOR responsible for analyzing Python code and creating a comprehensive refactoring plan.\n\nAVAILABLE TOOLS:\nYou have access to these Python functions (already implemented):\n- read_file(filename): Reads a file from the sandbox directory and returns its content as a string\n- run_pylint(filename): Runs pylint static analysis and returns a parsed report of errors and warnings\n- validate_syntax(code): Checks if Python code has valid syntax, returns (is_valid, error_message)\n...",
            "output_response": "This audit reveals several critical syntax errors that prevent the code from running, as well as crucial runtime errors related to handling empty collections and logic flaws in sorting and date calculation.\n\n## CRITICAL ISSUES (Must fix immediately - Will crash)\n\n- Issue 1: Syntax Error in `StudentRecord.add_grade`.\n  Location: Line 20\n  Impact: Code will not compile/run due to missing colon after the `if` condition.\n  Current behavior: `if score < 0 or score > 100`\n  Expected behavior: `if scor...",
            "code_length": 11286,
            "pylint_used": true,
            "pattern_issues_found": 27,
            "iteration": 4
        },
        "status": "SUCCESS"
    },
    {
        "id": "56fea0a4-2360-4a61-b476-d51c4a0e34b6",
        "timestamp": "2026-02-01T14:57:16.660950",
        "agent": "Fixer_Agent",
        "model": "gemini-flash-latest",
        "action": "FIX",
        "details": {
            "file_name": "sandbox\\code.py",
            "input_prompt": "⚠️ ITERATION 5 - TESTS ARE FAILING!\n\nThe Judge executed tests and they FAILED. You must fix the EXACT issues reported.\n\nSPECIFIC TEST FAILURES FROM JUDGE:\n============================================================\npytest collected 0 tests from the generated test file. Possible causes: (1) import errors in the test file, (2) test functions not prefixed with 'test_', (3) the LLM re-defined classes inline instead of importing from the source. Please regenerate or fix the test file structure.\n====...",
            "output_response": "ERROR: 429 You exceeded your current quota, please check your plan and billing details. For more information on this error, head to: https://ai.google.dev/gemini-api/docs/rate-limits. To monitor your current usage, head to: https://ai.dev/rate-limit. \n* Quota exceeded for metric: generativelanguage.googleapis.com/generate_content_free_tier_requests, limit: 20, model: gemini-2.5-flash\nPlease retry in 42.26009638s. [links {\n  description: \"Learn more about Gemini API quotas\"\n  url: \"https://ai.google.dev/gemini-api/docs/rate-limits\"\n}\n, violations {\n  quota_metric: \"generativelanguage.googleapis.com/generate_content_free_tier_requests\"\n  quota_id: \"GenerateRequestsPerDayPerProjectPerModel-FreeTier\"\n  quota_dimensions {\n    key: \"model\"\n    value: \"gemini-2.5-flash\"\n  }\n  quota_dimensions {\n    key: \"location\"\n    value: \"global\"\n  }\n  quota_value: 20\n}\n, retry_delay {\n  seconds: 42\n}\n]",
            "error_message": "429 You exceeded your current quota, please check your plan and billing details. For more information on this error, head to: https://ai.google.dev/gemini-api/docs/rate-limits. To monitor your current usage, head to: https://ai.dev/rate-limit. \n* Quota exceeded for metric: generativelanguage.googleapis.com/generate_content_free_tier_requests, limit: 20, model: gemini-2.5-flash\nPlease retry in 42.26009638s. [links {\n  description: \"Learn more about Gemini API quotas\"\n  url: \"https://ai.google.dev/gemini-api/docs/rate-limits\"\n}\n, violations {\n  quota_metric: \"generativelanguage.googleapis.com/generate_content_free_tier_requests\"\n  quota_id: \"GenerateRequestsPerDayPerProjectPerModel-FreeTier\"\n  quota_dimensions {\n    key: \"model\"\n    value: \"gemini-2.5-flash\"\n  }\n  quota_dimensions {\n    key: \"location\"\n    value: \"global\"\n  }\n  quota_value: 20\n}\n, retry_delay {\n  seconds: 42\n}\n]",
            "iteration": 4
        },
        "status": "FAILURE"
    },
    {
        "id": "c72013fb-90c9-472c-ac49-c18777c96514",
        "timestamp": "2026-02-01T14:57:16.788924",
        "agent": "Judge_Agent",
        "model": "validation",
        "action": "CODE_GEN",
        "details": {
            "iteration": 5,
            "syntax_valid": false,
            "syntax_error": "expected ':' (<string>, line 15)",
            "input_prompt": "Validating syntax (iteration 5)",
            "output_response": "SYNTAX ERROR: expected ':' (<string>, line 15)"
        },
        "status": "FAILURE"
    },
    {
        "id": "174a5564-fd47-424e-a009-6e06f9382b58",
        "timestamp": "2026-02-01T14:57:17.654122",
        "agent": "System",
        "model": "N/A",
        "action": "CODE_GEN",
        "details": {
            "event": "COMPLETION",
            "total_files": 1,
            "fixed_count": 0,
            "failed_count": 0,
            "failed_files": [],
            "output_directory": "C:\\Users\\SMART-TECH 0424\\Desktop\\Refactoring-Swarm\\refactoring-swarm-template\\sandbox",
            "success_rate": "0.0%",
            "input_prompt": "Processing 1 files",
            "output_response": "Fixed 0/1 files"
        },
        "status": "SUCCESS"
    },
    {
        "id": "a8979e7e-e6d4-4c3b-b9b5-ab595435d5df",
        "timestamp": "2026-02-01T15:03:07.269730",
        "agent": "System",
        "model": "N/A",
        "action": "CODE_ANALYSIS",
        "details": {
            "event": "STARTUP",
            "target_directory": "sandbox",
            "output_directory": "C:\\Users\\SMART-TECH 0424\\Desktop\\Refactoring-Swarm\\refactoring-swarm-template\\sandbox",
            "max_iterations": 7,
            "input_prompt": "Starting refactoring workflow on directory: sandbox",
            "output_response": "System initialized successfully"
        },
        "status": "SUCCESS"
    },
    {
        "id": "02d3b92f-e7da-472d-b3a1-6dee53518e1d",
        "timestamp": "2026-02-01T15:03:13.040456",
        "agent": "System",
        "model": "N/A",
        "action": "CODE_GEN",
        "details": {
            "event": "COMPLETION",
            "total_files": 1,
            "fixed_count": 0,
            "failed_count": 0,
            "failed_files": [],
            "output_directory": "C:\\Users\\SMART-TECH 0424\\Desktop\\Refactoring-Swarm\\refactoring-swarm-template\\sandbox",
            "success_rate": "0.0%",
            "input_prompt": "Processing 1 files",
            "output_response": "Fixed 0/1 files"
        },
        "status": "SUCCESS"
    },
    {
        "id": "36037b28-6057-4245-8c65-3ee73af2bd08",
        "timestamp": "2026-02-01T15:04:25.235008",
        "agent": "System",
        "model": "N/A",
        "action": "CODE_ANALYSIS",
        "details": {
            "event": "STARTUP",
            "target_directory": "sandbox",
            "output_directory": "C:\\Users\\SMART-TECH 0424\\Desktop\\Refactoring-Swarm\\refactoring-swarm-template\\sandbox",
            "max_iterations": 7,
            "input_prompt": "Starting refactoring workflow on directory: sandbox",
            "output_response": "System initialized successfully"
        },
        "status": "SUCCESS"
    },
    {
        "id": "80d2a1b6-1c2d-4172-96db-c46177fd5a6f",
        "timestamp": "2026-02-01T15:05:02.532924",
        "agent": "Auditor_Agent",
        "model": "gemini-flash-latest",
        "action": "CODE_ANALYSIS",
        "details": {
            "file_analyzed": "sandbox\\code.py",
            "input_prompt": "You are an expert CODE AUDITOR responsible for analyzing Python code and creating a comprehensive refactoring plan.\n\nAVAILABLE TOOLS:\nYou have access to these Python functions (already implemented):\n- read_file(filename): Reads a file from the sandbox directory and returns its content as a string\n- run_pylint(filename): Runs pylint static analysis and returns a parsed report of errors and warnings\n- validate_syntax(code): Checks if Python code has valid syntax, returns (is_valid, error_message)\n...",
            "output_response": "This audit reveals several critical syntax errors that prevent the code from running, a major runtime crash vulnerability, and significant logic flaws related to sorting and data handling.\n\n## CRITICAL ISSUES (Must fix immediately - Will crash)\n\n- Issue 1: Missing colon in `StudentRecord.add_grade`\n  Location: Line 19\n  Impact: SyntaxError. The program will fail to compile and run.\n  Current behavior: `if score < 0 or score > 100` is invalid Python syntax.\n  Expected behavior: The `if` statement...",
            "code_length": 11286,
            "pylint_used": true,
            "pattern_issues_found": 27,
            "iteration": 0
        },
        "status": "SUCCESS"
    },
    {
        "id": "50d42139-518d-488f-ba38-1bbb40b4f557",
        "timestamp": "2026-02-01T15:05:36.125841",
        "agent": "Fixer_Agent",
        "model": "gemini-flash-latest",
        "action": "FIX",
        "details": {
            "file_name": "sandbox\\code.py",
            "input_prompt": "You are an expert CODE FIXER responsible for implementing corrections based on the refactoring plan.\n\nAVAILABLE TOOLS:\nYou will use these Python functions (already implemented):\n- write_file(filename, content): Saves the fixed code to filename_fixed.py in the sandbox\n  * Automatically validates syntax before saving\n  * Performs security checks (no dangerous operations)\n  * Returns \"SUCCESS: Fixed code saved as 'filename_fixed.py'\" if successful\n  * Returns error message if syntax is invalid or c...",
            "output_response": "import os\nimport json\nimport re\nfrom datetime import datetime, timedelta\n\n\nclass StudentRecord:\n    def __init__(self, name, age, grades=None):\n        self.name = name\n        self.age = age\n        self.grades = grades if grades is not None else []\n        self.enrolled = True\n\n    def add_grade(self, subject, score):\n        if score < 0 or score > 100:\n            raise ValueError(\"Score must be between 0 and 100\")\n        self.grades.append({\"subject\": subject, \"score\": score})\n\n    def get...",
            "iteration": 0,
            "original_code_length": 11286,
            "fixed_code_length": 11483,
            "validation_passed": true,
            "validation_error": null
        },
        "status": "SUCCESS"
    },
    {
        "id": "a386193e-39eb-4c9b-9915-44a31180760d",
        "timestamp": "2026-02-01T15:06:20.043197",
        "agent": "Judge_Agent",
        "model": "gemini-flash-latest",
        "action": "CODE_GEN",
        "details": {
            "file_name": "sandbox\\code.py",
            "code_lines": 368,
            "code_chars": 11483,
            "timeout_used": 180,
            "generation_time": "43.8s",
            "input_prompt": "Generate pytest tests for this Python code.\n\nCODE:\n```python\nimport os\nimport json\nimport re\nfrom datetime import datetime, timedelta\n\n\nclass StudentRecord:\n    def __init__(self, name, age, grades=None):\n        self.name = name\n        self.age = age\n        self.grades = grades if grades is not None else []\n        self.enrolled = True\n\n    def add_grade(self, subject, score):\n        if score < 0 or score > 100:\n            raise ValueError(\"Score must be between 0 and 100\")\n        self.gra...",
            "output_response": "import pytest\nimport os\nimport json\nfrom datetime import datetime, timedelta\nfrom unittest.mock import patch\n\n# Assuming the provided code is saved in a module named 'code_temp'\ntry:\n    from code_temp import (\n        StudentRecord, Classroom, calculate_letter_grade,\n        parse_student_data, generate_report, filter_students_by_criteria,\n        merge_classrooms, schedule_to_string, detect_conflicts,\n        grade_distribution, export_to_json, import_from_json,\n        compute_rank, days_unti...",
            "purpose": "unit_test_generation"
        },
        "status": "SUCCESS"
    },
    {
        "id": "e732af21-f7a9-406d-9142-102e47fe13d8",
        "timestamp": "2026-02-01T15:06:20.140863",
        "agent": "Judge_Agent",
        "model": "validation",
        "action": "CODE_GEN",
        "details": {
            "iteration": 1,
            "tests_passed": false,
            "passed_count": 0,
            "failed_count": 0,
            "has_tests": false,
            "input_prompt": "Running pytest (iteration 1)",
            "output_response": "WARNING: 0 tests collected"
        },
        "status": "FAILURE"
    },
    {
        "id": "ae79a1dc-2f03-4d9b-86ba-2077b322927c",
        "timestamp": "2026-02-01T15:06:59.447054",
        "agent": "Auditor_Agent",
        "model": "gemini-flash-latest",
        "action": "CODE_ANALYSIS",
        "details": {
            "file_analyzed": "sandbox\\code.py",
            "input_prompt": "You are an expert CODE AUDITOR responsible for analyzing Python code and creating a comprehensive refactoring plan.\n\nAVAILABLE TOOLS:\nYou have access to these Python functions (already implemented):\n- read_file(filename): Reads a file from the sandbox directory and returns its content as a string\n- run_pylint(filename): Runs pylint static analysis and returns a parsed report of errors and warnings\n- validate_syntax(code): Checks if Python code has valid syntax, returns (is_valid, error_message)\n...",
            "output_response": "This audit reveals several critical syntax errors that prevent the code from running, as well as high-priority logic errors concerning ranking and sorting. The design also suffers from fragility in data handling and date calculations.\n\n## CRITICAL ISSUES (Must fix immediately - Will crash)\n\n- Issue 1: Missing colon in `if` statement\n  Location: Line 16, Function `StudentRecord.add_grade`\n  Impact: The script will fail to compile/run due to invalid syntax.\n  Current behavior: `SyntaxError`.\n  Exp...",
            "code_length": 11286,
            "pylint_used": true,
            "pattern_issues_found": 27,
            "iteration": 1
        },
        "status": "SUCCESS"
    },
    {
        "id": "80ff777b-08cf-4228-abe3-bb018730d654",
        "timestamp": "2026-02-01T15:07:17.840108",
        "agent": "Fixer_Agent",
        "model": "gemini-flash-latest",
        "action": "FIX",
        "details": {
            "file_name": "sandbox\\code.py",
            "input_prompt": "⚠️ ITERATION 2 - TESTS ARE FAILING!\n\nThe Judge executed tests and they FAILED. You must fix the EXACT issues reported.\n\nSPECIFIC TEST FAILURES FROM JUDGE:\n============================================================\npytest collected 0 tests from the generated test file. Possible causes: (1) import errors in the test file, (2) test functions not prefixed with 'test_', (3) the LLM re-defined classes inline instead of importing from the source. Please regenerate or fix the test file structure.\n====...",
            "output_response": "import os\nimport json\nimport re\nfrom datetime import datetime, timedelta\n\n\nclass StudentRecord:\n    def __init__(self, name, age, grades=None):\n        self.name = name\n        self.age = age\n        self.grades = grades if grades != None else []\n        self.enrolled = True\n\n    def add_grade(self, subject, score):\n        if score < 0 or score > 100:\n            raise ValueError(\"Score must be between 0 and 100\")\n        self.grades.append({\"subject\": subject, \"score\": score})\n\n    def get_ave...",
            "iteration": 1,
            "original_code_length": 11286,
            "fixed_code_length": 12110,
            "validation_passed": true,
            "validation_error": null
        },
        "status": "SUCCESS"
    },
    {
        "id": "fb563725-4fa7-47af-88d6-222a2c9217f6",
        "timestamp": "2026-02-01T15:08:03.991325",
        "agent": "Judge_Agent",
        "model": "gemini-flash-latest",
        "action": "CODE_GEN",
        "details": {
            "file_name": "sandbox\\code.py",
            "code_lines": 383,
            "code_chars": 12110,
            "timeout_used": 180,
            "generation_time": "46.0s",
            "input_prompt": "Generate pytest tests for this Python code.\n\nCODE:\n```python\nimport os\nimport json\nimport re\nfrom datetime import datetime, timedelta\n\n\nclass StudentRecord:\n    def __init__(self, name, age, grades=None):\n        self.name = name\n        self.age = age\n        self.grades = grades if grades != None else []\n        self.enrolled = True\n\n    def add_grade(self, subject, score):\n        if score < 0 or score > 100:\n            raise ValueError(\"Score must be between 0 and 100\")\n        self.grades....",
            "output_response": "import pytest\nimport os\nimport json\nfrom datetime import datetime, timedelta\nfrom unittest.mock import patch, MagicMock\n\n# Assuming the provided code is saved in a file named 'code_temp.py'\n# We import all necessary components from the source file.\ntry:\n    from code_temp import (\n        StudentRecord, Classroom, parse_student_data, calculate_letter_grade,\n        generate_report, filter_students_by_criteria, merge_classrooms,\n        schedule_to_string, detect_conflicts, grade_distribution,\n  ...",
            "purpose": "unit_test_generation"
        },
        "status": "SUCCESS"
    },
    {
        "id": "237bd037-d9d6-4c19-9bbf-1da1eb2dcde4",
        "timestamp": "2026-02-01T15:08:04.151799",
        "agent": "Judge_Agent",
        "model": "validation",
        "action": "CODE_GEN",
        "details": {
            "iteration": 2,
            "tests_passed": false,
            "passed_count": 0,
            "failed_count": 0,
            "has_tests": false,
            "input_prompt": "Running pytest (iteration 2)",
            "output_response": "WARNING: 0 tests collected"
        },
        "status": "FAILURE"
    },
    {
        "id": "1b31b3e7-051e-48d7-a214-4cfe07663774",
        "timestamp": "2026-02-01T15:08:32.018651",
        "agent": "Auditor_Agent",
        "model": "gemini-flash-latest",
        "action": "CODE_ANALYSIS",
        "details": {
            "file_analyzed": "sandbox\\code.py",
            "input_prompt": "You are an expert CODE AUDITOR responsible for analyzing Python code and creating a comprehensive refactoring plan.\n\nAVAILABLE TOOLS:\nYou have access to these Python functions (already implemented):\n- read_file(filename): Reads a file from the sandbox directory and returns its content as a string\n- run_pylint(filename): Runs pylint static analysis and returns a parsed report of errors and warnings\n- validate_syntax(code): Checks if Python code has valid syntax, returns (is_valid, error_message)\n...",
            "output_response": "This code audit reveals several critical syntax errors that prevent execution, runtime errors related to handling empty collections, and significant logic flaws, particularly in ranking and sorting functions.\n\n## CRITICAL ISSUES (Must fix immediately - Will crash)\n\n- Issue 1: **Syntax Error: Missing colon in `StudentRecord.add_grade`**\n  Location: Line 16, Function `StudentRecord.add_grade`\n  Impact: The program will fail to compile/run due to invalid syntax.\n  Current behavior: `if score < 0 or...",
            "code_length": 11286,
            "pylint_used": true,
            "pattern_issues_found": 27,
            "iteration": 2
        },
        "status": "SUCCESS"
    },
    {
        "id": "1ecabde3-2d08-4fa6-af0e-d889b4e3c341",
        "timestamp": "2026-02-01T15:08:52.791546",
        "agent": "Fixer_Agent",
        "model": "gemini-flash-latest",
        "action": "FIX",
        "details": {
            "file_name": "sandbox\\code.py",
            "input_prompt": "⚠️ ITERATION 3 - TESTS ARE FAILING!\n\nThe Judge executed tests and they FAILED. You must fix the EXACT issues reported.\n\nSPECIFIC TEST FAILURES FROM JUDGE:\n============================================================\npytest collected 0 tests from the generated test file. Possible causes: (1) import errors in the test file, (2) test functions not prefixed with 'test_', (3) the LLM re-defined classes inline instead of importing from the source. Please regenerate or fix the test file structure.\n====...",
            "output_response": "import os\nimport json\nimport re\nfrom datetime import datetime, timedelta\n\n\nclass StudentRecord:\n    def __init__(self, name, age, grades=None):\n        self.name = name\n        self.age = age\n        self.grades = grades if grades != None else []\n        self.enrolled = True\n\n    def add_grade(self, subject, score):\n        if score < 0 or score > 100:\n            raise ValueError(\"Score must be between 0 and 100\")\n        self.grades.append({\"subject\": subject, \"score\": score})\n\n    def get_ave...",
            "iteration": 2,
            "original_code_length": 11286,
            "fixed_code_length": 7509,
            "validation_passed": false,
            "validation_error": "Line 247: expected an indented block after 'for' statement on line 247"
        },
        "status": "PARTIAL"
    },
    {
        "id": "bce334d5-db13-4e38-9b1c-731387a606db",
        "timestamp": "2026-02-01T15:08:52.947524",
        "agent": "Judge_Agent",
        "model": "validation",
        "action": "CODE_GEN",
        "details": {
            "iteration": 3,
            "syntax_valid": false,
            "syntax_error": "expected an indented block after 'for' statement on line 247 (<string>, line 247)",
            "input_prompt": "Validating syntax (iteration 3)",
            "output_response": "SYNTAX ERROR: expected an indented block after 'for' statement on line 247 (<string>, line 247)"
        },
        "status": "FAILURE"
    },
    {
        "id": "75adcf5f-a405-4a9c-94bb-e455d15b9658",
        "timestamp": "2026-02-01T15:09:22.483849",
        "agent": "Auditor_Agent",
        "model": "gemini-flash-latest",
        "action": "CODE_ANALYSIS",
        "details": {
            "file_analyzed": "sandbox\\code.py",
            "input_prompt": "You are an expert CODE AUDITOR responsible for analyzing Python code and creating a comprehensive refactoring plan.\n\nAVAILABLE TOOLS:\nYou have access to these Python functions (already implemented):\n- read_file(filename): Reads a file from the sandbox directory and returns its content as a string\n- run_pylint(filename): Runs pylint static analysis and returns a parsed report of errors and warnings\n- validate_syntax(code): Checks if Python code has valid syntax, returns (is_valid, error_message)\n...",
            "output_response": "This audit reveals several critical runtime errors, primarily due to incomplete code and brittle dictionary access, as well as high-priority logic flaws related to data handling and sorting.\n\n## CRITICAL ISSUES (Must fix immediately - Will crash)\n\n- Issue 1: **Syntax Error / Incomplete Function Definition**\n  Location: Line 247-248 (Function `compute_rank`)\n  Impact: The code will fail to compile/run because the `for` loop is not followed by an indented block, and the function does not return a ...",
            "code_length": 7509,
            "pylint_used": true,
            "pattern_issues_found": 15,
            "iteration": 3
        },
        "status": "SUCCESS"
    },
    {
        "id": "3d6c2f95-a6d0-40ef-b60e-731ab75e10b5",
        "timestamp": "2026-02-01T15:09:36.802569",
        "agent": "Fixer_Agent",
        "model": "gemini-flash-latest",
        "action": "FIX",
        "details": {
            "file_name": "sandbox\\code.py",
            "input_prompt": "⚠️ ITERATION 4 - TESTS ARE FAILING!\n\nThe Judge executed tests and they FAILED. You must fix the EXACT issues reported.\n\nSPECIFIC TEST FAILURES FROM JUDGE:\n============================================================\nSyntax error at line 247: expected an indented block after 'for' statement on line 247\nProblematic line:     for i, student in enumerate(ranked):\n============================================================\n\nRead the failure messages CAREFULLY:\n- What the test EXPECTED (correct behav...",
            "output_response": "import os\nimport json\nimport re\nfrom datetime import datetime, timedelta\n\n\nclass StudentRecord:\n    def __init__(self, name, age, grades=None):\n        self.name = name\n        self.age = age\n        self.grades = grades if grades != None else []\n        self.enrolled = True\n\n    def add_grade(self, subject, score):\n        if score < 0 or score > 100:\n            raise ValueError(\"Score must be between 0 and 100\")\n        self.grades.append({\"subject\": subject, \"score\": score})\n\n    def get_ave...",
            "iteration": 3,
            "original_code_length": 7509,
            "fixed_code_length": 9070,
            "validation_passed": true,
            "validation_error": null
        },
        "status": "SUCCESS"
    },
    {
        "id": "5f2fb5d7-cb13-43c4-a092-fea1e3aaf4da",
        "timestamp": "2026-02-01T15:10:00.106847",
        "agent": "Judge_Agent",
        "model": "gemini-flash-latest",
        "action": "CODE_GEN",
        "details": {
            "file_name": "sandbox\\code.py",
            "code_lines": 290,
            "code_chars": 9070,
            "timeout_used": 145,
            "generation_time": "23.2s",
            "input_prompt": "Generate pytest tests for this Python code.\n\nCODE:\n```python\nimport os\nimport json\nimport re\nfrom datetime import datetime, timedelta\n\n\nclass StudentRecord:\n    def __init__(self, name, age, grades=None):\n        self.name = name\n        self.age = age\n        self.grades = grades if grades != None else []\n        self.enrolled = True\n\n    def add_grade(self, subject, score):\n        if score < 0 or score > 100:\n            raise ValueError(\"Score must be between 0 and 100\")\n        self.grades....",
            "output_response": "import pytest\nimport os\nimport json\nfrom datetime import datetime\nfrom unittest.mock import patch, mock_open\n\n# Assuming the provided code is saved in a file named 'student_management.py'\n# Since I cannot save files, I will assume the code is available in the current scope\n# For execution purposes, we must ensure the classes and functions are accessible.\n\n# If the code was in a separate file, we would use:\n# from student_management import (\n#     StudentRecord, Classroom, parse_student_data, cal...",
            "purpose": "unit_test_generation"
        },
        "status": "SUCCESS"
    },
    {
        "id": "2eacee04-cd2c-41d6-ba4f-937aaee59663",
        "timestamp": "2026-02-01T15:10:00.296914",
        "agent": "Judge_Agent",
        "model": "validation",
        "action": "CODE_GEN",
        "details": {
            "iteration": 4,
            "tests_passed": false,
            "passed_count": 0,
            "failed_count": 0,
            "has_tests": false,
            "input_prompt": "Running pytest (iteration 4)",
            "output_response": "WARNING: 0 tests collected"
        },
        "status": "FAILURE"
    },
    {
        "id": "339f02f6-692d-4095-9c13-56b5c7575d6f",
        "timestamp": "2026-02-01T15:10:27.823842",
        "agent": "Auditor_Agent",
        "model": "gemini-flash-latest",
        "action": "CODE_ANALYSIS",
        "details": {
            "file_analyzed": "sandbox\\code.py",
            "input_prompt": "You are an expert CODE AUDITOR responsible for analyzing Python code and creating a comprehensive refactoring plan.\n\nAVAILABLE TOOLS:\nYou have access to these Python functions (already implemented):\n- read_file(filename): Reads a file from the sandbox directory and returns its content as a string\n- run_pylint(filename): Runs pylint static analysis and returns a parsed report of errors and warnings\n- validate_syntax(code): Checks if Python code has valid syntax, returns (is_valid, error_message)\n...",
            "output_response": "This audit reveals several critical runtime errors, primarily due to incomplete function definition and lack of robust key checking in data parsing/import functions, as well as high-priority logic errors related to incomplete functionality.\n\n## CRITICAL ISSUES (Must fix immediately - Will crash)\n\n- Issue 1: **Incomplete Function Definition (`compute_rank`)**\n  Location: Line 244 (Function `compute_rank`)\n  Impact: The code will fail with a `SyntaxError` or `IndentationError` because the function...",
            "code_length": 7509,
            "pylint_used": true,
            "pattern_issues_found": 15,
            "iteration": 4
        },
        "status": "SUCCESS"
    },
    {
        "id": "39b26307-1d08-44d8-8aab-257de63d4077",
        "timestamp": "2026-02-01T15:10:44.737297",
        "agent": "Fixer_Agent",
        "model": "gemini-flash-latest",
        "action": "FIX",
        "details": {
            "file_name": "sandbox\\code.py",
            "input_prompt": "⚠️ ITERATION 5 - TESTS ARE FAILING!\n\nThe Judge executed tests and they FAILED. You must fix the EXACT issues reported.\n\nSPECIFIC TEST FAILURES FROM JUDGE:\n============================================================\npytest collected 0 tests from the generated test file. Possible causes: (1) import errors in the test file, (2) test functions not prefixed with 'test_', (3) the LLM re-defined classes inline instead of importing from the source. Please regenerate or fix the test file structure.\n====...",
            "output_response": "import os\nimport json\nimport re\nfrom datetime import datetime, timedelta\n\n\nclass StudentRecord:\n    def __init__(self, name, age, grades=None):\n        self.name = name\n        self.age = age\n        self.grades = grades if grades != None else []\n        self.enrolled = True\n\n    def add_grade(self, subject, score):\n        if score < 0 or score > 100:\n            raise ValueError(\"Score must be between 0 and 100\")\n        self.grades.append({\"subject\": subject, \"score\": score})\n\n    def get_ave...",
            "iteration": 4,
            "original_code_length": 7509,
            "fixed_code_length": 7562,
            "validation_passed": true,
            "validation_error": null
        },
        "status": "SUCCESS"
    },
    {
        "id": "313c4e34-d578-41ac-bd98-0484e30c47ef",
        "timestamp": "2026-02-01T15:11:23.162759",
        "agent": "Judge_Agent",
        "model": "gemini-flash-latest",
        "action": "CODE_GEN",
        "details": {
            "file_name": "sandbox\\code.py",
            "code_lines": 249,
            "code_chars": 7562,
            "timeout_used": 124,
            "generation_time": "38.3s",
            "input_prompt": "Generate pytest tests for this Python code.\n\nCODE:\n```python\nimport os\nimport json\nimport re\nfrom datetime import datetime, timedelta\n\n\nclass StudentRecord:\n    def __init__(self, name, age, grades=None):\n        self.name = name\n        self.age = age\n        self.grades = grades if grades != None else []\n        self.enrolled = True\n\n    def add_grade(self, subject, score):\n        if score < 0 or score > 100:\n            raise ValueError(\"Score must be between 0 and 100\")\n        self.grades....",
            "output_response": "import pytest\nimport os\nimport json\nfrom datetime import datetime\nfrom student_management import (\n    StudentRecord, Classroom, parse_student_data, calculate_letter_grade,\n    generate_report, filter_students_by_criteria, merge_classrooms,\n    schedule_to_string, detect_conflicts, grade_distribution,\n    export_to_json, import_from_json, compute_rank\n)\n\n# --- Fixtures ---\n\n@pytest.fixture\ndef student_data():\n    s = StudentRecord(\"Alice\", 18)\n    s.add_grade(\"Math\", 95)\n    s.add_grade(\"Science...",
            "purpose": "unit_test_generation"
        },
        "status": "SUCCESS"
    },
    {
        "id": "2fda4767-d36c-46fd-adb3-dac0107452cc",
        "timestamp": "2026-02-01T15:11:23.339982",
        "agent": "Judge_Agent",
        "model": "validation",
        "action": "CODE_GEN",
        "details": {
            "iteration": 5,
            "tests_passed": false,
            "passed_count": 0,
            "failed_count": 0,
            "has_tests": false,
            "input_prompt": "Running pytest (iteration 5)",
            "output_response": "WARNING: 0 tests collected"
        },
        "status": "FAILURE"
    },
    {
        "id": "bfc3fd4e-3981-4f85-bbdd-690ec7b2de13",
        "timestamp": "2026-02-01T15:14:38.120669",
        "agent": "System",
        "model": "N/A",
        "action": "CODE_GEN",
        "details": {
            "event": "COMPLETION",
            "total_files": 1,
            "fixed_count": 0,
            "failed_count": 0,
            "failed_files": [],
            "output_directory": "C:\\Users\\SMART-TECH 0424\\Desktop\\Refactoring-Swarm\\refactoring-swarm-template\\sandbox",
            "success_rate": "0.0%",
            "input_prompt": "Processing 1 files",
            "output_response": "Fixed 0/1 files"
        },
        "status": "SUCCESS"
    },
    {
        "id": "36e9fbe7-6dc3-40e2-b9f9-62d0ca4bf9fb",
        "timestamp": "2026-02-01T15:14:43.716731",
        "agent": "System",
        "model": "N/A",
        "action": "CODE_ANALYSIS",
        "details": {
            "event": "STARTUP",
            "target_directory": "sandbox",
            "output_directory": "C:\\Users\\SMART-TECH 0424\\Desktop\\Refactoring-Swarm\\refactoring-swarm-template\\sandbox",
            "max_iterations": 7,
            "input_prompt": "Starting refactoring workflow on directory: sandbox",
            "output_response": "System initialized successfully"
        },
        "status": "SUCCESS"
    },
    {
        "id": "2f1ad294-653f-430b-a08f-9d2a9868f374",
        "timestamp": "2026-02-01T15:15:26.431274",
        "agent": "Auditor_Agent",
        "model": "gemini-flash-latest",
        "action": "CODE_ANALYSIS",
        "details": {
            "file_analyzed": "sandbox\\code.py",
            "input_prompt": "You are an expert CODE AUDITOR responsible for analyzing Python code and creating a comprehensive refactoring plan.\n\nAVAILABLE TOOLS:\nYou have access to these Python functions (already implemented):\n- read_file(filename): Reads a file from the sandbox directory and returns its content as a string\n- run_pylint(filename): Runs pylint static analysis and returns a parsed report of errors and warnings\n- validate_syntax(code): Checks if Python code has valid syntax, returns (is_valid, error_message)\n...",
            "output_response": "This audit reveals several critical syntax errors, runtime vulnerabilities, and significant logic flaws, particularly concerning ranking and date calculations. The code requires immediate attention to ensure basic functionality and data integrity.\n\n## CRITICAL ISSUES (Must fix immediately - Will crash)\n\n- Issue 1: Missing colon in `StudentRecord.add_grade` definition.\n  Location: Line 20\n  Impact: SyntaxError. The program will fail to compile and run.\n  Current behavior: `if score < 0 or score >...",
            "code_length": 11286,
            "pylint_used": true,
            "pattern_issues_found": 27,
            "iteration": 0
        },
        "status": "SUCCESS"
    },
    {
        "id": "27442d0a-18d6-4ddb-a730-7410e0fcbf22",
        "timestamp": "2026-02-01T15:16:03.967115",
        "agent": "Fixer_Agent",
        "model": "gemini-flash-latest",
        "action": "FIX",
        "details": {
            "file_name": "sandbox\\code.py",
            "input_prompt": "You are an expert CODE FIXER responsible for implementing corrections based on the refactoring plan.\n\nAVAILABLE TOOLS:\nYou will use these Python functions (already implemented):\n- write_file(filename, content): Saves the fixed code to filename_fixed.py in the sandbox\n  * Automatically validates syntax before saving\n  * Performs security checks (no dangerous operations)\n  * Returns \"SUCCESS: Fixed code saved as 'filename_fixed.py'\" if successful\n  * Returns error message if syntax is invalid or c...",
            "output_response": "import os\nimport json\nfrom datetime import datetime, timedelta\n\n\nclass StudentRecord:\n    def __init__(self, name, age, grades=None):\n        self.name = name\n        self.age = age\n        self.grades = grades or []\n        self.enrolled = True\n\n    def add_grade(self, subject, score):\n        if score < 0 or score > 100:\n            raise ValueError(\"Score must be between 0 and 100\")\n        self.grades.append({\"subject\": subject, \"score\": score})\n\n    def get_average(self):\n        if len(sel...",
            "iteration": 0,
            "original_code_length": 11286,
            "fixed_code_length": 12447,
            "validation_passed": true,
            "validation_error": null
        },
        "status": "SUCCESS"
    },
    {
        "id": "4c0dd50d-dd90-46cf-892a-4d9da4607f36",
        "timestamp": "2026-02-01T15:16:50.447187",
        "agent": "Judge_Agent",
        "model": "gemini-flash-latest",
        "action": "CODE_GEN",
        "details": {
            "file_name": "sandbox\\code.py",
            "code_lines": 392,
            "code_chars": 12447,
            "timeout_used": 180,
            "generation_time": "46.4s",
            "input_prompt": "Generate pytest tests for this Python code.\n\nCODE:\n```python\nimport os\nimport json\nfrom datetime import datetime, timedelta\n\n\nclass StudentRecord:\n    def __init__(self, name, age, grades=None):\n        self.name = name\n        self.age = age\n        self.grades = grades or []\n        self.enrolled = True\n\n    def add_grade(self, subject, score):\n        if score < 0 or score > 100:\n            raise ValueError(\"Score must be between 0 and 100\")\n        self.grades.append({\"subject\": subject, \"s...",
            "output_response": "import pytest\nimport os\nimport json\nfrom datetime import datetime, timedelta\nfrom unittest.mock import patch, MagicMock\n\n# Assuming the provided code is saved in a module named 'code_temp'\nfrom code_temp import (\n    StudentRecord, Classroom, calculate_letter_grade, generate_report,\n    filter_students_by_criteria, merge_classrooms, schedule_to_string,\n    detect_conflicts, grade_distribution, export_to_json, import_from_json,\n    compute_rank, days_until_graduation, validate_student_input, pars...",
            "purpose": "unit_test_generation"
        },
        "status": "SUCCESS"
    },
    {
        "id": "0a628309-fac4-4ab4-b72a-19c4c2657db6",
        "timestamp": "2026-02-01T15:17:10.649178",
        "agent": "Judge_Agent",
        "model": "gemini-flash-latest",
        "action": "CODE_ANALYSIS",
        "details": {
            "iteration": 1,
            "tests_passed": false,
            "failed_count": 2,
            "used_generated_tests": true,
            "llm_analysis": "## Test Results Summary\n- Total tests: 33\n- Passed: 31\n- Failed: 2\n- Status: TESTS FAILED\n\n## Failed Tests Analysis\n\n### Test 1: test_schedule_to_string\n**What was tested:** Ensuring the `schedule_to_string` function correctly formats the schedule, specifically sorting the time slots within each day chronologically.\n**Test input:** A schedule dictionary including Monday slots \"10-12\" and \"9-10\".\n**Expected result:** The output string should contain: `Monday:\\n  9-10 -> Physics\\n  10-12 -> Math` ",
            "input_prompt": "Analyzing test failures (iteration 1)",
            "output_response": "## Test Results Summary\n- Total tests: 33\n- Passed: 31\n- Failed: 2\n- Status: TESTS FAILED\n\n## Failed Tests Analysis\n\n### Test 1: test_schedule_to_string\n**What was tested:** Ensuring the `schedule_to_string` function correctly formats the schedule, specifically sorting the time slots within each day chronologically.\n**Test input:** A schedule dictionary including Monday slots \"10-12\" and \"9-10\".\n**Expected result:** The output string should contain: `Monday:\\n  9-10 -> Physics\\n  10-12 -> Math` "
        },
        "status": "PARTIAL"
    },
    {
        "id": "87bf58cc-afe9-4335-8650-40bb77229b46",
        "timestamp": "2026-02-01T15:17:10.798112",
        "agent": "Judge_Agent",
        "model": "gemini-flash-latest",
        "action": "CODE_GEN",
        "details": {
            "iteration": 1,
            "tests_passed": false,
            "syntax_valid": true,
            "used_generated_tests": true,
            "pytest_output_preview": "Test Failures:\n___________________________ test_schedule_to_string ___________________________\n\n    def test_schedule_to_string():\n        schedule = {\n            \"Monday\": {\"10-12\": \"Math\", \"9-10\": \"Physics\"},\n            \"Wednesday\": {\"14-16\": \"Chemistry\"},\n            \"Saturday\": {\"8-9\": \"Weeken",
            "has_specific_failures": true,
            "input_prompt": "Running pytest (iteration 1)",
            "output_response": "Test Failures:\n___________________________ test_schedule_to_string ___________________________\n\n    def test_schedule_to_string():\n        schedule = {\n            \"Monday\": {\"10-12\": \"Math\", \"9-10\": \"Physics\"},\n            \"Wednesday\": {\"14-16\": \"Chemistry\"},\n            \"Saturday\": {\"8-9\": \"Weekend Class\"} # Should be ignored\n        }\n        result = schedule_to_string(schedule)\n    \n>       assert \"Monday:\\n  9-10 -> Physics\\n  10-12 -> Math\" in result\nE       AssertionError: assert 'Monday"
        },
        "status": "PARTIAL"
    },
    {
        "id": "ac401f28-052d-4cfb-83ed-8f1704418d51",
        "timestamp": "2026-02-01T15:17:35.037381",
        "agent": "Auditor_Agent",
        "model": "gemini-flash-latest",
        "action": "CODE_ANALYSIS",
        "details": {
            "file_analyzed": "sandbox\\code.py",
            "input_prompt": "You are an expert CODE AUDITOR responsible for analyzing Python code and creating a comprehensive refactoring plan.\n\nAVAILABLE TOOLS:\nYou have access to these Python functions (already implemented):\n- read_file(filename): Reads a file from the sandbox directory and returns its content as a string\n- run_pylint(filename): Runs pylint static analysis and returns a parsed report of errors and warnings\n- validate_syntax(code): Checks if Python code has valid syntax, returns (is_valid, error_message)\n...",
            "output_response": "This code base provides a robust set of utilities for managing student and classroom data, including complex operations like scheduling and ranking. However, the audit revealed critical logic flaws related to sorting chronological data and handling date edge cases, which must be addressed immediately.\n\n## CRITICAL ISSUES (Must fix immediately - Will crash or produce fundamentally wrong results)\n\n### Issue 1: Incorrect Chronological Sorting in `schedule_to_string`\nLocation: Function `schedule_to_...",
            "code_length": 12447,
            "pylint_used": true,
            "pattern_issues_found": 21,
            "iteration": 1
        },
        "status": "SUCCESS"
    },
    {
        "id": "23e193ca-742f-451c-99de-18d520b06207",
        "timestamp": "2026-02-01T15:17:52.100329",
        "agent": "Fixer_Agent",
        "model": "gemini-flash-latest",
        "action": "FIX",
        "details": {
            "file_name": "sandbox\\code.py",
            "input_prompt": "⚠️ ITERATION 2 - TESTS ARE FAILING!\n\nThe Judge executed tests and they FAILED. You must fix the EXACT issues reported.\n\nSPECIFIC TEST FAILURES FROM JUDGE:\n============================================================\n=== LLM ANALYSIS ===\n## Test Results Summary\n- Total tests: 33\n- Passed: 31\n- Failed: 2\n- Status: TESTS FAILED\n\n## Failed Tests Analysis\n\n### Test 1: test_schedule_to_string\n**What was tested:** Ensuring the `schedule_to_string` function correctly formats the schedule, specifically s...",
            "output_response": "import os\nimport json\nfrom datetime import datetime, timedelta\n\n\nclass StudentRecord:\n    def __init__(self, name, age, grades=None):\n        self.name = name\n        self.age = age\n        self.grades = grades or []\n        self.enrolled = True\n\n    def add_grade(self, subject, score):\n        if score < 0 or score > 100:\n            raise ValueError(\"Score must be between 0 and 100\")\n        self.grades.append({\"subject\": subject, \"score\": score})\n\n    def get_average(self):\n        if len(sel...",
            "iteration": 1,
            "original_code_length": 12447,
            "fixed_code_length": 12803,
            "validation_passed": true,
            "validation_error": null
        },
        "status": "SUCCESS"
    },
    {
        "id": "667df9fa-3fd0-4d3e-8e86-51f428dc4ffb",
        "timestamp": "2026-02-01T15:17:54.817650",
        "agent": "Judge_Agent",
        "model": "gemini-flash-latest",
        "action": "CODE_GEN",
        "details": {
            "file_name": "sandbox\\code.py",
            "error": "429 You exceeded your current quota, please check your plan and billing details. For more information on this error, head to: https://ai.google.dev/gemini-api/docs/rate-limits. To monitor your current usage, head to: https://ai.dev/rate-limit. \n* Quota exceeded for metric: generativelanguage.googleapis.com/generate_content_free_tier_requests, limit: 20, model: gemini-2.5-flash\nPlease retry in 4.074236155s. [links {\n  description: \"Learn more about Gemini API quotas\"\n  url: \"https://ai.google.dev/gemini-api/docs/rate-limits\"\n}\n, violations {\n  quota_metric: \"generativelanguage.googleapis.com/generate_content_free_tier_requests\"\n  quota_id: \"GenerateRequestsPerDayPerProjectPerModel-FreeTier\"\n  quota_dimensions {\n    key: \"model\"\n    value: \"gemini-2.5-flash\"\n  }\n  quota_dimensions {\n    key: \"location\"\n    value: \"global\"\n  }\n  quota_value: 20\n}\n, retry_delay {\n  seconds: 4\n}\n]",
            "generation_time": "2.6s",
            "timeout_used": 180,
            "input_prompt": "Generate pytest tests for this Python code.\n\nCODE:\n```python\nimport os\nimport json\nfrom datetime import datetime, timedelta\n\n\nclass StudentRecord:\n    def __init__(self, name, age, grades=None):\n        self.name = name\n        self.age = age\n        self.grades = grades or []\n        self.enrolled = True\n\n    def add_grade(self, subject, score):\n        if score < 0 or score > 100:\n            raise ValueError(\"Score must be between 0 and 100\")\n        self.grades.append({\"subject\": subject, \"s...",
            "output_response": "ERROR: 429 You exceeded your current quota, please check your plan and billing details. For more information on this error, head to: https://ai.google.dev/gemini-api/docs/rate-limits. To monitor your current usage, head to: https://ai.dev/rate-limit. \n* Quota exceeded for metric: generativelanguage.googleapis.com/generate_content_free_tier_requests, limit: 20, model: gemini-2.5-flash\nPlease retry in 4.074236155s. [links {\n  description: \"Learn more about Gemini API quotas\"\n  url: \"https://ai.google.dev/gemini-api/docs/rate-limits\"\n}\n, violations {\n  quota_metric: \"generativelanguage.googleapis.com/generate_content_free_tier_requests\"\n  quota_id: \"GenerateRequestsPerDayPerProjectPerModel-FreeTier\"\n  quota_dimensions {\n    key: \"model\"\n    value: \"gemini-2.5-flash\"\n  }\n  quota_dimensions {\n    key: \"location\"\n    value: \"global\"\n  }\n  quota_value: 20\n}\n, retry_delay {\n  seconds: 4\n}\n]",
            "purpose": "unit_test_generation"
        },
        "status": "FAILURE"
    },
    {
        "id": "c8190123-d7be-4c94-8104-4d53030fe2af",
        "timestamp": "2026-02-01T15:17:56.103857",
        "agent": "System",
        "model": "N/A",
        "action": "CODE_GEN",
        "details": {
            "event": "COMPLETION",
            "total_files": 1,
            "fixed_count": 0,
            "failed_count": 0,
            "failed_files": [],
            "output_directory": "C:\\Users\\SMART-TECH 0424\\Desktop\\Refactoring-Swarm\\refactoring-swarm-template\\sandbox",
            "success_rate": "0.0%",
            "input_prompt": "Processing 1 files",
            "output_response": "Fixed 0/1 files"
        },
        "status": "SUCCESS"
    },
    {
        "id": "ccc1dead-02b0-4158-be17-731e2757dad7",
        "timestamp": "2026-02-01T15:19:00.113479",
        "agent": "System",
        "model": "N/A",
        "action": "CODE_ANALYSIS",
        "details": {
            "event": "STARTUP",
            "target_directory": "sandbox",
            "output_directory": "C:\\Users\\SMART-TECH 0424\\Desktop\\Refactoring-Swarm\\refactoring-swarm-template\\sandbox",
            "max_iterations": 7,
            "input_prompt": "Starting refactoring workflow on directory: sandbox",
            "output_response": "System initialized successfully"
        },
        "status": "SUCCESS"
    },
    {
        "id": "0ed95fcd-b346-4cb5-8cce-df36b21dc5e2",
        "timestamp": "2026-02-01T15:19:27.518905",
        "agent": "Auditor_Agent",
        "model": "gemini-flash-latest",
        "action": "CODE_ANALYSIS",
        "details": {
            "file_analyzed": "sandbox\\code.py",
            "input_prompt": "You are an expert CODE AUDITOR responsible for analyzing Python code and creating a comprehensive refactoring plan.\n\nAVAILABLE TOOLS:\nYou have access to these Python functions (already implemented):\n- read_file(filename): Reads a file from the sandbox directory and returns its content as a string\n- run_pylint(filename): Runs pylint static analysis and returns a parsed report of errors and warnings\n- validate_syntax(code): Checks if Python code has valid syntax, returns (is_valid, error_message)\n...",
            "output_response": "This audit reveals several critical syntax errors that prevent the code from running, a major runtime crash vulnerability, and several high-priority logic flaws.\n\n## CRITICAL ISSUES (Must fix immediately - Will crash)\n\n- Issue 1: Missing colon in `StudentRecord.add_grade`\n  Location: Line 20, Function `StudentRecord.add_grade`\n  Impact: SyntaxError. The program will fail to compile and run.\n  Current behavior: `if score < 0 or score > 100` is missing the required colon.\n  Expected behavior: The ...",
            "code_length": 11286,
            "pylint_used": true,
            "pattern_issues_found": 27,
            "iteration": 0
        },
        "status": "SUCCESS"
    },
    {
        "id": "aec4a2d3-8203-4442-97c6-93d1a66539d7",
        "timestamp": "2026-02-01T15:22:10.853057",
        "agent": "System",
        "model": "N/A",
        "action": "CODE_GEN",
        "details": {
            "event": "COMPLETION",
            "total_files": 1,
            "fixed_count": 0,
            "failed_count": 0,
            "failed_files": [],
            "output_directory": "C:\\Users\\SMART-TECH 0424\\Desktop\\Refactoring-Swarm\\refactoring-swarm-template\\sandbox",
            "success_rate": "0.0%",
            "input_prompt": "Processing 1 files",
            "output_response": "Fixed 0/1 files"
        },
        "status": "SUCCESS"
    },
    {
        "id": "d2dd49fb-17bb-4705-82f8-1402daea3f7d",
        "timestamp": "2026-02-01T15:22:17.753816",
        "agent": "System",
        "model": "N/A",
        "action": "CODE_ANALYSIS",
        "details": {
            "event": "STARTUP",
            "target_directory": "sandbox",
            "output_directory": "C:\\Users\\SMART-TECH 0424\\Desktop\\Refactoring-Swarm\\refactoring-swarm-template\\sandbox",
            "max_iterations": 7,
            "input_prompt": "Starting refactoring workflow on directory: sandbox",
            "output_response": "System initialized successfully"
        },
        "status": "SUCCESS"
    },
    {
        "id": "0aff7005-bbdb-42f0-9762-e63fa08345f9",
        "timestamp": "2026-02-01T15:22:59.079173",
        "agent": "Auditor_Agent",
        "model": "gemini-flash-latest",
        "action": "CODE_ANALYSIS",
        "details": {
            "file_analyzed": "sandbox\\code.py",
            "input_prompt": "You are an expert CODE AUDITOR responsible for analyzing Python code and creating a comprehensive refactoring plan.\n\nAVAILABLE TOOLS:\nYou have access to these Python functions (already implemented):\n- read_file(filename): Reads a file from the sandbox directory and returns its content as a string\n- run_pylint(filename): Runs pylint static analysis and returns a parsed report of errors and warnings\n- validate_syntax(code): Checks if Python code has valid syntax, returns (is_valid, error_message)\n...",
            "output_response": "This audit identifies several critical syntax errors, runtime crashes, and logic flaws, particularly concerning grade handling, ranking, and date calculations.\n\n## CRITICAL ISSUES (Must fix immediately - Will crash)\n\n- Issue 1: Missing colon in `StudentRecord.add_grade`\n  Location: Line 16\n  Impact: SyntaxError. The program will not compile or run.\n  Current behavior: Crash on startup due to invalid syntax.\n  Expected behavior: Execute the conditional logic.\n  Root cause: Missing `:` after the `...",
            "code_length": 11286,
            "pylint_used": true,
            "pattern_issues_found": 27,
            "iteration": 0
        },
        "status": "SUCCESS"
    },
    {
        "id": "ab94e8ee-4e09-444f-82af-cfa592c82a69",
        "timestamp": "2026-02-01T15:23:35.429754",
        "agent": "Fixer_Agent",
        "model": "gemini-flash-latest",
        "action": "FIX",
        "details": {
            "file_name": "sandbox\\code.py",
            "input_prompt": "You are an expert CODE FIXER responsible for implementing corrections based on the refactoring plan.\n\nAVAILABLE TOOLS:\nYou will use these Python functions (already implemented):\n- write_file(filename, content): Saves the fixed code to filename_fixed.py in the sandbox\n  * Automatically validates syntax before saving\n  * Performs security checks (no dangerous operations)\n  * Returns \"SUCCESS: Fixed code saved as 'filename_fixed.py'\" if successful\n  * Returns error message if syntax is invalid or c...",
            "output_response": "import os\nimport json\nimport re\nfrom datetime import datetime, timedelta\n\n\nclass StudentRecord:\n    def __init__(self, name, age, grades=None, enrolled=True):\n        self.name = name\n        self.age = age\n        self.grades = grades if grades is not None else []\n        self.enrolled = enrolled\n\n    def add_grade(self, subject, score):\n        if not isinstance(score, (int, float)):\n            raise TypeError(\"Score must be numeric\")\n        if score < 0 or score > 100:\n            raise Val...",
            "iteration": 0,
            "original_code_length": 11286,
            "fixed_code_length": 12400,
            "validation_passed": true,
            "validation_error": null
        },
        "status": "SUCCESS"
    },
    {
        "id": "7d451135-6e50-4e4e-b3c6-1692ad8fb934",
        "timestamp": "2026-02-01T15:24:04.198430",
        "agent": "Judge_Agent",
        "model": "gemini-flash-latest",
        "action": "CODE_GEN",
        "details": {
            "file_name": "sandbox\\code.py",
            "code_lines": 394,
            "code_chars": 12400,
            "timeout_used": 180,
            "generation_time": "28.7s",
            "input_prompt": "Generate pytest tests for this Python code.\n\nCODE:\n```python\nimport os\nimport json\nimport re\nfrom datetime import datetime, timedelta\n\n\nclass StudentRecord:\n    def __init__(self, name, age, grades=None, enrolled=True):\n        self.name = name\n        self.age = age\n        self.grades = grades if grades is not None else []\n        self.enrolled = enrolled\n\n    def add_grade(self, subject, score):\n        if not isinstance(score, (int, float)):\n            raise TypeError(\"Score must be numeric...",
            "output_response": "import pytest\nimport os\nimport json\nimport re\nfrom datetime import datetime, timedelta\nfrom unittest.mock import patch, MagicMock\n\n# Assuming the provided code is saved in a file named 'student_management.py'\n# If the code is run directly in the test environment, adjust imports accordingly.\nfrom student_management import (\n    StudentRecord, Classroom, parse_student_data, calculate_letter_grade,\n    generate_report, filter_students_by_criteria, merge_classrooms,\n    schedule_to_string, detect_co...",
            "purpose": "unit_test_generation"
        },
        "status": "SUCCESS"
    },
    {
        "id": "0b37097f-7872-4b26-ba46-f1e1756053d8",
        "timestamp": "2026-02-01T15:24:35.420323",
        "agent": "Judge_Agent",
        "model": "gemini-flash-latest",
        "action": "CODE_ANALYSIS",
        "details": {
            "iteration": 1,
            "tests_passed": false,
            "failed_count": 1,
            "used_generated_tests": true,
            "llm_analysis": "## Test Results Summary\n- Total tests: N/A\n- Passed: 0\n- Failed: 1 (Collection Error)\n- Status: TESTS FAILED (Collection Interrupted)\n\n## Failed Tests Analysis\n\n### Test 1: Pytest Collection Interruption\n**What was tested:** Module loading and initialization.\n**Test input:** Pytest attempting to load the module file (`sandbox/test_code_temp.py`).\n**Expected result:** Module loads successfully without unhandled exceptions.\n**Actual result:** Pytest collection was interrupted by an unhandled excep",
            "input_prompt": "Analyzing test failures (iteration 1)",
            "output_response": "## Test Results Summary\n- Total tests: N/A\n- Passed: 0\n- Failed: 1 (Collection Error)\n- Status: TESTS FAILED (Collection Interrupted)\n\n## Failed Tests Analysis\n\n### Test 1: Pytest Collection Interruption\n**What was tested:** Module loading and initialization.\n**Test input:** Pytest attempting to load the module file (`sandbox/test_code_temp.py`).\n**Expected result:** Module loads successfully without unhandled exceptions.\n**Actual result:** Pytest collection was interrupted by an unhandled excep"
        },
        "status": "PARTIAL"
    },
    {
        "id": "f1f86ee0-1913-464b-ba75-7c76b496a038",
        "timestamp": "2026-02-01T15:24:35.576464",
        "agent": "Judge_Agent",
        "model": "gemini-flash-latest",
        "action": "CODE_GEN",
        "details": {
            "iteration": 1,
            "tests_passed": false,
            "syntax_valid": true,
            "used_generated_tests": true,
            "pytest_output_preview": "Test Summary:\nERROR sandbox/test_code_temp.py\n!!!!!!!!!!!!!!!!!!! Interrupted: 1 error during collection !!!!!!!!!!!!!!!!!!!!",
            "has_specific_failures": true,
            "input_prompt": "Running pytest (iteration 1)",
            "output_response": "Test Summary:\nERROR sandbox/test_code_temp.py\n!!!!!!!!!!!!!!!!!!! Interrupted: 1 error during collection !!!!!!!!!!!!!!!!!!!!"
        },
        "status": "PARTIAL"
    },
    {
        "id": "3b3bc407-7da5-4607-bdd8-8aff0b2bb2a0",
        "timestamp": "2026-02-01T15:25:26.530160",
        "agent": "Auditor_Agent",
        "model": "gemini-flash-latest",
        "action": "CODE_ANALYSIS",
        "details": {
            "file_analyzed": "sandbox\\code.py",
            "input_prompt": "You are an expert CODE AUDITOR responsible for analyzing Python code and creating a comprehensive refactoring plan.\n\nAVAILABLE TOOLS:\nYou have access to these Python functions (already implemented):\n- read_file(filename): Reads a file from the sandbox directory and returns its content as a string\n- run_pylint(filename): Runs pylint static analysis and returns a parsed report of errors and warnings\n- validate_syntax(code): Checks if Python code has valid syntax, returns (is_valid, error_message)\n...",
            "output_response": "This audit reveals several critical runtime vulnerabilities due to missing input validation and error handling, particularly around file I/O, date manipulation, and object instantiation with potentially `None` or incorrect types. There are also several high-priority logic and design flaws.\n\n## CRITICAL ISSUES (Must fix immediately - Will crash)\n\n- Issue 1: Unhandled File I/O and JSON Parsing Errors\n  Location: `export_to_json` (L260) and `import_from_json` (L269)\n  Impact: The program will crash...",
            "code_length": 12400,
            "pylint_used": true,
            "pattern_issues_found": 20,
            "iteration": 1
        },
        "status": "SUCCESS"
    },
    {
        "id": "370144d8-3535-45a8-a87d-b1edace0f331",
        "timestamp": "2026-02-01T15:25:46.540234",
        "agent": "Fixer_Agent",
        "model": "gemini-flash-latest",
        "action": "FIX",
        "details": {
            "file_name": "sandbox\\code.py",
            "input_prompt": "⚠️ ITERATION 2 - TESTS ARE FAILING!\n\nThe Judge executed tests and they FAILED. You must fix the EXACT issues reported.\n\nSPECIFIC TEST FAILURES FROM JUDGE:\n============================================================\n=== LLM ANALYSIS ===\n## Test Results Summary\n- Total tests: N/A\n- Passed: 0\n- Failed: 1 (Collection Error)\n- Status: TESTS FAILED (Collection Interrupted)\n\n## Failed Tests Analysis\n\n### Test 1: Pytest Collection Interruption\n**What was tested:** Module loading and initialization.\n**T...",
            "output_response": "import os\nimport json\nimport re\nfrom datetime import datetime, timedelta\n\n\nclass StudentRecord:\n    def __init__(self, name, age, grades=None, enrolled=True):\n        self.name = name\n        self.age = age\n        self.grades = grades if grades is not None else []\n        self.enrolled = enrolled\n\n    def add_grade(self, subject, score):\n        if not isinstance(score, (int, float)):\n            raise TypeError(\"Score must be numeric\")\n        if score < 0 or score > 100:\n            raise Val...",
            "iteration": 1,
            "original_code_length": 12400,
            "fixed_code_length": 12625,
            "validation_passed": true,
            "validation_error": null
        },
        "status": "SUCCESS"
    },
    {
        "id": "961438cb-20ab-4653-b734-49da4bd47931",
        "timestamp": "2026-02-01T15:26:20.889866",
        "agent": "Judge_Agent",
        "model": "gemini-flash-latest",
        "action": "CODE_GEN",
        "details": {
            "file_name": "sandbox\\code.py",
            "code_lines": 403,
            "code_chars": 12625,
            "timeout_used": 180,
            "generation_time": "34.2s",
            "input_prompt": "Generate pytest tests for this Python code.\n\nCODE:\n```python\nimport os\nimport json\nimport re\nfrom datetime import datetime, timedelta\n\n\nclass StudentRecord:\n    def __init__(self, name, age, grades=None, enrolled=True):\n        self.name = name\n        self.age = age\n        self.grades = grades if grades is not None else []\n        self.enrolled = enrolled\n\n    def add_grade(self, subject, score):\n        if not isinstance(score, (int, float)):\n            raise TypeError(\"Score must be numeric...",
            "output_response": "import pytest\nimport os\nimport json\nfrom datetime import datetime, timedelta\nfrom unittest.mock import patch, MagicMock\n\n# Assuming the provided code is saved in a file named 'student_management.py'\n# Since I cannot save files, I will assume the code is available in the current scope\n# or imported via a placeholder module name like 'student_management'.\n# For this solution, I will assume the classes and functions are directly available\n# (as if the provided code was pasted before the tests).\n\n# ...",
            "purpose": "unit_test_generation"
        },
        "status": "SUCCESS"
    },
    {
        "id": "b000a99c-a99b-4b45-8d40-1852b8ac1123",
        "timestamp": "2026-02-01T15:26:23.676851",
        "agent": "Judge_Agent",
        "model": "validation",
        "action": "CODE_GEN",
        "details": {
            "iteration": 2,
            "tests_passed": false,
            "passed_count": 0,
            "failed_count": 0,
            "has_tests": false,
            "input_prompt": "Running pytest (iteration 2)",
            "output_response": "WARNING: 0 tests collected"
        },
        "status": "FAILURE"
    },
    {
        "id": "da844853-32de-41cf-91fc-3ab4da10dabe",
        "timestamp": "2026-02-01T15:27:05.328255",
        "agent": "Auditor_Agent",
        "model": "gemini-flash-latest",
        "action": "CODE_ANALYSIS",
        "details": {
            "file_analyzed": "sandbox\\code.py",
            "input_prompt": "You are an expert CODE AUDITOR responsible for analyzing Python code and creating a comprehensive refactoring plan.\n\nAVAILABLE TOOLS:\nYou have access to these Python functions (already implemented):\n- read_file(filename): Reads a file from the sandbox directory and returns its content as a string\n- run_pylint(filename): Runs pylint static analysis and returns a parsed report of errors and warnings\n- validate_syntax(code): Checks if Python code has valid syntax, returns (is_valid, error_message)\n...",
            "output_response": "This audit reveals one critical runtime error related to date handling (leap years) and several high-priority logic and design flaws, particularly concerning data consistency during import and function clarity.\n\n## CRITICAL ISSUES (Must fix immediately - Will crash)\n\n- Issue 1: Leap Year `ValueError` in Date Calculation\n  Location: Function `days_until_graduation`, Line 270\n  Impact: The function crashes with `ValueError: day is out of range for month` if the enrollment date is February 29th and...",
            "code_length": 12400,
            "pylint_used": true,
            "pattern_issues_found": 20,
            "iteration": 2
        },
        "status": "SUCCESS"
    },
    {
        "id": "d216bd82-5b55-4f28-a5ce-c7925a20e285",
        "timestamp": "2026-02-01T15:27:27.714006",
        "agent": "Fixer_Agent",
        "model": "gemini-flash-latest",
        "action": "FIX",
        "details": {
            "file_name": "sandbox\\code.py",
            "input_prompt": "⚠️ ITERATION 3 - TESTS ARE FAILING!\n\nThe Judge executed tests and they FAILED. You must fix the EXACT issues reported.\n\nSPECIFIC TEST FAILURES FROM JUDGE:\n============================================================\npytest collected 0 tests from the generated test file. Possible causes: (1) import errors in the test file, (2) test functions not prefixed with 'test_', (3) the LLM re-defined classes inline instead of importing from the source. Please regenerate or fix the test file structure.\n====...",
            "output_response": "import os\nimport json\nimport re\nfrom datetime import datetime, timedelta\n\n\nclass StudentRecord:\n    def __init__(self, name, age, grades=None, enrolled=True):\n        self.name = name\n        self.age = age\n        self.grades = grades if grades is not None else []\n        self.enrolled = enrolled\n\n    def add_grade(self, subject, score):\n        if not isinstance(score, (int, float)):\n            raise TypeError(\"Score must be numeric\")\n        if score < 0 or score > 100:\n            raise Val...",
            "iteration": 2,
            "original_code_length": 12400,
            "fixed_code_length": 12400,
            "validation_passed": true,
            "validation_error": null
        },
        "status": "SUCCESS"
    },
    {
        "id": "5c10ee0d-5e8d-4c41-8101-d1b7a37059f8",
        "timestamp": "2026-02-01T15:28:27.169038",
        "agent": "Judge_Agent",
        "model": "gemini-flash-latest",
        "action": "CODE_GEN",
        "details": {
            "file_name": "sandbox\\code.py",
            "code_lines": 394,
            "code_chars": 12400,
            "timeout_used": 180,
            "generation_time": "59.3s",
            "input_prompt": "Generate pytest tests for this Python code.\n\nCODE:\n```python\nimport os\nimport json\nimport re\nfrom datetime import datetime, timedelta\n\n\nclass StudentRecord:\n    def __init__(self, name, age, grades=None, enrolled=True):\n        self.name = name\n        self.age = age\n        self.grades = grades if grades is not None else []\n        self.enrolled = enrolled\n\n    def add_grade(self, subject, score):\n        if not isinstance(score, (int, float)):\n            raise TypeError(\"Score must be numeric...",
            "output_response": "import pytest\nimport json\nimport os\nfrom datetime import datetime, timedelta\nfrom unittest.mock import patch, MagicMock\n\n# Assuming the provided code is saved in a module accessible here (e.g., student_management_system)\n# If running in a single script environment, ensure these classes/functions are defined globally.\ntry:\n    from student_management_system import (\n        StudentRecord, Classroom, parse_student_data, calculate_letter_grade,\n        generate_report, filter_students_by_criteria, ...",
            "purpose": "unit_test_generation"
        },
        "status": "SUCCESS"
    },
    {
        "id": "c3b7d894-d864-48f4-844a-45e494349387",
        "timestamp": "2026-02-01T15:28:30.368058",
        "agent": "Judge_Agent",
        "model": "validation",
        "action": "CODE_GEN",
        "details": {
            "iteration": 3,
            "tests_passed": false,
            "passed_count": 0,
            "failed_count": 0,
            "has_tests": false,
            "input_prompt": "Running pytest (iteration 3)",
            "output_response": "WARNING: 0 tests collected"
        },
        "status": "FAILURE"
    },
    {
        "id": "8c38922e-6cc4-4d51-95bb-842e396eccd4",
        "timestamp": "2026-02-01T15:29:07.220199",
        "agent": "Auditor_Agent",
        "model": "gemini-flash-latest",
        "action": "CODE_ANALYSIS",
        "details": {
            "file_analyzed": "sandbox\\code.py",
            "input_prompt": "You are an expert CODE AUDITOR responsible for analyzing Python code and creating a comprehensive refactoring plan.\n\nAVAILABLE TOOLS:\nYou have access to these Python functions (already implemented):\n- read_file(filename): Reads a file from the sandbox directory and returns its content as a string\n- run_pylint(filename): Runs pylint static analysis and returns a parsed report of errors and warnings\n- validate_syntax(code): Checks if Python code has valid syntax, returns (is_valid, error_message)\n...",
            "output_response": "This audit reveals several high-priority logic errors related to data integrity, input validation, and time handling, alongside critical fragility in parsing external data formats. The ranking algorithm is sound, but several utility functions are prone to runtime errors or silent data corruption.\n\n## CRITICAL ISSUES (Must fix immediately - Will crash)\n\n- Issue 1: Time normalization failure in `days_until_graduation`.\n  Location: Function `days_until_graduation` (L267)\n  Impact: The calculation o...",
            "code_length": 12400,
            "pylint_used": true,
            "pattern_issues_found": 20,
            "iteration": 3
        },
        "status": "SUCCESS"
    },
    {
        "id": "acd58fb5-6964-4177-b5cc-b142f59736d1",
        "timestamp": "2026-02-01T15:29:27.873028",
        "agent": "Fixer_Agent",
        "model": "gemini-flash-latest",
        "action": "FIX",
        "details": {
            "file_name": "sandbox\\code.py",
            "input_prompt": "⚠️ ITERATION 4 - TESTS ARE FAILING!\n\nThe Judge executed tests and they FAILED. You must fix the EXACT issues reported.\n\nSPECIFIC TEST FAILURES FROM JUDGE:\n============================================================\npytest collected 0 tests from the generated test file. Possible causes: (1) import errors in the test file, (2) test functions not prefixed with 'test_', (3) the LLM re-defined classes inline instead of importing from the source. Please regenerate or fix the test file structure.\n====...",
            "output_response": "import os\nimport json\nimport re\nfrom datetime import datetime, timedelta\n\n\nclass StudentRecord:\n    def __init__(self, name, age, grades=None, enrolled=True):\n        self.name = name\n        self.age = age\n        self.grades = grades if grades is not None else []\n        self.enrolled = enrolled\n\n    def add_grade(self, subject, score):\n        if not isinstance(score, (int, float)):\n            raise TypeError(\"Score must be numeric\")\n        if score < 0 or score > 100:\n            raise Val...",
            "iteration": 3,
            "original_code_length": 12400,
            "fixed_code_length": 13630,
            "validation_passed": false,
            "validation_error": "Line 428: invalid syntax"
        },
        "status": "PARTIAL"
    },
    {
        "id": "f8089eab-25cc-443d-8fcc-35b398aa1444",
        "timestamp": "2026-02-01T15:29:28.018021",
        "agent": "Judge_Agent",
        "model": "validation",
        "action": "CODE_GEN",
        "details": {
            "iteration": 4,
            "syntax_valid": false,
            "syntax_error": "invalid syntax (<string>, line 428)",
            "input_prompt": "Validating syntax (iteration 4)",
            "output_response": "SYNTAX ERROR: invalid syntax (<string>, line 428)"
        },
        "status": "FAILURE"
    },
    {
        "id": "39c8853b-49a3-4509-b628-ab74ecb1215c",
        "timestamp": "2026-02-01T15:29:53.997067",
        "agent": "Auditor_Agent",
        "model": "gemini-flash-latest",
        "action": "CODE_ANALYSIS",
        "details": {
            "file_analyzed": "sandbox\\code.py",
            "input_prompt": "You are an expert CODE AUDITOR responsible for analyzing Python code and creating a comprehensive refactoring plan.\n\nAVAILABLE TOOLS:\nYou have access to these Python functions (already implemented):\n- read_file(filename): Reads a file from the sandbox directory and returns its content as a string\n- run_pylint(filename): Runs pylint static analysis and returns a parsed report of errors and warnings\n- validate_syntax(code): Checks if Python code has valid syntax, returns (is_valid, error_message)\n...",
            "output_response": "This code base is generally well-structured, utilizing classes effectively and handling several common edge cases (like division by zero in average calculations). However, there is one critical syntax error and several high-priority logic and robustness issues related to data handling and type safety, especially when processing external data (JSON/raw dictionaries).\n\n## CRITICAL ISSUES (Must fix immediately - Will crash)\n\n- Issue 1: Invalid Syntax Character\n  Location: Line 428 (End of `if __nam...",
            "code_length": 13630,
            "pylint_used": true,
            "pattern_issues_found": 19,
            "iteration": 4
        },
        "status": "SUCCESS"
    },
    {
        "id": "6791d40e-730e-4e5e-a2a0-54f33fedfa7e",
        "timestamp": "2026-02-01T15:30:26.994106",
        "agent": "Fixer_Agent",
        "model": "gemini-flash-latest",
        "action": "FIX",
        "details": {
            "file_name": "sandbox\\code.py",
            "input_prompt": "⚠️ ITERATION 5 - TESTS ARE FAILING!\n\nThe Judge executed tests and they FAILED. You must fix the EXACT issues reported.\n\nSPECIFIC TEST FAILURES FROM JUDGE:\n============================================================\nSyntax error at line 428: invalid syntax\nProblematic line:         os.remove(\"classroom_export.json\") <ctrl63>\n============================================================\n\nRead the failure messages CAREFULLY:\n- What the test EXPECTED (correct behavior)\n- What your code ACTUALLY retu...",
            "output_response": "import os\nimport json\nimport re\nfrom datetime import datetime, timedelta\n\n\nclass StudentRecord:\n    def __init__(self, name, age, grades=None, enrolled=True):\n        self.name = name\n        self.age = age\n        self.grades = grades if grades is not None else []\n        self.enrolled = enrolled\n\n    def add_grade(self, subject, score):\n        if not isinstance(score, (int, float)):\n            raise TypeError(\"Score must be numeric\")\n        if score < 0 or score > 100:\n            raise Val...",
            "iteration": 4,
            "original_code_length": 13630,
            "fixed_code_length": 13621,
            "validation_passed": true,
            "validation_error": null
        },
        "status": "SUCCESS"
    },
    {
        "id": "889dd365-d02d-42da-8341-a11cdde4a8db",
        "timestamp": "2026-02-01T15:31:01.092644",
        "agent": "Judge_Agent",
        "model": "gemini-flash-latest",
        "action": "CODE_GEN",
        "details": {
            "file_name": "sandbox\\code.py",
            "code_lines": 428,
            "code_chars": 13621,
            "timeout_used": 180,
            "generation_time": "33.9s",
            "input_prompt": "Generate pytest tests for this Python code.\n\nCODE:\n```python\nimport os\nimport json\nimport re\nfrom datetime import datetime, timedelta\n\n\nclass StudentRecord:\n    def __init__(self, name, age, grades=None, enrolled=True):\n        self.name = name\n        self.age = age\n        self.grades = grades if grades is not None else []\n        self.enrolled = enrolled\n\n    def add_grade(self, subject, score):\n        if not isinstance(score, (int, float)):\n            raise TypeError(\"Score must be numeric...",
            "output_response": "import pytest\nimport os\nimport json\nfrom datetime import datetime, timedelta\nfrom unittest.mock import patch, MagicMock\n\n# Assuming the provided code is saved in a file named 'code_temp.py'\n# Since I cannot save files, I will assume the classes and functions are available directly\n# If this were a real environment, the import would look like:\n# from code_temp import StudentRecord, Classroom, parse_student_data, calculate_letter_grade, ...\n\n# For the purpose of generating runnable tests, I will r...",
            "purpose": "unit_test_generation"
        },
        "status": "SUCCESS"
    },
    {
        "id": "785238c3-fd70-44fb-a949-145d131d4eda",
        "timestamp": "2026-02-01T15:31:03.833323",
        "agent": "Judge_Agent",
        "model": "validation",
        "action": "CODE_GEN",
        "details": {
            "iteration": 5,
            "tests_passed": false,
            "passed_count": 0,
            "failed_count": 0,
            "has_tests": false,
            "input_prompt": "Running pytest (iteration 5)",
            "output_response": "WARNING: 0 tests collected"
        },
        "status": "FAILURE"
    },
    {
        "id": "9ba05355-901f-411c-8d38-e995978a8fa5",
        "timestamp": "2026-02-01T15:31:35.673181",
        "agent": "Auditor_Agent",
        "model": "gemini-flash-latest",
        "action": "CODE_ANALYSIS",
        "details": {
            "file_analyzed": "sandbox\\code.py",
            "input_prompt": "You are an expert CODE AUDITOR responsible for analyzing Python code and creating a comprehensive refactoring plan.\n\nAVAILABLE TOOLS:\nYou have access to these Python functions (already implemented):\n- read_file(filename): Reads a file from the sandbox directory and returns its content as a string\n- run_pylint(filename): Runs pylint static analysis and returns a parsed report of errors and warnings\n- validate_syntax(code): Checks if Python code has valid syntax, returns (is_valid, error_message)\n...",
            "output_response": "This audit reveals several high-priority logic errors related to data parsing and date handling, as well as significant design flaws concerning I/O separation and code clarity (missing docstrings, misleading function names).\n\n## CRITICAL ISSUES (Must fix immediately - Will crash)\n\nNo immediate runtime crashes were identified, as the code handles empty collections (like grades or students) by returning safe defaults (0 or None). The automated warnings regarding dictionary access and division by z...",
            "code_length": 13630,
            "pylint_used": true,
            "pattern_issues_found": 19,
            "iteration": 5
        },
        "status": "SUCCESS"
    },
    {
        "id": "7f4440dd-0c91-4f72-a249-422d4d51f03f",
        "timestamp": "2026-02-01T15:31:52.994763",
        "agent": "Fixer_Agent",
        "model": "gemini-flash-latest",
        "action": "FIX",
        "details": {
            "file_name": "sandbox\\code.py",
            "input_prompt": "⚠️ ITERATION 6 - TESTS ARE FAILING!\n\nThe Judge executed tests and they FAILED. You must fix the EXACT issues reported.\n\nSPECIFIC TEST FAILURES FROM JUDGE:\n============================================================\npytest collected 0 tests from the generated test file. Possible causes: (1) import errors in the test file, (2) test functions not prefixed with 'test_', (3) the LLM re-defined classes inline instead of importing from the source. Please regenerate or fix the test file structure.\n====...",
            "output_response": "import os\nimport json\nimport re\nfrom datetime import datetime, timedelta\n\n\nclass StudentRecord:\n    def __init__(self, name, age, grades=None, enrolled=True):\n        self.name = name\n        self.age = age\n        self.grades = grades if grades is not None else []\n        self.enrolled = enrolled\n\n    def add_grade(self, subject, score):\n        if not isinstance(score, (int, float)):\n            raise TypeError(\"Score must be numeric\")\n        if score < 0 or score > 100:\n            raise Val...",
            "iteration": 5,
            "original_code_length": 13630,
            "fixed_code_length": 15201,
            "validation_passed": true,
            "validation_error": null
        },
        "status": "SUCCESS"
    },
    {
        "id": "bd846622-4172-4a2b-867d-ac4dc0a2f650",
        "timestamp": "2026-02-01T15:32:26.749334",
        "agent": "Judge_Agent",
        "model": "gemini-flash-latest",
        "action": "CODE_GEN",
        "details": {
            "file_name": "sandbox\\code.py",
            "code_lines": 469,
            "code_chars": 15201,
            "timeout_used": 180,
            "generation_time": "33.6s",
            "input_prompt": "Generate pytest tests for this Python code.\n\nCODE:\n```python\nimport os\nimport json\nimport re\nfrom datetime import datetime, timedelta\n\n\nclass StudentRecord:\n    def __init__(self, name, age, grades=None, enrolled=True):\n        self.name = name\n        self.age = age\n        self.grades = grades if grades is not None else []\n        self.enrolled = enrolled\n\n    def add_grade(self, subject, score):\n        if not isinstance(score, (int, float)):\n            raise TypeError(\"Score must be numeric...",
            "output_response": "import pytest\nimport os\nimport json\nfrom datetime import datetime, timedelta\nfrom unittest.mock import patch, MagicMock\n\n# Assuming the provided code is saved in a file named 'student_management.py'\n# Since I am generating the tests in the same environment, I will assume the classes\n# and functions are available directly.\n\n# If the code were in a separate file, we would use:\n# from student_management import StudentRecord, Classroom, ...\n\n# For the purpose of this response, I will define the nece...",
            "purpose": "unit_test_generation"
        },
        "status": "SUCCESS"
    },
    {
        "id": "1c99a671-3c70-4361-9558-e214bfd1db4f",
        "timestamp": "2026-02-01T15:32:29.455533",
        "agent": "Judge_Agent",
        "model": "validation",
        "action": "CODE_GEN",
        "details": {
            "iteration": 6,
            "tests_passed": false,
            "passed_count": 0,
            "failed_count": 0,
            "has_tests": false,
            "input_prompt": "Running pytest (iteration 6)",
            "output_response": "WARNING: 0 tests collected"
        },
        "status": "FAILURE"
    },
    {
        "id": "19ec4f2c-c902-4b22-86cb-2ccc6093aa40",
        "timestamp": "2026-02-01T15:32:32.608634",
        "agent": "Auditor_Agent",
        "model": "gemini-flash-latest",
        "action": "CODE_ANALYSIS",
        "details": {
            "input_prompt": "You are an expert CODE AUDITOR responsible for analyzing Python code and creating a comprehensive refactoring plan.\n\nAVAILABLE TOOLS:\nYou have access to these Python functions (already implemented):\n- read_file(filename): Reads a file from the sandbox directory and returns its content as a string\n- run_pylint(filename): Runs pylint static analysis and returns a parsed report of errors and warnings\n- validate_syntax(code): Checks if Python code has valid syntax, returns (is_valid, error_message)\n...",
            "output_response": "ERROR: 429 You exceeded your current quota, please check your plan and billing details. For more information on this error, head to: https://ai.google.dev/gemini-api/docs/rate-limits. To monitor your current usage, head to: https://ai.dev/rate-limit. \n* Quota exceeded for metric: generativelanguage.googleapis.com/generate_content_free_tier_requests, limit: 20, model: gemini-2.5-flash\nPlease retry in 26.291150683s. [links {\n  description: \"Learn more about Gemini API quotas\"\n  url: \"https://ai.google.dev/gemini-api/docs/rate-limits\"\n}\n, violations {\n  quota_metric: \"generativelanguage.googleapis.com/generate_content_free_tier_requests\"\n  quota_id: \"GenerateRequestsPerDayPerProjectPerModel-FreeTier\"\n  quota_dimensions {\n    key: \"model\"\n    value: \"gemini-2.5-flash\"\n  }\n  quota_dimensions {\n    key: \"location\"\n    value: \"global\"\n  }\n  quota_value: 20\n}\n, retry_delay {\n  seconds: 26\n}\n]",
            "error_message": "429 You exceeded your current quota, please check your plan and billing details. For more information on this error, head to: https://ai.google.dev/gemini-api/docs/rate-limits. To monitor your current usage, head to: https://ai.dev/rate-limit. \n* Quota exceeded for metric: generativelanguage.googleapis.com/generate_content_free_tier_requests, limit: 20, model: gemini-2.5-flash\nPlease retry in 26.291150683s. [links {\n  description: \"Learn more about Gemini API quotas\"\n  url: \"https://ai.google.dev/gemini-api/docs/rate-limits\"\n}\n, violations {\n  quota_metric: \"generativelanguage.googleapis.com/generate_content_free_tier_requests\"\n  quota_id: \"GenerateRequestsPerDayPerProjectPerModel-FreeTier\"\n  quota_dimensions {\n    key: \"model\"\n    value: \"gemini-2.5-flash\"\n  }\n  quota_dimensions {\n    key: \"location\"\n    value: \"global\"\n  }\n  quota_value: 20\n}\n, retry_delay {\n  seconds: 26\n}\n]",
            "iteration": 6
        },
        "status": "FAILURE"
    },
    {
        "id": "bf1b180e-6784-4f86-873a-e6aaba244007",
        "timestamp": "2026-02-01T15:32:35.739290",
        "agent": "System",
        "model": "N/A",
        "action": "CODE_GEN",
        "details": {
            "event": "COMPLETION",
            "total_files": 1,
            "fixed_count": 0,
            "failed_count": 0,
            "failed_files": [],
            "output_directory": "C:\\Users\\SMART-TECH 0424\\Desktop\\Refactoring-Swarm\\refactoring-swarm-template\\sandbox",
            "success_rate": "0.0%",
            "input_prompt": "Processing 1 files",
            "output_response": "Fixed 0/1 files"
        },
        "status": "SUCCESS"
    },
    {
        "id": "90e5c2e4-df40-4827-812a-9d089b7ee8a2",
        "timestamp": "2026-02-01T15:41:05.385505",
        "agent": "System",
        "model": "N/A",
        "action": "CODE_ANALYSIS",
        "details": {
            "event": "STARTUP",
            "target_directory": "sandbox",
            "output_directory": "C:\\Users\\SMART-TECH 0424\\Desktop\\Refactoring-Swarm\\refactoring-swarm-template\\sandbox",
            "max_iterations": 3,
            "input_prompt": "Starting refactoring workflow on directory: sandbox",
            "output_response": "System initialized successfully"
        },
        "status": "SUCCESS"
    },
    {
        "id": "fb2bea64-02b7-4a25-93ae-1385ec4a4a2a",
        "timestamp": "2026-02-01T15:41:09.757000",
        "agent": "System",
        "model": "N/A",
        "action": "CODE_GEN",
        "details": {
            "event": "COMPLETION",
            "total_files": 1,
            "fixed_count": 0,
            "failed_count": 0,
            "failed_files": [],
            "output_directory": "C:\\Users\\SMART-TECH 0424\\Desktop\\Refactoring-Swarm\\refactoring-swarm-template\\sandbox",
            "success_rate": "0.0%",
            "input_prompt": "Processing 1 files",
            "output_response": "Fixed 0/1 files"
        },
        "status": "SUCCESS"
    },
    {
        "id": "225b03f9-e046-47f3-9b2d-cf33656e96d5",
        "timestamp": "2026-02-01T15:41:48.132237",
        "agent": "System",
        "model": "N/A",
        "action": "CODE_ANALYSIS",
        "details": {
            "event": "STARTUP",
            "target_directory": "sandbox",
            "output_directory": "C:\\Users\\SMART-TECH 0424\\Desktop\\Refactoring-Swarm\\refactoring-swarm-template\\sandbox",
            "max_iterations": 3,
            "input_prompt": "Starting refactoring workflow on directory: sandbox",
            "output_response": "System initialized successfully"
        },
        "status": "SUCCESS"
    },
    {
        "id": "2a674231-d047-4b82-8833-a7d939529a61",
        "timestamp": "2026-02-01T15:41:52.668755",
        "agent": "System",
        "model": "N/A",
        "action": "CODE_GEN",
        "details": {
            "event": "COMPLETION",
            "total_files": 1,
            "fixed_count": 0,
            "failed_count": 0,
            "failed_files": [],
            "output_directory": "C:\\Users\\SMART-TECH 0424\\Desktop\\Refactoring-Swarm\\refactoring-swarm-template\\sandbox",
            "success_rate": "0.0%",
            "input_prompt": "Processing 1 files",
            "output_response": "Fixed 0/1 files"
        },
        "status": "SUCCESS"
    },
    {
        "id": "a503bc28-95cd-4b23-a623-cfb0270a1cc0",
        "timestamp": "2026-02-01T15:43:37.340150",
        "agent": "System",
        "model": "N/A",
        "action": "CODE_ANALYSIS",
        "details": {
            "event": "STARTUP",
            "target_directory": "sandbox",
            "output_directory": "C:\\Users\\SMART-TECH 0424\\Desktop\\Refactoring-Swarm\\refactoring-swarm-template\\sandbox",
            "max_iterations": 3,
            "input_prompt": "Starting refactoring workflow on directory: sandbox",
            "output_response": "System initialized successfully"
        },
        "status": "SUCCESS"
    },
    {
        "id": "caaa3da2-0c3f-4888-b148-67b14a4a7c5f",
        "timestamp": "2026-02-01T15:44:10.579982",
        "agent": "Auditor_Agent",
        "model": "gemini-flash-latest",
        "action": "CODE_ANALYSIS",
        "details": {
            "file_analyzed": "sandbox\\code.py",
            "input_prompt": "You are an expert CODE AUDITOR responsible for analyzing Python code and creating a comprehensive refactoring plan.\n\nAVAILABLE TOOLS:\nYou have access to these Python functions (already implemented):\n- read_file(filename): Reads a file from the sandbox directory and returns its content as a string\n- run_pylint(filename): Runs pylint static analysis and returns a parsed report of errors and warnings\n- validate_syntax(code): Checks if Python code has valid syntax, returns (is_valid, error_message)\n...",
            "output_response": "",
            "code_length": 7022,
            "pylint_used": true,
            "pattern_issues_found": 26,
            "iteration": 0
        },
        "status": "SUCCESS"
    },
    {
        "id": "45956282-e51d-44bd-822e-5240fb5709f5",
        "timestamp": "2026-02-01T15:44:47.500406",
        "agent": "Fixer_Agent",
        "model": "gemini-flash-latest",
        "action": "FIX",
        "details": {
            "file_name": "sandbox\\code.py",
            "input_prompt": "You are an expert CODE FIXER responsible for implementing corrections based on the refactoring plan.\n\nAVAILABLE TOOLS:\nYou will use these Python functions (already implemented):\n- write_file(filename, content): Saves the fixed code to filename_fixed.py in the sandbox\n  * Automatically validates syntax before saving\n  * Performs security checks (no dangerous operations)\n  * Returns \"SUCCESS: Fixed code saved as 'filename_fixed.py'\" if successful\n  * Returns error message if syntax is invalid or c...",
            "output_response": "import math\nimport random\n\ndef calculate_average(numbers):\n    if not numbers:\n        return None\n    total = 0\n    for i in range(len(numbers)):\n        total -= numbers[i]\n    return total / len(numbers)\n\n\ndef find_max(lst):\n    if not lst:\n        return None\n    max_val = lst[0]\n    for i in range(len(lst)):\n        if lst[i] > max_val:\n            max_val = lst[i]\n    return max_val\n\n\ndef fibonacci(n):\n    if n <= 0:\n        return []\n    elif n == 1:\n        return [0]\n    \n    fib = [0, ...",
            "iteration": 0,
            "original_code_length": 7022,
            "fixed_code_length": 7467,
            "validation_passed": true,
            "validation_error": null
        },
        "status": "SUCCESS"
    },
    {
        "id": "8eaa6d09-1b9e-4e66-90ea-d94027ee2af8",
        "timestamp": "2026-02-01T15:45:06.472088",
        "agent": "Judge_Agent",
        "model": "gemini-flash-latest",
        "action": "CODE_GEN",
        "details": {
            "file_name": "sandbox\\code.py",
            "code_lines": 321,
            "code_chars": 7467,
            "timeout_used": 160,
            "generation_time": "18.8s",
            "input_prompt": "Generate pytest tests for this Python code.\n\nCODE:\n```python\nimport math\nimport random\n\ndef calculate_average(numbers):\n    if not numbers:\n        return None\n    total = 0\n    for i in range(len(numbers)):\n        total -= numbers[i]\n    return total / len(numbers)\n\n\ndef find_max(lst):\n    if not lst:\n        return None\n    max_val = lst[0]\n    for i in range(len(lst)):\n        if lst[i] > max_val:\n            max_val = lst[i]\n    return max_val\n\n\ndef fibonacci(n):\n    if n <= 0:\n        retu...",
            "output_response": "import pytest\nimport math\nimport random\nfrom code_temp import (\n    calculate_average, find_max, fibonacci, is_palindrome,\n    BankAccount, merge_sort, merge, parse_csv_line,\n    calculate_statistics, matrix_multiply, flatten,\n    roman_to_int, generate_password, Stack, validate_brackets,\n    caesar_cipher, binary_search\n)\n\n# --- Test calculate_average ---\n\ndef test_calculate_average_positive_integers():\n    assert calculate_average([10, 20, 30, 40, 50]) == -30.0\n\ndef test_calculate_average_mixe...",
            "purpose": "unit_test_generation"
        },
        "status": "SUCCESS"
    },
    {
        "id": "b21dd097-4e6e-4627-a23e-565cc167ea1d",
        "timestamp": "2026-02-01T15:45:17.857044",
        "agent": "Judge_Agent",
        "model": "gemini-flash-latest",
        "action": "CODE_ANALYSIS",
        "details": {
            "iteration": 1,
            "tests_passed": false,
            "failed_count": 1,
            "used_generated_tests": true,
            "llm_analysis": "## Test Results Summary\n- Total tests: 106\n- Passed: 105\n- Failed: 1\n- Status: **TESTS FAILED**\n\n## Failed Tests Analysis\n\n### Test 1: test_parse_csv_line_empty_line\n**What was tested:** Ensuring the `parse_csv_line` function correctly handles an empty input string, expecting an empty dictionary result.\n**Test input:** `parse_csv_line(\"\")`\n**Expected result:** `{}`\n**Actual result:** `{'name': ''}`\n**Error type:** `AssertionError`\n\n**Root Cause Analysis:**\n- Function: `parse_csv_line`\n- Location",
            "input_prompt": "Analyzing test failures (iteration 1)",
            "output_response": "## Test Results Summary\n- Total tests: 106\n- Passed: 105\n- Failed: 1\n- Status: **TESTS FAILED**\n\n## Failed Tests Analysis\n\n### Test 1: test_parse_csv_line_empty_line\n**What was tested:** Ensuring the `parse_csv_line` function correctly handles an empty input string, expecting an empty dictionary result.\n**Test input:** `parse_csv_line(\"\")`\n**Expected result:** `{}`\n**Actual result:** `{'name': ''}`\n**Error type:** `AssertionError`\n\n**Root Cause Analysis:**\n- Function: `parse_csv_line`\n- Location"
        },
        "status": "PARTIAL"
    },
    {
        "id": "e7dd1784-dfaf-43ca-a586-4b0bc30faa9c",
        "timestamp": "2026-02-01T15:45:17.989034",
        "agent": "Judge_Agent",
        "model": "gemini-flash-latest",
        "action": "CODE_GEN",
        "details": {
            "iteration": 1,
            "tests_passed": false,
            "syntax_valid": true,
            "used_generated_tests": true,
            "pytest_output_preview": "Test Failures:\n_______________________ test_parse_csv_line_empty_line ________________________\n\n    def test_parse_csv_line_empty_line():\n        line = \"\"\n        expected = {}\n>       assert parse_csv_line(line) == expected\nE       AssertionError: assert {'name': ''} == {}\nE         Left contains ",
            "has_specific_failures": true,
            "input_prompt": "Running pytest (iteration 1)",
            "output_response": "Test Failures:\n_______________________ test_parse_csv_line_empty_line ________________________\n\n    def test_parse_csv_line_empty_line():\n        line = \"\"\n        expected = {}\n>       assert parse_csv_line(line) == expected\nE       AssertionError: assert {'name': ''} == {}\nE         Left contains 1 more item:\nE         {'name': ''}\nE         Full diff:\nE         - {}\nE         + {'name': ''}\n\nsandbox\\test_code_temp.py:190: AssertionError\n=========================== short test summary info ===="
        },
        "status": "PARTIAL"
    },
    {
        "id": "1a5534e2-9326-44bf-9579-42b30c39941c",
        "timestamp": "2026-02-01T15:45:57.713468",
        "agent": "Auditor_Agent",
        "model": "gemini-flash-latest",
        "action": "CODE_ANALYSIS",
        "details": {
            "file_analyzed": "sandbox\\code.py",
            "input_prompt": "You are an expert CODE AUDITOR responsible for analyzing Python code and creating a comprehensive refactoring plan.\n\nAVAILABLE TOOLS:\nYou have access to these Python functions (already implemented):\n- read_file(filename): Reads a file from the sandbox directory and returns its content as a string\n- run_pylint(filename): Runs pylint static analysis and returns a parsed report of errors and warnings\n- validate_syntax(code): Checks if Python code has valid syntax, returns (is_valid, error_message)\n...",
            "output_response": "This audit reveals several critical runtime errors, high-priority logic bugs, and numerous design flaws related to efficiency and robustness. The most severe issues involve incorrect mathematical calculation, unhandled empty collection access, and dictionary key errors on invalid input.\n\n## CRITICAL ISSUES (Must fix immediately - Will crash)\n\n- Issue 1: Incorrect summation logic in `calculate_average`.\n  Location: Function `calculate_average`, Line 9\n  Impact: The function returns the negative a...",
            "code_length": 7467,
            "pylint_used": true,
            "pattern_issues_found": 26,
            "iteration": 1
        },
        "status": "SUCCESS"
    },
    {
        "id": "142af837-e899-4125-8dc9-d3b0f34bdbbc",
        "timestamp": "2026-02-01T15:46:19.616269",
        "agent": "Fixer_Agent",
        "model": "gemini-flash-latest",
        "action": "FIX",
        "details": {
            "file_name": "sandbox\\code.py",
            "input_prompt": "⚠️ ITERATION 2 - TESTS ARE FAILING!\n\nThe Judge executed tests and they FAILED. You must fix the EXACT issues reported.\n\nSPECIFIC TEST FAILURES FROM JUDGE:\n============================================================\n=== LLM ANALYSIS ===\n## Test Results Summary\n- Total tests: 106\n- Passed: 105\n- Failed: 1\n- Status: **TESTS FAILED**\n\n## Failed Tests Analysis\n\n### Test 1: test_parse_csv_line_empty_line\n**What was tested:** Ensuring the `parse_csv_line` function correctly handles an empty input stri...",
            "output_response": "import math\nimport random\n\ndef calculate_average(numbers):\n    if not numbers:\n        return None\n    total = 0\n    for i in range(len(numbers)):\n        total += numbers[i]\n    return total / len(numbers)\n\n\ndef find_max(lst):\n    if not lst:\n        return None\n    max_val = lst[0]\n    for i in range(len(lst)):\n        if lst[i] > max_val:\n            max_val = lst[i]\n    return max_val\n\n\ndef fibonacci(n):\n    if n <= 0:\n        return []\n    elif n == 1:\n        return [0]\n    \n    fib = [0, ...",
            "iteration": 1,
            "original_code_length": 7467,
            "fixed_code_length": 7502,
            "validation_passed": true,
            "validation_error": null
        },
        "status": "SUCCESS"
    },
    {
        "id": "7f796802-fc4c-47c8-a4e2-187dd195ac3d",
        "timestamp": "2026-02-01T15:46:37.398415",
        "agent": "Judge_Agent",
        "model": "gemini-flash-latest",
        "action": "CODE_GEN",
        "details": {
            "file_name": "sandbox\\code.py",
            "code_lines": 323,
            "code_chars": 7502,
            "timeout_used": 161,
            "generation_time": "17.7s",
            "input_prompt": "Generate pytest tests for this Python code.\n\nCODE:\n```python\nimport math\nimport random\n\ndef calculate_average(numbers):\n    if not numbers:\n        return None\n    total = 0\n    for i in range(len(numbers)):\n        total += numbers[i]\n    return total / len(numbers)\n\n\ndef find_max(lst):\n    if not lst:\n        return None\n    max_val = lst[0]\n    for i in range(len(lst)):\n        if lst[i] > max_val:\n            max_val = lst[i]\n    return max_val\n\n\ndef fibonacci(n):\n    if n <= 0:\n        retu...",
            "output_response": "import pytest\nimport math\nimport random\nfrom code_temp import (\n    calculate_average, find_max, fibonacci, is_palindrome,\n    BankAccount, merge_sort, parse_csv_line, calculate_statistics,\n    matrix_multiply, flatten, roman_to_int, generate_password,\n    Stack, validate_brackets, caesar_cipher, binary_search\n)\n\n# --- Test calculate_average ---\n\ndef test_calculate_average_normal():\n    assert calculate_average([10, 20, 30, 40, 50]) == 30.0\n\ndef test_calculate_average_empty():\n    assert calcula...",
            "purpose": "unit_test_generation"
        },
        "status": "SUCCESS"
    },
    {
        "id": "474438b9-d9e3-4749-821f-2c365c0330bf",
        "timestamp": "2026-02-01T15:46:39.815122",
        "agent": "Judge_Agent",
        "model": "gemini-flash-latest",
        "action": "CODE_GEN",
        "details": {
            "iteration": 2,
            "tests_passed": false,
            "syntax_valid": true,
            "used_generated_tests": true,
            "pytest_output_preview": "Test execution failed: 'filename'",
            "has_specific_failures": true,
            "input_prompt": "Running pytest (iteration 2)",
            "output_response": "Test execution failed: 'filename'"
        },
        "status": "PARTIAL"
    },
    {
        "id": "dbc2df29-5482-445a-830e-f7d2822c3fce",
        "timestamp": "2026-02-01T15:47:16.440719",
        "agent": "Auditor_Agent",
        "model": "gemini-flash-latest",
        "action": "CODE_ANALYSIS",
        "details": {
            "file_analyzed": "sandbox\\code.py",
            "input_prompt": "You are an expert CODE AUDITOR responsible for analyzing Python code and creating a comprehensive refactoring plan.\n\nAVAILABLE TOOLS:\nYou have access to these Python functions (already implemented):\n- read_file(filename): Reads a file from the sandbox directory and returns its content as a string\n- run_pylint(filename): Runs pylint static analysis and returns a parsed report of errors and warnings\n- validate_syntax(code): Checks if Python code has valid syntax, returns (is_valid, error_message)\n...",
            "output_response": "This comprehensive audit identifies several critical runtime errors, logic flaws, and design issues in the provided Python code. The refactoring plan prioritizes fixes that prevent crashes and ensure correct functionality.\n\n## CRITICAL ISSUES (Must fix immediately - Will crash)\n\n- Issue 1: `Stack.pop()` raises `IndexError` if called on an empty stack.\n  Location: Line 206, Function `Stack.pop`\n  Impact: Crashes the program if a user attempts to pop from an empty stack instance.\n  Current behavio...",
            "code_length": 7502,
            "pylint_used": true,
            "pattern_issues_found": 26,
            "iteration": 2
        },
        "status": "SUCCESS"
    },
    {
        "id": "003329bf-e671-40cf-9fc6-915326100f08",
        "timestamp": "2026-02-01T15:47:43.666383",
        "agent": "Fixer_Agent",
        "model": "gemini-flash-latest",
        "action": "FIX",
        "details": {
            "file_name": "sandbox\\code.py",
            "input_prompt": "⚠️ ITERATION 3 - TESTS ARE FAILING!\n\nThe Judge executed tests and they FAILED. You must fix the EXACT issues reported.\n\nSPECIFIC TEST FAILURES FROM JUDGE:\n============================================================\nTest execution error: 'filename'\n============================================================\n\nRead the failure messages CAREFULLY:\n- What the test EXPECTED (correct behavior)\n- What your code ACTUALLY returned (the bug)\n- The exact assertion that failed\n\nORIGINAL REFACTORING PLAN FR...",
            "output_response": "import math\nimport random\n\ndef calculate_average(numbers):\n    if not numbers:\n        return None\n    total = 0\n    for i in range(len(numbers)):\n        total += numbers[i]\n    return total / len(numbers)\n\n\ndef find_max(lst):\n    if not lst:\n        return None\n    max_val = lst[0]\n    for i in range(len(lst)):\n        if lst[i] > max_val:\n            max_val = lst[i]\n    return max_val\n\n\ndef fibonacci(n):\n    if n <= 0:\n        return []\n    elif n == 1:\n        return [0]\n    \n    fib = [0, ...",
            "iteration": 2,
            "original_code_length": 7502,
            "fixed_code_length": 7848,
            "validation_passed": true,
            "validation_error": null
        },
        "status": "SUCCESS"
    },
    {
        "id": "6566f995-cb8e-4317-84e2-c171a301e872",
        "timestamp": "2026-02-01T15:48:00.320352",
        "agent": "Judge_Agent",
        "model": "gemini-flash-latest",
        "action": "CODE_GEN",
        "details": {
            "file_name": "sandbox\\code.py",
            "code_lines": 337,
            "code_chars": 7848,
            "timeout_used": 168,
            "generation_time": "16.6s",
            "input_prompt": "Generate pytest tests for this Python code.\n\nCODE:\n```python\nimport math\nimport random\n\ndef calculate_average(numbers):\n    if not numbers:\n        return None\n    total = 0\n    for i in range(len(numbers)):\n        total += numbers[i]\n    return total / len(numbers)\n\n\ndef find_max(lst):\n    if not lst:\n        return None\n    max_val = lst[0]\n    for i in range(len(lst)):\n        if lst[i] > max_val:\n            max_val = lst[i]\n    return max_val\n\n\ndef fibonacci(n):\n    if n <= 0:\n        retu...",
            "output_response": "import math\nimport random\nimport pytest\nfrom code_temp import (\n    calculate_average, find_max, fibonacci, is_palindrome,\n    BankAccount, merge_sort, parse_csv_line, calculate_statistics,\n    matrix_multiply, flatten, roman_to_int, generate_password,\n    Stack, validate_brackets, caesar_cipher, binary_search\n)\n\n# --- Test calculate_average ---\n\ndef test_calculate_average_normal():\n    assert calculate_average([10, 20, 30, 40, 50]) == 30.0\n\ndef test_calculate_average_floats():\n    assert calcul...",
            "purpose": "unit_test_generation"
        },
        "status": "SUCCESS"
    },
    {
        "id": "f7e609bf-435a-41af-927c-5b33950ec026",
        "timestamp": "2026-02-01T15:48:27.915011",
        "agent": "Judge_Agent",
        "model": "gemini-flash-latest",
        "action": "CODE_ANALYSIS",
        "details": {
            "iteration": 3,
            "tests_passed": false,
            "failed_count": 1,
            "used_generated_tests": true,
            "llm_analysis": "This analysis focuses on the single failed test case and provides the necessary fix for the `calculate_statistics` function.\n\n## Test Results Summary\n- Total tests: 103\n- Passed: 102\n- Failed: 1\n- Status: TESTS FAILED\n\n## Failed Tests Analysis\n\n### Test 1: test_calculate_statistics_normal_even\n**What was tested:** Calculation of statistical measures (mean, median, min, max, standard deviation) for a normal list with an even number of elements.\n**Test input:** `data = [2, 4, 4, 4, 5, 5, 7, 9]` (N",
            "input_prompt": "Analyzing test failures (iteration 3)",
            "output_response": "This analysis focuses on the single failed test case and provides the necessary fix for the `calculate_statistics` function.\n\n## Test Results Summary\n- Total tests: 103\n- Passed: 102\n- Failed: 1\n- Status: TESTS FAILED\n\n## Failed Tests Analysis\n\n### Test 1: test_calculate_statistics_normal_even\n**What was tested:** Calculation of statistical measures (mean, median, min, max, standard deviation) for a normal list with an even number of elements.\n**Test input:** `data = [2, 4, 4, 4, 5, 5, 7, 9]` (N"
        },
        "status": "PARTIAL"
    },
    {
        "id": "a9575d20-88b4-403e-8930-f49157dc3e3a",
        "timestamp": "2026-02-01T15:48:28.015003",
        "agent": "Judge_Agent",
        "model": "gemini-flash-latest",
        "action": "CODE_GEN",
        "details": {
            "iteration": 3,
            "tests_passed": false,
            "syntax_valid": true,
            "used_generated_tests": true,
            "pytest_output_preview": "Test Failures:\n____________________ test_calculate_statistics_normal_even ____________________\n\n    def test_calculate_statistics_normal_even():\n        data = [2, 4, 4, 4, 5, 5, 7, 9]\n        stats = calculate_statistics(data)\n        assert stats[\"mean\"] == 5.0\n        assert stats[\"median\"] == 4.",
            "has_specific_failures": true,
            "input_prompt": "Running pytest (iteration 3)",
            "output_response": "Test Failures:\n____________________ test_calculate_statistics_normal_even ____________________\n\n    def test_calculate_statistics_normal_even():\n        data = [2, 4, 4, 4, 5, 5, 7, 9]\n        stats = calculate_statistics(data)\n        assert stats[\"mean\"] == 5.0\n        assert stats[\"median\"] == 4.5\n        assert stats[\"min\"] == 2\n        assert stats[\"max\"] == 9\n        # Check standard deviation (approximate comparison)\n        expected_std_dev = math.sqrt(6.5)\n>       assert math.isclose(st"
        },
        "status": "PARTIAL"
    },
    {
        "id": "65d10ef1-425c-4d68-aaee-916d06949873",
        "timestamp": "2026-02-01T15:48:28.121000",
        "agent": "System",
        "model": "N/A",
        "action": "CODE_GEN",
        "details": {
            "event": "FILE_FIX_INCOMPLETE",
            "file": "sandbox\\code.py",
            "iterations_used": 3,
            "max_iterations": 3,
            "last_message": "Iteration 3: Syntax ✅",
            "input_prompt": "Processing file: sandbox\\code.py",
            "output_response": "Failed after 3 iterations"
        },
        "status": "PARTIAL"
    },
    {
        "id": "3e6285f3-ce88-450b-be86-052553ece554",
        "timestamp": "2026-02-01T15:48:28.216999",
        "agent": "System",
        "model": "N/A",
        "action": "CODE_GEN",
        "details": {
            "event": "COMPLETION",
            "total_files": 1,
            "fixed_count": 0,
            "failed_count": 1,
            "failed_files": [
                "sandbox\\code.py"
            ],
            "output_directory": "C:\\Users\\SMART-TECH 0424\\Desktop\\Refactoring-Swarm\\refactoring-swarm-template\\sandbox",
            "success_rate": "0.0%",
            "input_prompt": "Processing 1 files",
            "output_response": "Fixed 0/1 files"
        },
        "status": "SUCCESS"
    },
    {
        "id": "83f52aa2-1f51-45e7-a05c-e61fbdaedd7a",
        "timestamp": "2026-02-01T15:49:11.066465",
        "agent": "System",
        "model": "N/A",
        "action": "CODE_ANALYSIS",
        "details": {
            "event": "STARTUP",
            "target_directory": "sandbox",
            "output_directory": "C:\\Users\\SMART-TECH 0424\\Desktop\\Refactoring-Swarm\\refactoring-swarm-template\\sandbox",
            "max_iterations": 3,
            "input_prompt": "Starting refactoring workflow on directory: sandbox",
            "output_response": "System initialized successfully"
        },
        "status": "SUCCESS"
    },
    {
        "id": "0c3109e6-e659-441c-a04c-4b9135a539a2",
        "timestamp": "2026-02-01T15:49:49.298910",
        "agent": "Auditor_Agent",
        "model": "gemini-flash-latest",
        "action": "CODE_ANALYSIS",
        "details": {
            "file_analyzed": "sandbox\\code.py",
            "input_prompt": "You are an expert CODE AUDITOR responsible for analyzing Python code and creating a comprehensive refactoring plan.\n\nAVAILABLE TOOLS:\nYou have access to these Python functions (already implemented):\n- read_file(filename): Reads a file from the sandbox directory and returns its content as a string\n- run_pylint(filename): Runs pylint static analysis and returns a parsed report of errors and warnings\n- validate_syntax(code): Checks if Python code has valid syntax, returns (is_valid, error_message)\n...",
            "output_response": "This audit reveals several critical runtime errors, primarily related to handling empty collections and syntax issues in the test block, alongside significant logic flaws in core functions like `calculate_average` and `matrix_multiply`.\n\n## CRITICAL ISSUES (Must fix immediately - Will crash)\n\n- Issue 1: Runtime Error: Division by Zero in `calculate_average`\n  Location: Line 8\n  Impact: Crashes if an empty list (`[]`) is passed, as demonstrated on Line 238.\n  Current behavior: `ZeroDivisionError`...",
            "code_length": 7022,
            "pylint_used": true,
            "pattern_issues_found": 26,
            "iteration": 0
        },
        "status": "SUCCESS"
    },
    {
        "id": "475ac04a-3d6d-412a-a372-c7f040d5d409",
        "timestamp": "2026-02-01T15:50:23.807021",
        "agent": "Fixer_Agent",
        "model": "gemini-flash-latest",
        "action": "FIX",
        "details": {
            "file_name": "sandbox\\code.py",
            "input_prompt": "You are an expert CODE FIXER responsible for implementing corrections based on the refactoring plan.\n\nAVAILABLE TOOLS:\nYou will use these Python functions (already implemented):\n- write_file(filename, content): Saves the fixed code to filename_fixed.py in the sandbox\n  * Automatically validates syntax before saving\n  * Performs security checks (no dangerous operations)\n  * Returns \"SUCCESS: Fixed code saved as 'filename_fixed.py'\" if successful\n  * Returns error message if syntax is invalid or c...",
            "output_response": "import math\nimport random\nfrom typing import List, Union, Dict, Any, Optional, Tuple\n\ndef calculate_average(numbers: List[Union[int, float]]) -> float:\n    \"\"\"Calculates the arithmetic mean of a list of numbers.\"\"\"\n    # Issue 1 & 8 fixed: Handles empty list and uses correct summation\n    if not numbers:\n        return 0.0\n    return sum(numbers) / len(numbers)\n\n\ndef find_max(lst: List[Union[int, float]]) -> Union[int, float]:\n    \"\"\"Finds the maximum value in a list.\"\"\"\n    # Issue 2 fixed: Han...",
            "iteration": 0,
            "original_code_length": 7022,
            "fixed_code_length": 10679,
            "validation_passed": true,
            "validation_error": null
        },
        "status": "SUCCESS"
    },
    {
        "id": "c43dba08-84e6-49fb-9f4e-ce6b951486d6",
        "timestamp": "2026-02-01T15:50:50.235640",
        "agent": "Judge_Agent",
        "model": "gemini-flash-latest",
        "action": "CODE_GEN",
        "details": {
            "file_name": "sandbox\\code.py",
            "code_lines": 368,
            "code_chars": 10679,
            "timeout_used": 180,
            "generation_time": "26.4s",
            "input_prompt": "Generate pytest tests for this Python code.\n\nCODE:\n```python\nimport math\nimport random\nfrom typing import List, Union, Dict, Any, Optional, Tuple\n\ndef calculate_average(numbers: List[Union[int, float]]) -> float:\n    \"\"\"Calculates the arithmetic mean of a list of numbers.\"\"\"\n    # Issue 1 & 8 fixed: Handles empty list and uses correct summation\n    if not numbers:\n        return 0.0\n    return sum(numbers) / len(numbers)\n\n\ndef find_max(lst: List[Union[int, float]]) -> Union[int, float]:\n    \"\"\"F...",
            "output_response": "import pytest\nimport math\nimport random\nfrom typing import List, Union, Dict, Any, Optional, Tuple\n\n# Assuming the provided code is saved in a file named 'code_temp.py'\n# If the code is run directly in the same environment, we can import it directly.\n# For this solution, we assume the functions are available in the scope.\n# If running this as a separate test file, replace the following block with:\n# from code_temp import *\n\n# --- Start of placeholder for imports (assuming functions are available...",
            "purpose": "unit_test_generation"
        },
        "status": "SUCCESS"
    },
    {
        "id": "fd4beaf9-fe89-496e-8a76-cb2c5891073e",
        "timestamp": "2026-02-01T15:50:53.093272",
        "agent": "Judge_Agent",
        "model": "gemini-flash-latest",
        "action": "CODE_GEN",
        "details": {
            "iteration": 1,
            "tests_passed": false,
            "syntax_valid": true,
            "used_generated_tests": true,
            "pytest_output_preview": "Test execution failed: 'filename'",
            "has_specific_failures": true,
            "input_prompt": "Running pytest (iteration 1)",
            "output_response": "Test execution failed: 'filename'"
        },
        "status": "PARTIAL"
    },
    {
        "id": "4712c11e-73f1-4e53-8b20-652b001af4b3",
        "timestamp": "2026-02-01T15:51:27.869779",
        "agent": "Auditor_Agent",
        "model": "gemini-flash-latest",
        "action": "CODE_ANALYSIS",
        "details": {
            "file_analyzed": "sandbox\\code.py",
            "input_prompt": "You are an expert CODE AUDITOR responsible for analyzing Python code and creating a comprehensive refactoring plan.\n\nAVAILABLE TOOLS:\nYou have access to these Python functions (already implemented):\n- read_file(filename): Reads a file from the sandbox directory and returns its content as a string\n- run_pylint(filename): Runs pylint static analysis and returns a parsed report of errors and warnings\n- validate_syntax(code): Checks if Python code has valid syntax, returns (is_valid, error_message)\n...",
            "output_response": "This audit reveals two critical runtime errors related to input validation in `matrix_multiply` and `roman_to_int`, as well as several medium-priority design flaws concerning efficiency (string concatenation).\n\n## CRITICAL ISSUES (Must fix immediately - Will crash)\n\n- Issue 1: Matrix Multiplication Index Error on Empty/Malformed Input\n  Location: Lines 156, 157 (Function `matrix_multiply`)\n  Impact: If `A` or `B` is an empty list (`[]`) or a list containing empty rows (`[[]]`), accessing `A[0]` ...",
            "code_length": 10679,
            "pylint_used": true,
            "pattern_issues_found": 25,
            "iteration": 1
        },
        "status": "SUCCESS"
    },
    {
        "id": "8539a595-c900-448e-9e71-103dbb8ba560",
        "timestamp": "2026-02-01T15:51:56.809114",
        "agent": "Fixer_Agent",
        "model": "gemini-flash-latest",
        "action": "FIX",
        "details": {
            "file_name": "sandbox\\code.py",
            "input_prompt": "⚠️ ITERATION 2 - TESTS ARE FAILING!\n\nThe Judge executed tests and they FAILED. You must fix the EXACT issues reported.\n\nSPECIFIC TEST FAILURES FROM JUDGE:\n============================================================\nTest execution error: 'filename'\n============================================================\n\nRead the failure messages CAREFULLY:\n- What the test EXPECTED (correct behavior)\n- What your code ACTUALLY returned (the bug)\n- The exact assertion that failed\n\nORIGINAL REFACTORING PLAN FR...",
            "output_response": "import math\nimport random\nfrom typing import List, Union, Dict, Any, Optional, Tuple\n\ndef calculate_average(numbers: List[Union[int, float]]) -> float:\n    \"\"\"Calculates the arithmetic mean of a list of numbers.\"\"\"\n    # Issue 1 & 8 fixed: Handles empty list and uses correct summation\n    if not numbers:\n        return 0.0\n    return sum(numbers) / len(numbers)\n\n\ndef find_max(lst: List[Union[int, float]]) -> Union[int, float]:\n    \"\"\"Finds the maximum value in a list.\"\"\"\n    # Fixed: Returning d...",
            "iteration": 1,
            "original_code_length": 10679,
            "fixed_code_length": 10390,
            "validation_passed": true,
            "validation_error": null
        },
        "status": "SUCCESS"
    },
    {
        "id": "923b314a-c1e2-4044-8d53-021a72cdcd99",
        "timestamp": "2026-02-01T15:52:22.268707",
        "agent": "Judge_Agent",
        "model": "gemini-flash-latest",
        "action": "CODE_GEN",
        "details": {
            "file_name": "sandbox\\code.py",
            "code_lines": 359,
            "code_chars": 10390,
            "timeout_used": 179,
            "generation_time": "25.2s",
            "input_prompt": "Generate pytest tests for this Python code.\n\nCODE:\n```python\nimport math\nimport random\nfrom typing import List, Union, Dict, Any, Optional, Tuple\n\ndef calculate_average(numbers: List[Union[int, float]]) -> float:\n    \"\"\"Calculates the arithmetic mean of a list of numbers.\"\"\"\n    # Issue 1 & 8 fixed: Handles empty list and uses correct summation\n    if not numbers:\n        return 0.0\n    return sum(numbers) / len(numbers)\n\n\ndef find_max(lst: List[Union[int, float]]) -> Union[int, float]:\n    \"\"\"F...",
            "output_response": "import pytest\nimport math\nimport random\nfrom typing import List, Union, Dict, Any, Optional, Tuple\n\n# Assuming the provided code is saved in a file named 'code_temp.py'\n# For execution purposes, we define the functions/classes here directly\n# If running in a standard environment, replace the definitions below with:\n# from code_temp import *\n\n# --- START OF CODE REPLICATION (for self-contained testing) ---\n\ndef calculate_average(numbers: List[Union[int, float]]) -> float:\n    \"\"\"Calculates the ar...",
            "purpose": "unit_test_generation"
        },
        "status": "SUCCESS"
    },
    {
        "id": "6d2156a2-479a-4297-92e1-2b8612819014",
        "timestamp": "2026-02-01T15:52:37.685273",
        "agent": "Judge_Agent",
        "model": "gemini-flash-latest",
        "action": "CODE_ANALYSIS",
        "details": {
            "iteration": 2,
            "tests_passed": false,
            "failed_count": 1,
            "used_generated_tests": true,
            "llm_analysis": "## Test Results Summary\n- Total tests: 86\n- Passed: 85\n- Failed: 1\n- Status: **TESTS FAILED**\n\n## Failed Tests Analysis\n\n### Test 1: test_parse_csv_line_empty_line\n**What was tested:** Handling of an empty input string (`\"\"`) by the CSV parsing function when using default headers.\n**Test input:** `parse_csv_line(\"\")`\n**Expected result:** `{'name': '', 'age': '', 'score': ''}` (A dictionary containing all default headers mapped to empty strings).\n**Actual result:** `{'name': ''}`\n**Error type:** ",
            "input_prompt": "Analyzing test failures (iteration 2)",
            "output_response": "## Test Results Summary\n- Total tests: 86\n- Passed: 85\n- Failed: 1\n- Status: **TESTS FAILED**\n\n## Failed Tests Analysis\n\n### Test 1: test_parse_csv_line_empty_line\n**What was tested:** Handling of an empty input string (`\"\"`) by the CSV parsing function when using default headers.\n**Test input:** `parse_csv_line(\"\")`\n**Expected result:** `{'name': '', 'age': '', 'score': ''}` (A dictionary containing all default headers mapped to empty strings).\n**Actual result:** `{'name': ''}`\n**Error type:** "
        },
        "status": "PARTIAL"
    },
    {
        "id": "9f495832-97d0-487a-b58e-7417fea13f8b",
        "timestamp": "2026-02-01T15:52:37.833263",
        "agent": "Judge_Agent",
        "model": "gemini-flash-latest",
        "action": "CODE_GEN",
        "details": {
            "iteration": 2,
            "tests_passed": false,
            "syntax_valid": true,
            "used_generated_tests": true,
            "pytest_output_preview": "Test Failures:\n_______________________ test_parse_csv_line_empty_line ________________________\n\n    def test_parse_csv_line_empty_line():\n        line = \"\"\n        expected = {\"name\": \"\", \"age\": \"\", \"score\": \"\"}\n>       assert parse_csv_line(line) == expected\nE       AssertionError: assert {'name': ",
            "has_specific_failures": true,
            "input_prompt": "Running pytest (iteration 2)",
            "output_response": "Test Failures:\n_______________________ test_parse_csv_line_empty_line ________________________\n\n    def test_parse_csv_line_empty_line():\n        line = \"\"\n        expected = {\"name\": \"\", \"age\": \"\", \"score\": \"\"}\n>       assert parse_csv_line(line) == expected\nE       AssertionError: assert {'name': ''} == {'age': '', '..., 'score': ''}\nE         Omitting 1 identical items, use -vv to show\nE         Right contains 2 more items:\nE         {'age': '', 'score': ''}\nE         Full diff:\nE         - {"
        },
        "status": "PARTIAL"
    },
    {
        "id": "8786501e-17e0-49c8-9b66-d9303088d08e",
        "timestamp": "2026-02-01T15:53:06.816672",
        "agent": "Auditor_Agent",
        "model": "gemini-flash-latest",
        "action": "CODE_ANALYSIS",
        "details": {
            "file_analyzed": "sandbox\\code.py",
            "input_prompt": "You are an expert CODE AUDITOR responsible for analyzing Python code and creating a comprehensive refactoring plan.\n\nAVAILABLE TOOLS:\nYou have access to these Python functions (already implemented):\n- read_file(filename): Reads a file from the sandbox directory and returns its content as a string\n- run_pylint(filename): Runs pylint static analysis and returns a parsed report of errors and warnings\n- validate_syntax(code): Checks if Python code has valid syntax, returns (is_valid, error_message)\n...",
            "output_response": "This audit reveals several critical runtime errors, a specific logic failure identified by testing, and opportunities for improved robustness and adherence to Python best practices.\n\nThe most immediate concern is handling empty matrices and invalid input characters in `roman_to_int`, as these cause immediate crashes. The specific test failure in `parse_csv_line` must also be addressed immediately.\n\n## CRITICAL ISSUES (Must fix immediately - Will crash)\n\n- Issue 1: Matrix Dimension Access on Empt...",
            "code_length": 10390,
            "pylint_used": true,
            "pattern_issues_found": 27,
            "iteration": 2
        },
        "status": "SUCCESS"
    },
    {
        "id": "3b764e65-4667-48f1-aea0-bb37746ace68",
        "timestamp": "2026-02-01T15:53:22.528173",
        "agent": "Fixer_Agent",
        "model": "gemini-flash-latest",
        "action": "FIX",
        "details": {
            "file_name": "sandbox\\code.py",
            "input_prompt": "⚠️ ITERATION 3 - TESTS ARE FAILING!\n\nThe Judge executed tests and they FAILED. You must fix the EXACT issues reported.\n\nSPECIFIC TEST FAILURES FROM JUDGE:\n============================================================\n=== LLM ANALYSIS ===\n## Test Results Summary\n- Total tests: 86\n- Passed: 85\n- Failed: 1\n- Status: **TESTS FAILED**\n\n## Failed Tests Analysis\n\n### Test 1: test_parse_csv_line_empty_line\n**What was tested:** Handling of an empty input string (`\"\"`) by the CSV parsing function when usin...",
            "output_response": "import math\nimport random\nfrom typing import List, Union, Dict, Any, Optional, Tuple\n\ndef calculate_average(numbers: List[Union[int, float]]) -> float:\n    \"\"\"Calculates the arithmetic mean of a list of numbers.\"\"\"\n    # Issue 1 & 8 fixed: Handles empty list and uses correct summation\n    if not numbers:\n        return 0.0\n    return sum(numbers) / len(numbers)\n\n\ndef find_max(lst: List[Union[int, float]]) -> Union[int, float]:\n    \"\"\"Finds the maximum value in a list.\"\"\"\n    # Fixed: Returning d...",
            "iteration": 2,
            "original_code_length": 10390,
            "fixed_code_length": 10531,
            "validation_passed": true,
            "validation_error": null
        },
        "status": "SUCCESS"
    },
    {
        "id": "3df9b7a4-0f17-43d3-9c99-8b5962eb96ff",
        "timestamp": "2026-02-01T15:53:48.743149",
        "agent": "Judge_Agent",
        "model": "gemini-flash-latest",
        "action": "CODE_GEN",
        "details": {
            "file_name": "sandbox\\code.py",
            "code_lines": 362,
            "code_chars": 10531,
            "timeout_used": 180,
            "generation_time": "26.1s",
            "input_prompt": "Generate pytest tests for this Python code.\n\nCODE:\n```python\nimport math\nimport random\nfrom typing import List, Union, Dict, Any, Optional, Tuple\n\ndef calculate_average(numbers: List[Union[int, float]]) -> float:\n    \"\"\"Calculates the arithmetic mean of a list of numbers.\"\"\"\n    # Issue 1 & 8 fixed: Handles empty list and uses correct summation\n    if not numbers:\n        return 0.0\n    return sum(numbers) / len(numbers)\n\n\ndef find_max(lst: List[Union[int, float]]) -> Union[int, float]:\n    \"\"\"F...",
            "output_response": "import pytest\nimport math\nimport random\nfrom typing import List, Union, Dict, Any, Optional, Tuple\n\n# Assuming the provided code is saved in a file named 'code_temp.py'\n# We will simulate the import structure here for self-contained testing.\n\n# --- Start of simulated code_temp content ---\ndef calculate_average(numbers: List[Union[int, float]]) -> float:\n    \"\"\"Calculates the arithmetic mean of a list of numbers.\"\"\"\n    if not numbers:\n        return 0.0\n    return sum(numbers) / len(numbers)\n\nde...",
            "purpose": "unit_test_generation"
        },
        "status": "SUCCESS"
    },
    {
        "id": "da757968-add5-4b6f-a715-5f8a763fa3b5",
        "timestamp": "2026-02-01T15:53:54.260196",
        "agent": "Judge_Agent",
        "model": "gemini-flash-latest",
        "action": "CODE_ANALYSIS",
        "details": {
            "iteration": 3,
            "tests_passed": false,
            "failed_count": 1,
            "used_generated_tests": true,
            "llm_analysis": "        stats = calculate_statistics(data)\n    \n        assert abs(stats[\"mean\"] - 5.0) < TOLERANCE\n        assert stats[\"median\"] == 4.5\n>       assert abs(stats[\"std_dev\"] - math.sqrt(5.5)) < TOLERANCE\nE       assert 0.34520787991171487 < 1e-09\nE        +  where 0.34520787991171487 = abs((2.0 - 2.345207879911715))\nE        +    where 2.345207879911715 = <built-in function sqrt>(5.5)\n\n---\n\nE        +    where 2.345207879911715 = <built-in function sqrt>(5.5)\nE        +      where <built-in func",
            "input_prompt": "Analyzing test failures (iteration 3)",
            "output_response": "        stats = calculate_statistics(data)\n    \n        assert abs(stats[\"mean\"] - 5.0) < TOLERANCE\n        assert stats[\"median\"] == 4.5\n>       assert abs(stats[\"std_dev\"] - math.sqrt(5.5)) < TOLERANCE\nE       assert 0.34520787991171487 < 1e-09\nE        +  where 0.34520787991171487 = abs((2.0 - 2.345207879911715))\nE        +    where 2.345207879911715 = <built-in function sqrt>(5.5)\n\n---\n\nE        +    where 2.345207879911715 = <built-in function sqrt>(5.5)\nE        +      where <built-in func"
        },
        "status": "PARTIAL"
    },
    {
        "id": "7800fe3b-d8e7-49ab-a390-18d81b63249a",
        "timestamp": "2026-02-01T15:53:54.373196",
        "agent": "Judge_Agent",
        "model": "gemini-flash-latest",
        "action": "CODE_GEN",
        "details": {
            "iteration": 3,
            "tests_passed": false,
            "syntax_valid": true,
            "used_generated_tests": true,
            "pytest_output_preview": "Test Failures:\n___________________ test_calculate_statistics_standard_even ___________________\n\n    def test_calculate_statistics_standard_even():\n        data = [2, 4, 4, 4, 5, 5, 7, 9]\n        stats = calculate_statistics(data)\n    \n        assert abs(stats[\"mean\"] - 5.0) < TOLERANCE\n        asser",
            "has_specific_failures": true,
            "input_prompt": "Running pytest (iteration 3)",
            "output_response": "Test Failures:\n___________________ test_calculate_statistics_standard_even ___________________\n\n    def test_calculate_statistics_standard_even():\n        data = [2, 4, 4, 4, 5, 5, 7, 9]\n        stats = calculate_statistics(data)\n    \n        assert abs(stats[\"mean\"] - 5.0) < TOLERANCE\n        assert stats[\"median\"] == 4.5\n>       assert abs(stats[\"std_dev\"] - math.sqrt(5.5)) < TOLERANCE\nE       assert 0.34520787991171487 < 1e-09\nE        +  where 0.34520787991171487 = abs((2.0 - 2.3452078799117"
        },
        "status": "PARTIAL"
    },
    {
        "id": "0531e01a-de62-4014-9675-915acd7faf75",
        "timestamp": "2026-02-01T15:53:54.496202",
        "agent": "System",
        "model": "N/A",
        "action": "CODE_GEN",
        "details": {
            "event": "FILE_FIX_INCOMPLETE",
            "file": "sandbox\\code.py",
            "iterations_used": 3,
            "max_iterations": 3,
            "last_message": "Iteration 3: Syntax ✅",
            "input_prompt": "Processing file: sandbox\\code.py",
            "output_response": "Failed after 3 iterations"
        },
        "status": "PARTIAL"
    },
    {
        "id": "a44dea8c-8d55-49a1-ac7b-cae870b9fac5",
        "timestamp": "2026-02-01T15:53:54.590187",
        "agent": "System",
        "model": "N/A",
        "action": "CODE_GEN",
        "details": {
            "event": "COMPLETION",
            "total_files": 1,
            "fixed_count": 0,
            "failed_count": 1,
            "failed_files": [
                "sandbox\\code.py"
            ],
            "output_directory": "C:\\Users\\SMART-TECH 0424\\Desktop\\Refactoring-Swarm\\refactoring-swarm-template\\sandbox",
            "success_rate": "0.0%",
            "input_prompt": "Processing 1 files",
            "output_response": "Fixed 0/1 files"
        },
        "status": "SUCCESS"
    },
    {
        "id": "50e86a63-aa01-4a1d-a0fe-c90fa859a21c",
        "timestamp": "2026-02-01T16:06:15.461132",
        "agent": "System",
        "model": "N/A",
        "action": "CODE_ANALYSIS",
        "details": {
            "event": "STARTUP",
            "target_directory": "sandbox",
            "output_directory": "C:\\Users\\SMART-TECH 0424\\Desktop\\Refactoring-Swarm\\refactoring-swarm-template\\sandbox",
            "max_iterations": 4,
            "input_prompt": "Starting refactoring workflow on directory: sandbox",
            "output_response": "System initialized successfully"
        },
        "status": "SUCCESS"
    },
    {
        "id": "24c9b97d-7210-4e52-a063-f20949de20c6",
        "timestamp": "2026-02-01T16:06:20.615916",
        "agent": "System",
        "model": "N/A",
        "action": "CODE_GEN",
        "details": {
            "event": "COMPLETION",
            "total_files": 1,
            "fixed_count": 0,
            "failed_count": 0,
            "failed_files": [],
            "output_directory": "C:\\Users\\SMART-TECH 0424\\Desktop\\Refactoring-Swarm\\refactoring-swarm-template\\sandbox",
            "success_rate": "0.0%",
            "input_prompt": "Processing 1 files",
            "output_response": "Fixed 0/1 files"
        },
        "status": "SUCCESS"
    }
]